2023-08-22 21:58:21.971 [main] WARN  o.s.core.LocalVariableTableParameterNameDiscoverer.inspectClass:123 - Using deprecated '-debug' fallback for parameter name resolution. Compile the affected code with '-parameters' instead or avoid its introspection: lab.base.util.aspect.LogAspect
2023-08-22 21:58:21.973 [main] WARN  o.s.core.LocalVariableTableParameterNameDiscoverer.inspectClass:123 - Using deprecated '-debug' fallback for parameter name resolution. Compile the affected code with '-parameters' instead or avoid its introspection: lab.base.util.aspect.LogAspect
2023-08-22 21:58:22.601 [main] WARN  io.undertow.websockets.jsr.handleDeployment:68 - UT026010: Buffer pool was not set on WebSocketDeploymentInfo, the default pool will be used
2023-08-22 21:58:25.234 [main] WARN  o.s.b.a.freemarker.FreeMarkerAutoConfiguration.checkTemplateLocationExists:67 - Cannot find template location(s): [classpath:/templates/] (please add some templates, check your FreeMarker configuration, or set spring.freemarker.check-template-location=false)
2023-08-22 22:06:28.510 [main] WARN  o.s.core.LocalVariableTableParameterNameDiscoverer.inspectClass:123 - Using deprecated '-debug' fallback for parameter name resolution. Compile the affected code with '-parameters' instead or avoid its introspection: lab.base.util.aspect.LogAspect
2023-08-22 22:06:28.511 [main] WARN  o.s.core.LocalVariableTableParameterNameDiscoverer.inspectClass:123 - Using deprecated '-debug' fallback for parameter name resolution. Compile the affected code with '-parameters' instead or avoid its introspection: lab.base.util.aspect.LogAspect
2023-08-22 22:06:29.150 [main] WARN  io.undertow.websockets.jsr.handleDeployment:68 - UT026010: Buffer pool was not set on WebSocketDeploymentInfo, the default pool will be used
2023-08-22 22:06:32.152 [main] WARN  o.s.b.a.freemarker.FreeMarkerAutoConfiguration.checkTemplateLocationExists:67 - Cannot find template location(s): [classpath:/templates/] (please add some templates, check your FreeMarker configuration, or set spring.freemarker.check-template-location=false)
2023-08-22 22:47:04.194 [main] WARN  o.s.core.LocalVariableTableParameterNameDiscoverer.inspectClass:123 - Using deprecated '-debug' fallback for parameter name resolution. Compile the affected code with '-parameters' instead or avoid its introspection: lab.base.util.aspect.LogAspect
2023-08-22 22:47:04.196 [main] WARN  o.s.core.LocalVariableTableParameterNameDiscoverer.inspectClass:123 - Using deprecated '-debug' fallback for parameter name resolution. Compile the affected code with '-parameters' instead or avoid its introspection: lab.base.util.aspect.LogAspect
2023-08-22 22:47:04.898 [main] WARN  io.undertow.websockets.jsr.handleDeployment:68 - UT026010: Buffer pool was not set on WebSocketDeploymentInfo, the default pool will be used
2023-08-22 22:47:07.429 [main] WARN  o.s.b.a.freemarker.FreeMarkerAutoConfiguration.checkTemplateLocationExists:67 - Cannot find template location(s): [classpath:/templates/] (please add some templates, check your FreeMarker configuration, or set spring.freemarker.check-template-location=false)
2023-08-22 22:47:19.370 [main] WARN  o.s.core.LocalVariableTableParameterNameDiscoverer.inspectClass:123 - Using deprecated '-debug' fallback for parameter name resolution. Compile the affected code with '-parameters' instead or avoid its introspection: lab.base.util.aspect.LogAspect
2023-08-22 22:47:19.372 [main] WARN  o.s.core.LocalVariableTableParameterNameDiscoverer.inspectClass:123 - Using deprecated '-debug' fallback for parameter name resolution. Compile the affected code with '-parameters' instead or avoid its introspection: lab.base.util.aspect.LogAspect
2023-08-22 22:47:20.040 [main] WARN  io.undertow.websockets.jsr.handleDeployment:68 - UT026010: Buffer pool was not set on WebSocketDeploymentInfo, the default pool will be used
2023-08-22 22:47:22.866 [main] WARN  o.s.b.a.freemarker.FreeMarkerAutoConfiguration.checkTemplateLocationExists:67 - Cannot find template location(s): [classpath:/templates/] (please add some templates, check your FreeMarker configuration, or set spring.freemarker.check-template-location=false)
2023-08-22 22:48:38.410 [main] WARN  o.s.core.LocalVariableTableParameterNameDiscoverer.inspectClass:123 - Using deprecated '-debug' fallback for parameter name resolution. Compile the affected code with '-parameters' instead or avoid its introspection: lab.base.util.aspect.LogAspect
2023-08-22 22:48:38.411 [main] WARN  o.s.core.LocalVariableTableParameterNameDiscoverer.inspectClass:123 - Using deprecated '-debug' fallback for parameter name resolution. Compile the affected code with '-parameters' instead or avoid its introspection: lab.base.util.aspect.LogAspect
2023-08-22 22:48:39.028 [main] WARN  io.undertow.websockets.jsr.handleDeployment:68 - UT026010: Buffer pool was not set on WebSocketDeploymentInfo, the default pool will be used
2023-08-22 22:48:41.510 [main] WARN  o.s.b.a.freemarker.FreeMarkerAutoConfiguration.checkTemplateLocationExists:67 - Cannot find template location(s): [classpath:/templates/] (please add some templates, check your FreeMarker configuration, or set spring.freemarker.check-template-location=false)
2023-08-22 22:52:36.399 [main] WARN  o.s.core.LocalVariableTableParameterNameDiscoverer.inspectClass:123 - Using deprecated '-debug' fallback for parameter name resolution. Compile the affected code with '-parameters' instead or avoid its introspection: lab.base.util.aspect.LogAspect
2023-08-22 22:52:36.400 [main] WARN  o.s.core.LocalVariableTableParameterNameDiscoverer.inspectClass:123 - Using deprecated '-debug' fallback for parameter name resolution. Compile the affected code with '-parameters' instead or avoid its introspection: lab.base.util.aspect.LogAspect
2023-08-22 22:52:37.026 [main] WARN  io.undertow.websockets.jsr.handleDeployment:68 - UT026010: Buffer pool was not set on WebSocketDeploymentInfo, the default pool will be used
2023-08-22 22:52:39.645 [main] WARN  o.s.b.a.freemarker.FreeMarkerAutoConfiguration.checkTemplateLocationExists:67 - Cannot find template location(s): [classpath:/templates/] (please add some templates, check your FreeMarker configuration, or set spring.freemarker.check-template-location=false)
2023-08-22 22:53:03.440 [XNIO-1 task-6] WARN  o.s.core.LocalVariableTableParameterNameDiscoverer.inspectClass:123 - Using deprecated '-debug' fallback for parameter name resolution. Compile the affected code with '-parameters' instead or avoid its introspection: lab.controller.userController
2023-08-22 22:53:03.672 [XNIO-1 task-6] WARN  o.s.core.LocalVariableTableParameterNameDiscoverer.inspectClass:123 - Using deprecated '-debug' fallback for parameter name resolution. Compile the affected code with '-parameters' instead or avoid its introspection: lab.controller.sqlController
2023-08-22 22:53:03.698 [XNIO-1 task-6] WARN  o.s.core.LocalVariableTableParameterNameDiscoverer.inspectClass:123 - Using deprecated '-debug' fallback for parameter name resolution. Compile the affected code with '-parameters' instead or avoid its introspection: lab.controller.roleController
2023-08-22 22:53:03.748 [XNIO-1 task-6] WARN  o.s.core.LocalVariableTableParameterNameDiscoverer.inspectClass:123 - Using deprecated '-debug' fallback for parameter name resolution. Compile the affected code with '-parameters' instead or avoid its introspection: lab.controller.LoginController
2023-08-22 23:07:00.018 [main] WARN  o.s.core.LocalVariableTableParameterNameDiscoverer.inspectClass:123 - Using deprecated '-debug' fallback for parameter name resolution. Compile the affected code with '-parameters' instead or avoid its introspection: lab.base.util.aspect.LogAspect
2023-08-22 23:07:00.020 [main] WARN  o.s.core.LocalVariableTableParameterNameDiscoverer.inspectClass:123 - Using deprecated '-debug' fallback for parameter name resolution. Compile the affected code with '-parameters' instead or avoid its introspection: lab.base.util.aspect.LogAspect
2023-08-22 23:07:00.684 [main] WARN  io.undertow.websockets.jsr.handleDeployment:68 - UT026010: Buffer pool was not set on WebSocketDeploymentInfo, the default pool will be used
2023-08-22 23:07:03.563 [main] WARN  o.s.b.a.freemarker.FreeMarkerAutoConfiguration.checkTemplateLocationExists:67 - Cannot find template location(s): [classpath:/templates/] (please add some templates, check your FreeMarker configuration, or set spring.freemarker.check-template-location=false)
2023-08-22 23:07:15.551 [main] WARN  o.s.core.LocalVariableTableParameterNameDiscoverer.inspectClass:123 - Using deprecated '-debug' fallback for parameter name resolution. Compile the affected code with '-parameters' instead or avoid its introspection: lab.base.util.aspect.LogAspect
2023-08-22 23:07:15.553 [main] WARN  o.s.core.LocalVariableTableParameterNameDiscoverer.inspectClass:123 - Using deprecated '-debug' fallback for parameter name resolution. Compile the affected code with '-parameters' instead or avoid its introspection: lab.base.util.aspect.LogAspect
2023-08-22 23:07:16.362 [main] WARN  io.undertow.websockets.jsr.handleDeployment:68 - UT026010: Buffer pool was not set on WebSocketDeploymentInfo, the default pool will be used
2023-08-22 23:07:19.237 [main] WARN  o.s.b.a.freemarker.FreeMarkerAutoConfiguration.checkTemplateLocationExists:67 - Cannot find template location(s): [classpath:/templates/] (please add some templates, check your FreeMarker configuration, or set spring.freemarker.check-template-location=false)
2023-08-22 23:24:53.820 [main] WARN  o.s.core.LocalVariableTableParameterNameDiscoverer.inspectClass:123 - Using deprecated '-debug' fallback for parameter name resolution. Compile the affected code with '-parameters' instead or avoid its introspection: lab.base.util.aspect.LogAspect
2023-08-22 23:24:53.821 [main] WARN  o.s.core.LocalVariableTableParameterNameDiscoverer.inspectClass:123 - Using deprecated '-debug' fallback for parameter name resolution. Compile the affected code with '-parameters' instead or avoid its introspection: lab.base.util.aspect.LogAspect
2023-08-22 23:24:54.541 [main] WARN  io.undertow.websockets.jsr.handleDeployment:68 - UT026010: Buffer pool was not set on WebSocketDeploymentInfo, the default pool will be used
2023-08-22 23:24:57.272 [main] WARN  o.s.b.a.freemarker.FreeMarkerAutoConfiguration.checkTemplateLocationExists:67 - Cannot find template location(s): [classpath:/templates/] (please add some templates, check your FreeMarker configuration, or set spring.freemarker.check-template-location=false)
