2023-10-17 01:13:23.101 [main] ERROR o.f.engine.impl.bpmn.deployer.ParsedDeploymentBuilder.createBpmnParseFromResource:99 - Could not parse resource F:\IdeaProjects\standardLab\out\production\resources\processes\test.bpmn20.xml
org.flowable.bpmn.exceptions.XMLException: javax.xml.transform.TransformerException: javax.xml.stream.XMLStreamException: org.xml.sax.SAXParseException; lineNumber: 16; columnNumber: 98; cvc-complex-type.4: 元素 'sequenceFlow' 中必须包含属性 'targetRef'。
	at org.flowable.bpmn.converter.BpmnXMLConverter.convertToBpmnModel(BpmnXMLConverter.java:281)
	at org.flowable.engine.impl.bpmn.parser.BpmnParse.execute(BpmnParse.java:148)
	at org.flowable.engine.impl.bpmn.deployer.ParsedDeploymentBuilder.createBpmnParseFromResource(ParsedDeploymentBuilder.java:97)
	at org.flowable.engine.impl.bpmn.deployer.ParsedDeploymentBuilder.build(ParsedDeploymentBuilder.java:55)
	at org.flowable.engine.impl.bpmn.deployer.BpmnDeployer.deploy(BpmnDeployer.java:78)
	at org.flowable.engine.impl.persistence.deploy.DeploymentManager.deploy(DeploymentManager.java:62)
	at org.flowable.engine.impl.cmd.DeployCmd.executeDeploy(DeployCmd.java:135)
	at org.flowable.engine.impl.cmd.DeployCmd.execute(DeployCmd.java:70)
	at org.flowable.engine.impl.cmd.DeployCmd.execute(DeployCmd.java:45)
	at org.flowable.engine.impl.interceptor.CommandInvoker$1.run(CommandInvoker.java:67)
	at org.flowable.engine.impl.interceptor.CommandInvoker.executeOperation(CommandInvoker.java:140)
	at org.flowable.engine.impl.interceptor.CommandInvoker.executeOperations(CommandInvoker.java:114)
	at org.flowable.engine.impl.interceptor.CommandInvoker.execute(CommandInvoker.java:72)
	at org.flowable.engine.impl.interceptor.BpmnOverrideContextInterceptor.execute(BpmnOverrideContextInterceptor.java:26)
	at org.flowable.common.engine.impl.interceptor.TransactionContextInterceptor.execute(TransactionContextInterceptor.java:53)
	at org.flowable.common.engine.impl.interceptor.CommandContextInterceptor.execute(CommandContextInterceptor.java:105)
	at org.flowable.common.spring.SpringTransactionInterceptor.lambda$execute$0(SpringTransactionInterceptor.java:57)
	at org.springframework.transaction.support.TransactionTemplate.execute(TransactionTemplate.java:140)
	at org.flowable.common.spring.SpringTransactionInterceptor.execute(SpringTransactionInterceptor.java:57)
	at org.flowable.common.engine.impl.interceptor.LogInterceptor.execute(LogInterceptor.java:35)
	at org.flowable.common.engine.impl.cfg.CommandExecutorImpl.execute(CommandExecutorImpl.java:56)
	at org.flowable.common.engine.impl.cfg.CommandExecutorImpl.execute(CommandExecutorImpl.java:51)
	at org.flowable.engine.impl.RepositoryServiceImpl.deploy(RepositoryServiceImpl.java:99)
	at org.flowable.engine.impl.repository.DeploymentBuilderImpl.deploy(DeploymentBuilderImpl.java:212)
	at org.flowable.spring.configurator.DefaultAutoDeploymentStrategy.deployResourcesInternal(DefaultAutoDeploymentStrategy.java:65)
	at org.flowable.spring.configurator.DefaultAutoDeploymentStrategy.deployResourcesInternal(DefaultAutoDeploymentStrategy.java:32)
	at org.flowable.common.spring.CommonAutoDeploymentStrategy.deployResources(CommonAutoDeploymentStrategy.java:94)
	at org.flowable.spring.SpringProcessEngineConfiguration.autoDeployResources(SpringProcessEngineConfiguration.java:132)
	at org.flowable.spring.SpringProcessEngineConfiguration.lambda$start$0(SpringProcessEngineConfiguration.java:231)
	at java.base/java.util.ArrayList.forEach(ArrayList.java:1511)
	at org.flowable.spring.SpringProcessEngineConfiguration.start(SpringProcessEngineConfiguration.java:228)
	at org.springframework.context.support.DefaultLifecycleProcessor.doStart(DefaultLifecycleProcessor.java:178)
	at org.springframework.context.support.DefaultLifecycleProcessor$LifecycleGroup.start(DefaultLifecycleProcessor.java:356)
	at java.base/java.lang.Iterable.forEach(Iterable.java:75)
	at org.springframework.context.support.DefaultLifecycleProcessor.startBeans(DefaultLifecycleProcessor.java:155)
	at org.springframework.context.support.DefaultLifecycleProcessor.onRefresh(DefaultLifecycleProcessor.java:123)
	at org.springframework.context.support.AbstractApplicationContext.finishRefresh(AbstractApplicationContext.java:957)
	at org.springframework.context.support.AbstractApplicationContext.refresh(AbstractApplicationContext.java:611)
	at org.springframework.boot.web.servlet.context.ServletWebServerApplicationContext.refresh(ServletWebServerApplicationContext.java:146)
	at org.springframework.boot.SpringApplication.refresh(SpringApplication.java:734)
	at org.springframework.boot.SpringApplication.refreshContext(SpringApplication.java:436)
	at org.springframework.boot.SpringApplication.run(SpringApplication.java:312)
	at org.springframework.boot.SpringApplication.run(SpringApplication.java:1306)
	at org.springframework.boot.SpringApplication.run(SpringApplication.java:1295)
	at lab.StandardLabApplication.main(StandardLabApplication.java:17)
Caused by: org.xml.sax.SAXException: javax.xml.transform.TransformerException: javax.xml.stream.XMLStreamException: org.xml.sax.SAXParseException; lineNumber: 16; columnNumber: 98; cvc-complex-type.4: 元素 'sequenceFlow' 中必须包含属性 'targetRef'。
	at java.xml/com.sun.org.apache.xerces.internal.jaxp.validation.StAXValidatorHelper.validate(StAXValidatorHelper.java:107)
	at java.xml/com.sun.org.apache.xerces.internal.jaxp.validation.ValidatorImpl.validate(ValidatorImpl.java:122)
	at java.xml/javax.xml.validation.Validator.validate(Validator.java:124)
	at org.flowable.bpmn.converter.BpmnXMLConverter.validateModel(BpmnXMLConverter.java:230)
	at org.flowable.bpmn.converter.BpmnXMLConverter.convertToBpmnModel(BpmnXMLConverter.java:274)
	... 44 common frames omitted
Caused by: javax.xml.transform.TransformerException: javax.xml.stream.XMLStreamException: org.xml.sax.SAXParseException; lineNumber: 16; columnNumber: 98; cvc-complex-type.4: 元素 'sequenceFlow' 中必须包含属性 'targetRef'。
	at java.xml/com.sun.org.apache.xalan.internal.xsltc.trax.TransformerImpl.transform(TransformerImpl.java:792)
	at java.xml/com.sun.org.apache.xalan.internal.xsltc.trax.TransformerImpl.transform(TransformerImpl.java:395)
	at java.xml/com.sun.org.apache.xerces.internal.jaxp.validation.StAXValidatorHelper.validate(StAXValidatorHelper.java:103)
	... 48 common frames omitted
Caused by: javax.xml.stream.XMLStreamException: org.xml.sax.SAXParseException; lineNumber: 16; columnNumber: 98; cvc-complex-type.4: 元素 'sequenceFlow' 中必须包含属性 'targetRef'。
	at java.xml/com.sun.org.apache.xalan.internal.xsltc.trax.StAXStream2SAX.handleEndElement(StAXStream2SAX.java:333)
	at java.xml/com.sun.org.apache.xalan.internal.xsltc.trax.StAXStream2SAX.bridge(StAXStream2SAX.java:167)
	at java.xml/com.sun.org.apache.xalan.internal.xsltc.trax.StAXStream2SAX.parse(StAXStream2SAX.java:104)
	at java.xml/com.sun.org.apache.xalan.internal.xsltc.trax.TransformerImpl.transformIdentity(TransformerImpl.java:713)
	at java.xml/com.sun.org.apache.xalan.internal.xsltc.trax.TransformerImpl.transform(TransformerImpl.java:780)
	... 50 common frames omitted
Caused by: org.xml.sax.SAXParseException: cvc-complex-type.4: 元素 'sequenceFlow' 中必须包含属性 'targetRef'。
	at java.xml/com.sun.org.apache.xerces.internal.util.ErrorHandlerWrapper.createSAXParseException(ErrorHandlerWrapper.java:204)
	at java.xml/com.sun.org.apache.xerces.internal.util.ErrorHandlerWrapper.error(ErrorHandlerWrapper.java:135)
	at java.xml/com.sun.org.apache.xerces.internal.impl.XMLErrorReporter.reportError(XMLErrorReporter.java:396)
	at java.xml/com.sun.org.apache.xerces.internal.impl.XMLErrorReporter.reportError(XMLErrorReporter.java:327)
	at java.xml/com.sun.org.apache.xerces.internal.impl.XMLErrorReporter.reportError(XMLErrorReporter.java:284)
	at java.xml/com.sun.org.apache.xerces.internal.impl.xs.XMLSchemaValidator$XSIErrorReporter.reportError(XMLSchemaValidator.java:512)
	at java.xml/com.sun.org.apache.xerces.internal.impl.xs.XMLSchemaValidator.reportSchemaError(XMLSchemaValidator.java:3600)
	at java.xml/com.sun.org.apache.xerces.internal.impl.xs.XMLSchemaValidator.addDefaultAttributes(XMLSchemaValidator.java:3221)
	at java.xml/com.sun.org.apache.xerces.internal.impl.xs.XMLSchemaValidator.handleStartElement(XMLSchemaValidator.java:2291)
	at java.xml/com.sun.org.apache.xerces.internal.impl.xs.XMLSchemaValidator.startElement(XMLSchemaValidator.java:830)
	at java.xml/com.sun.org.apache.xerces.internal.jaxp.validation.ValidatorHandlerImpl.startElement(ValidatorHandlerImpl.java:571)
	at java.xml/com.sun.org.apache.xml.internal.serializer.ToXMLSAXHandler.closeStartTag(ToXMLSAXHandler.java:206)
	at java.xml/com.sun.org.apache.xml.internal.serializer.ToSAXHandler.flushPending(ToSAXHandler.java:250)
	at java.xml/com.sun.org.apache.xml.internal.serializer.ToXMLSAXHandler.endElement(ToXMLSAXHandler.java:245)
	at java.xml/com.sun.org.apache.xalan.internal.xsltc.trax.StAXStream2SAX.handleEndElement(StAXStream2SAX.java:318)
	... 54 common frames omitted
2023-10-17 01:13:23.107 [main] ERROR o.flowable.common.engine.impl.interceptor.CommandContext.logException:125 - Error while closing command context
org.flowable.bpmn.exceptions.XMLException: javax.xml.transform.TransformerException: javax.xml.stream.XMLStreamException: org.xml.sax.SAXParseException; lineNumber: 16; columnNumber: 98; cvc-complex-type.4: 元素 'sequenceFlow' 中必须包含属性 'targetRef'。
	at org.flowable.bpmn.converter.BpmnXMLConverter.convertToBpmnModel(BpmnXMLConverter.java:281)
	at org.flowable.engine.impl.bpmn.parser.BpmnParse.execute(BpmnParse.java:148)
	at org.flowable.engine.impl.bpmn.deployer.ParsedDeploymentBuilder.createBpmnParseFromResource(ParsedDeploymentBuilder.java:97)
	at org.flowable.engine.impl.bpmn.deployer.ParsedDeploymentBuilder.build(ParsedDeploymentBuilder.java:55)
	at org.flowable.engine.impl.bpmn.deployer.BpmnDeployer.deploy(BpmnDeployer.java:78)
	at org.flowable.engine.impl.persistence.deploy.DeploymentManager.deploy(DeploymentManager.java:62)
	at org.flowable.engine.impl.cmd.DeployCmd.executeDeploy(DeployCmd.java:135)
	at org.flowable.engine.impl.cmd.DeployCmd.execute(DeployCmd.java:70)
	at org.flowable.engine.impl.cmd.DeployCmd.execute(DeployCmd.java:45)
	at org.flowable.engine.impl.interceptor.CommandInvoker$1.run(CommandInvoker.java:67)
	at org.flowable.engine.impl.interceptor.CommandInvoker.executeOperation(CommandInvoker.java:140)
	at org.flowable.engine.impl.interceptor.CommandInvoker.executeOperations(CommandInvoker.java:114)
	at org.flowable.engine.impl.interceptor.CommandInvoker.execute(CommandInvoker.java:72)
	at org.flowable.engine.impl.interceptor.BpmnOverrideContextInterceptor.execute(BpmnOverrideContextInterceptor.java:26)
	at org.flowable.common.engine.impl.interceptor.TransactionContextInterceptor.execute(TransactionContextInterceptor.java:53)
	at org.flowable.common.engine.impl.interceptor.CommandContextInterceptor.execute(CommandContextInterceptor.java:105)
	at org.flowable.common.spring.SpringTransactionInterceptor.lambda$execute$0(SpringTransactionInterceptor.java:57)
	at org.springframework.transaction.support.TransactionTemplate.execute(TransactionTemplate.java:140)
	at org.flowable.common.spring.SpringTransactionInterceptor.execute(SpringTransactionInterceptor.java:57)
	at org.flowable.common.engine.impl.interceptor.LogInterceptor.execute(LogInterceptor.java:35)
	at org.flowable.common.engine.impl.cfg.CommandExecutorImpl.execute(CommandExecutorImpl.java:56)
	at org.flowable.common.engine.impl.cfg.CommandExecutorImpl.execute(CommandExecutorImpl.java:51)
	at org.flowable.engine.impl.RepositoryServiceImpl.deploy(RepositoryServiceImpl.java:99)
	at org.flowable.engine.impl.repository.DeploymentBuilderImpl.deploy(DeploymentBuilderImpl.java:212)
	at org.flowable.spring.configurator.DefaultAutoDeploymentStrategy.deployResourcesInternal(DefaultAutoDeploymentStrategy.java:65)
	at org.flowable.spring.configurator.DefaultAutoDeploymentStrategy.deployResourcesInternal(DefaultAutoDeploymentStrategy.java:32)
	at org.flowable.common.spring.CommonAutoDeploymentStrategy.deployResources(CommonAutoDeploymentStrategy.java:94)
	at org.flowable.spring.SpringProcessEngineConfiguration.autoDeployResources(SpringProcessEngineConfiguration.java:132)
	at org.flowable.spring.SpringProcessEngineConfiguration.lambda$start$0(SpringProcessEngineConfiguration.java:231)
	at java.base/java.util.ArrayList.forEach(ArrayList.java:1511)
	at org.flowable.spring.SpringProcessEngineConfiguration.start(SpringProcessEngineConfiguration.java:228)
	at org.springframework.context.support.DefaultLifecycleProcessor.doStart(DefaultLifecycleProcessor.java:178)
	at org.springframework.context.support.DefaultLifecycleProcessor$LifecycleGroup.start(DefaultLifecycleProcessor.java:356)
	at java.base/java.lang.Iterable.forEach(Iterable.java:75)
	at org.springframework.context.support.DefaultLifecycleProcessor.startBeans(DefaultLifecycleProcessor.java:155)
	at org.springframework.context.support.DefaultLifecycleProcessor.onRefresh(DefaultLifecycleProcessor.java:123)
	at org.springframework.context.support.AbstractApplicationContext.finishRefresh(AbstractApplicationContext.java:957)
	at org.springframework.context.support.AbstractApplicationContext.refresh(AbstractApplicationContext.java:611)
	at org.springframework.boot.web.servlet.context.ServletWebServerApplicationContext.refresh(ServletWebServerApplicationContext.java:146)
	at org.springframework.boot.SpringApplication.refresh(SpringApplication.java:734)
	at org.springframework.boot.SpringApplication.refreshContext(SpringApplication.java:436)
	at org.springframework.boot.SpringApplication.run(SpringApplication.java:312)
	at org.springframework.boot.SpringApplication.run(SpringApplication.java:1306)
	at org.springframework.boot.SpringApplication.run(SpringApplication.java:1295)
	at lab.StandardLabApplication.main(StandardLabApplication.java:17)
Caused by: org.xml.sax.SAXException: javax.xml.transform.TransformerException: javax.xml.stream.XMLStreamException: org.xml.sax.SAXParseException; lineNumber: 16; columnNumber: 98; cvc-complex-type.4: 元素 'sequenceFlow' 中必须包含属性 'targetRef'。
	at java.xml/com.sun.org.apache.xerces.internal.jaxp.validation.StAXValidatorHelper.validate(StAXValidatorHelper.java:107)
	at java.xml/com.sun.org.apache.xerces.internal.jaxp.validation.ValidatorImpl.validate(ValidatorImpl.java:122)
	at java.xml/javax.xml.validation.Validator.validate(Validator.java:124)
	at org.flowable.bpmn.converter.BpmnXMLConverter.validateModel(BpmnXMLConverter.java:230)
	at org.flowable.bpmn.converter.BpmnXMLConverter.convertToBpmnModel(BpmnXMLConverter.java:274)
	... 44 common frames omitted
Caused by: javax.xml.transform.TransformerException: javax.xml.stream.XMLStreamException: org.xml.sax.SAXParseException; lineNumber: 16; columnNumber: 98; cvc-complex-type.4: 元素 'sequenceFlow' 中必须包含属性 'targetRef'。
	at java.xml/com.sun.org.apache.xalan.internal.xsltc.trax.TransformerImpl.transform(TransformerImpl.java:792)
	at java.xml/com.sun.org.apache.xalan.internal.xsltc.trax.TransformerImpl.transform(TransformerImpl.java:395)
	at java.xml/com.sun.org.apache.xerces.internal.jaxp.validation.StAXValidatorHelper.validate(StAXValidatorHelper.java:103)
	... 48 common frames omitted
Caused by: javax.xml.stream.XMLStreamException: org.xml.sax.SAXParseException; lineNumber: 16; columnNumber: 98; cvc-complex-type.4: 元素 'sequenceFlow' 中必须包含属性 'targetRef'。
	at java.xml/com.sun.org.apache.xalan.internal.xsltc.trax.StAXStream2SAX.handleEndElement(StAXStream2SAX.java:333)
	at java.xml/com.sun.org.apache.xalan.internal.xsltc.trax.StAXStream2SAX.bridge(StAXStream2SAX.java:167)
	at java.xml/com.sun.org.apache.xalan.internal.xsltc.trax.StAXStream2SAX.parse(StAXStream2SAX.java:104)
	at java.xml/com.sun.org.apache.xalan.internal.xsltc.trax.TransformerImpl.transformIdentity(TransformerImpl.java:713)
	at java.xml/com.sun.org.apache.xalan.internal.xsltc.trax.TransformerImpl.transform(TransformerImpl.java:780)
	... 50 common frames omitted
Caused by: org.xml.sax.SAXParseException: cvc-complex-type.4: 元素 'sequenceFlow' 中必须包含属性 'targetRef'。
	at java.xml/com.sun.org.apache.xerces.internal.util.ErrorHandlerWrapper.createSAXParseException(ErrorHandlerWrapper.java:204)
	at java.xml/com.sun.org.apache.xerces.internal.util.ErrorHandlerWrapper.error(ErrorHandlerWrapper.java:135)
	at java.xml/com.sun.org.apache.xerces.internal.impl.XMLErrorReporter.reportError(XMLErrorReporter.java:396)
	at java.xml/com.sun.org.apache.xerces.internal.impl.XMLErrorReporter.reportError(XMLErrorReporter.java:327)
	at java.xml/com.sun.org.apache.xerces.internal.impl.XMLErrorReporter.reportError(XMLErrorReporter.java:284)
	at java.xml/com.sun.org.apache.xerces.internal.impl.xs.XMLSchemaValidator$XSIErrorReporter.reportError(XMLSchemaValidator.java:512)
	at java.xml/com.sun.org.apache.xerces.internal.impl.xs.XMLSchemaValidator.reportSchemaError(XMLSchemaValidator.java:3600)
	at java.xml/com.sun.org.apache.xerces.internal.impl.xs.XMLSchemaValidator.addDefaultAttributes(XMLSchemaValidator.java:3221)
	at java.xml/com.sun.org.apache.xerces.internal.impl.xs.XMLSchemaValidator.handleStartElement(XMLSchemaValidator.java:2291)
	at java.xml/com.sun.org.apache.xerces.internal.impl.xs.XMLSchemaValidator.startElement(XMLSchemaValidator.java:830)
	at java.xml/com.sun.org.apache.xerces.internal.jaxp.validation.ValidatorHandlerImpl.startElement(ValidatorHandlerImpl.java:571)
	at java.xml/com.sun.org.apache.xml.internal.serializer.ToXMLSAXHandler.closeStartTag(ToXMLSAXHandler.java:206)
	at java.xml/com.sun.org.apache.xml.internal.serializer.ToSAXHandler.flushPending(ToSAXHandler.java:250)
	at java.xml/com.sun.org.apache.xml.internal.serializer.ToXMLSAXHandler.endElement(ToXMLSAXHandler.java:245)
	at java.xml/com.sun.org.apache.xalan.internal.xsltc.trax.StAXStream2SAX.handleEndElement(StAXStream2SAX.java:318)
	... 54 common frames omitted
2023-10-17 01:13:23.332 [main] ERROR org.springframework.boot.SpringApplication.reportFailure:824 - Application run failed
org.springframework.context.ApplicationContextException: Failed to start bean 'springProcessEngineConfiguration'
	at org.springframework.context.support.DefaultLifecycleProcessor.doStart(DefaultLifecycleProcessor.java:181)
	at org.springframework.context.support.DefaultLifecycleProcessor$LifecycleGroup.start(DefaultLifecycleProcessor.java:356)
	at java.base/java.lang.Iterable.forEach(Iterable.java:75)
	at org.springframework.context.support.DefaultLifecycleProcessor.startBeans(DefaultLifecycleProcessor.java:155)
	at org.springframework.context.support.DefaultLifecycleProcessor.onRefresh(DefaultLifecycleProcessor.java:123)
	at org.springframework.context.support.AbstractApplicationContext.finishRefresh(AbstractApplicationContext.java:957)
	at org.springframework.context.support.AbstractApplicationContext.refresh(AbstractApplicationContext.java:611)
	at org.springframework.boot.web.servlet.context.ServletWebServerApplicationContext.refresh(ServletWebServerApplicationContext.java:146)
	at org.springframework.boot.SpringApplication.refresh(SpringApplication.java:734)
	at org.springframework.boot.SpringApplication.refreshContext(SpringApplication.java:436)
	at org.springframework.boot.SpringApplication.run(SpringApplication.java:312)
	at org.springframework.boot.SpringApplication.run(SpringApplication.java:1306)
	at org.springframework.boot.SpringApplication.run(SpringApplication.java:1295)
	at lab.StandardLabApplication.main(StandardLabApplication.java:17)
Caused by: org.flowable.bpmn.exceptions.XMLException: javax.xml.transform.TransformerException: javax.xml.stream.XMLStreamException: org.xml.sax.SAXParseException; lineNumber: 16; columnNumber: 98; cvc-complex-type.4: 元素 'sequenceFlow' 中必须包含属性 'targetRef'。
	at org.flowable.bpmn.converter.BpmnXMLConverter.convertToBpmnModel(BpmnXMLConverter.java:281)
	at org.flowable.engine.impl.bpmn.parser.BpmnParse.execute(BpmnParse.java:148)
	at org.flowable.engine.impl.bpmn.deployer.ParsedDeploymentBuilder.createBpmnParseFromResource(ParsedDeploymentBuilder.java:97)
	at org.flowable.engine.impl.bpmn.deployer.ParsedDeploymentBuilder.build(ParsedDeploymentBuilder.java:55)
	at org.flowable.engine.impl.bpmn.deployer.BpmnDeployer.deploy(BpmnDeployer.java:78)
	at org.flowable.engine.impl.persistence.deploy.DeploymentManager.deploy(DeploymentManager.java:62)
	at org.flowable.engine.impl.cmd.DeployCmd.executeDeploy(DeployCmd.java:135)
	at org.flowable.engine.impl.cmd.DeployCmd.execute(DeployCmd.java:70)
	at org.flowable.engine.impl.cmd.DeployCmd.execute(DeployCmd.java:45)
	at org.flowable.engine.impl.interceptor.CommandInvoker$1.run(CommandInvoker.java:67)
	at org.flowable.engine.impl.interceptor.CommandInvoker.executeOperation(CommandInvoker.java:140)
	at org.flowable.engine.impl.interceptor.CommandInvoker.executeOperations(CommandInvoker.java:114)
	at org.flowable.engine.impl.interceptor.CommandInvoker.execute(CommandInvoker.java:72)
	at org.flowable.engine.impl.interceptor.BpmnOverrideContextInterceptor.execute(BpmnOverrideContextInterceptor.java:26)
	at org.flowable.common.engine.impl.interceptor.TransactionContextInterceptor.execute(TransactionContextInterceptor.java:53)
	at org.flowable.common.engine.impl.interceptor.CommandContextInterceptor.execute(CommandContextInterceptor.java:105)
	at org.flowable.common.spring.SpringTransactionInterceptor.lambda$execute$0(SpringTransactionInterceptor.java:57)
	at org.springframework.transaction.support.TransactionTemplate.execute(TransactionTemplate.java:140)
	at org.flowable.common.spring.SpringTransactionInterceptor.execute(SpringTransactionInterceptor.java:57)
	at org.flowable.common.engine.impl.interceptor.LogInterceptor.execute(LogInterceptor.java:35)
	at org.flowable.common.engine.impl.cfg.CommandExecutorImpl.execute(CommandExecutorImpl.java:56)
	at org.flowable.common.engine.impl.cfg.CommandExecutorImpl.execute(CommandExecutorImpl.java:51)
	at org.flowable.engine.impl.RepositoryServiceImpl.deploy(RepositoryServiceImpl.java:99)
	at org.flowable.engine.impl.repository.DeploymentBuilderImpl.deploy(DeploymentBuilderImpl.java:212)
	at org.flowable.spring.configurator.DefaultAutoDeploymentStrategy.deployResourcesInternal(DefaultAutoDeploymentStrategy.java:65)
	at org.flowable.spring.configurator.DefaultAutoDeploymentStrategy.deployResourcesInternal(DefaultAutoDeploymentStrategy.java:32)
	at org.flowable.common.spring.CommonAutoDeploymentStrategy.deployResources(CommonAutoDeploymentStrategy.java:94)
	at org.flowable.spring.SpringProcessEngineConfiguration.autoDeployResources(SpringProcessEngineConfiguration.java:132)
	at org.flowable.spring.SpringProcessEngineConfiguration.lambda$start$0(SpringProcessEngineConfiguration.java:231)
	at java.base/java.util.ArrayList.forEach(ArrayList.java:1511)
	at org.flowable.spring.SpringProcessEngineConfiguration.start(SpringProcessEngineConfiguration.java:228)
	at org.springframework.context.support.DefaultLifecycleProcessor.doStart(DefaultLifecycleProcessor.java:178)
	... 13 common frames omitted
Caused by: org.xml.sax.SAXException: javax.xml.transform.TransformerException: javax.xml.stream.XMLStreamException: org.xml.sax.SAXParseException; lineNumber: 16; columnNumber: 98; cvc-complex-type.4: 元素 'sequenceFlow' 中必须包含属性 'targetRef'。
	at java.xml/com.sun.org.apache.xerces.internal.jaxp.validation.StAXValidatorHelper.validate(StAXValidatorHelper.java:107)
	at java.xml/com.sun.org.apache.xerces.internal.jaxp.validation.ValidatorImpl.validate(ValidatorImpl.java:122)
	at java.xml/javax.xml.validation.Validator.validate(Validator.java:124)
	at org.flowable.bpmn.converter.BpmnXMLConverter.validateModel(BpmnXMLConverter.java:230)
	at org.flowable.bpmn.converter.BpmnXMLConverter.convertToBpmnModel(BpmnXMLConverter.java:274)
	... 44 common frames omitted
Caused by: javax.xml.transform.TransformerException: javax.xml.stream.XMLStreamException: org.xml.sax.SAXParseException; lineNumber: 16; columnNumber: 98; cvc-complex-type.4: 元素 'sequenceFlow' 中必须包含属性 'targetRef'。
	at java.xml/com.sun.org.apache.xalan.internal.xsltc.trax.TransformerImpl.transform(TransformerImpl.java:792)
	at java.xml/com.sun.org.apache.xalan.internal.xsltc.trax.TransformerImpl.transform(TransformerImpl.java:395)
	at java.xml/com.sun.org.apache.xerces.internal.jaxp.validation.StAXValidatorHelper.validate(StAXValidatorHelper.java:103)
	... 48 common frames omitted
Caused by: javax.xml.stream.XMLStreamException: org.xml.sax.SAXParseException; lineNumber: 16; columnNumber: 98; cvc-complex-type.4: 元素 'sequenceFlow' 中必须包含属性 'targetRef'。
	at java.xml/com.sun.org.apache.xalan.internal.xsltc.trax.StAXStream2SAX.handleEndElement(StAXStream2SAX.java:333)
	at java.xml/com.sun.org.apache.xalan.internal.xsltc.trax.StAXStream2SAX.bridge(StAXStream2SAX.java:167)
	at java.xml/com.sun.org.apache.xalan.internal.xsltc.trax.StAXStream2SAX.parse(StAXStream2SAX.java:104)
	at java.xml/com.sun.org.apache.xalan.internal.xsltc.trax.TransformerImpl.transformIdentity(TransformerImpl.java:713)
	at java.xml/com.sun.org.apache.xalan.internal.xsltc.trax.TransformerImpl.transform(TransformerImpl.java:780)
	... 50 common frames omitted
Caused by: org.xml.sax.SAXParseException: cvc-complex-type.4: 元素 'sequenceFlow' 中必须包含属性 'targetRef'。
	at java.xml/com.sun.org.apache.xerces.internal.util.ErrorHandlerWrapper.createSAXParseException(ErrorHandlerWrapper.java:204)
	at java.xml/com.sun.org.apache.xerces.internal.util.ErrorHandlerWrapper.error(ErrorHandlerWrapper.java:135)
	at java.xml/com.sun.org.apache.xerces.internal.impl.XMLErrorReporter.reportError(XMLErrorReporter.java:396)
	at java.xml/com.sun.org.apache.xerces.internal.impl.XMLErrorReporter.reportError(XMLErrorReporter.java:327)
	at java.xml/com.sun.org.apache.xerces.internal.impl.XMLErrorReporter.reportError(XMLErrorReporter.java:284)
	at java.xml/com.sun.org.apache.xerces.internal.impl.xs.XMLSchemaValidator$XSIErrorReporter.reportError(XMLSchemaValidator.java:512)
	at java.xml/com.sun.org.apache.xerces.internal.impl.xs.XMLSchemaValidator.reportSchemaError(XMLSchemaValidator.java:3600)
	at java.xml/com.sun.org.apache.xerces.internal.impl.xs.XMLSchemaValidator.addDefaultAttributes(XMLSchemaValidator.java:3221)
	at java.xml/com.sun.org.apache.xerces.internal.impl.xs.XMLSchemaValidator.handleStartElement(XMLSchemaValidator.java:2291)
	at java.xml/com.sun.org.apache.xerces.internal.impl.xs.XMLSchemaValidator.startElement(XMLSchemaValidator.java:830)
	at java.xml/com.sun.org.apache.xerces.internal.jaxp.validation.ValidatorHandlerImpl.startElement(ValidatorHandlerImpl.java:571)
	at java.xml/com.sun.org.apache.xml.internal.serializer.ToXMLSAXHandler.closeStartTag(ToXMLSAXHandler.java:206)
	at java.xml/com.sun.org.apache.xml.internal.serializer.ToSAXHandler.flushPending(ToSAXHandler.java:250)
	at java.xml/com.sun.org.apache.xml.internal.serializer.ToXMLSAXHandler.endElement(ToXMLSAXHandler.java:245)
	at java.xml/com.sun.org.apache.xalan.internal.xsltc.trax.StAXStream2SAX.handleEndElement(StAXStream2SAX.java:318)
	... 54 common frames omitted
2023-10-17 01:16:32.048 [main] ERROR o.f.engine.impl.bpmn.deployer.ParsedDeploymentBuilder.createBpmnParseFromResource:99 - Could not parse resource F:\IdeaProjects\standardLab\out\production\resources\processes\test.bpmn20.xml
org.flowable.bpmn.exceptions.XMLException: javax.xml.transform.TransformerException: javax.xml.stream.XMLStreamException: org.xml.sax.SAXParseException; lineNumber: 40; columnNumber: 15; cvc-id.1: IDREF 'manageid' 没有 ID/IDREF 绑定。
	at org.flowable.bpmn.converter.BpmnXMLConverter.convertToBpmnModel(BpmnXMLConverter.java:281)
	at org.flowable.engine.impl.bpmn.parser.BpmnParse.execute(BpmnParse.java:148)
	at org.flowable.engine.impl.bpmn.deployer.ParsedDeploymentBuilder.createBpmnParseFromResource(ParsedDeploymentBuilder.java:97)
	at org.flowable.engine.impl.bpmn.deployer.ParsedDeploymentBuilder.build(ParsedDeploymentBuilder.java:55)
	at org.flowable.engine.impl.bpmn.deployer.BpmnDeployer.deploy(BpmnDeployer.java:78)
	at org.flowable.engine.impl.persistence.deploy.DeploymentManager.deploy(DeploymentManager.java:62)
	at org.flowable.engine.impl.cmd.DeployCmd.executeDeploy(DeployCmd.java:135)
	at org.flowable.engine.impl.cmd.DeployCmd.execute(DeployCmd.java:70)
	at org.flowable.engine.impl.cmd.DeployCmd.execute(DeployCmd.java:45)
	at org.flowable.engine.impl.interceptor.CommandInvoker$1.run(CommandInvoker.java:67)
	at org.flowable.engine.impl.interceptor.CommandInvoker.executeOperation(CommandInvoker.java:140)
	at org.flowable.engine.impl.interceptor.CommandInvoker.executeOperations(CommandInvoker.java:114)
	at org.flowable.engine.impl.interceptor.CommandInvoker.execute(CommandInvoker.java:72)
	at org.flowable.engine.impl.interceptor.BpmnOverrideContextInterceptor.execute(BpmnOverrideContextInterceptor.java:26)
	at org.flowable.common.engine.impl.interceptor.TransactionContextInterceptor.execute(TransactionContextInterceptor.java:53)
	at org.flowable.common.engine.impl.interceptor.CommandContextInterceptor.execute(CommandContextInterceptor.java:105)
	at org.flowable.common.spring.SpringTransactionInterceptor.lambda$execute$0(SpringTransactionInterceptor.java:57)
	at org.springframework.transaction.support.TransactionTemplate.execute(TransactionTemplate.java:140)
	at org.flowable.common.spring.SpringTransactionInterceptor.execute(SpringTransactionInterceptor.java:57)
	at org.flowable.common.engine.impl.interceptor.LogInterceptor.execute(LogInterceptor.java:35)
	at org.flowable.common.engine.impl.cfg.CommandExecutorImpl.execute(CommandExecutorImpl.java:56)
	at org.flowable.common.engine.impl.cfg.CommandExecutorImpl.execute(CommandExecutorImpl.java:51)
	at org.flowable.engine.impl.RepositoryServiceImpl.deploy(RepositoryServiceImpl.java:99)
	at org.flowable.engine.impl.repository.DeploymentBuilderImpl.deploy(DeploymentBuilderImpl.java:212)
	at org.flowable.spring.configurator.DefaultAutoDeploymentStrategy.deployResourcesInternal(DefaultAutoDeploymentStrategy.java:65)
	at org.flowable.spring.configurator.DefaultAutoDeploymentStrategy.deployResourcesInternal(DefaultAutoDeploymentStrategy.java:32)
	at org.flowable.common.spring.CommonAutoDeploymentStrategy.deployResources(CommonAutoDeploymentStrategy.java:94)
	at org.flowable.spring.SpringProcessEngineConfiguration.autoDeployResources(SpringProcessEngineConfiguration.java:132)
	at org.flowable.spring.SpringProcessEngineConfiguration.lambda$start$0(SpringProcessEngineConfiguration.java:231)
	at java.base/java.util.ArrayList.forEach(ArrayList.java:1511)
	at org.flowable.spring.SpringProcessEngineConfiguration.start(SpringProcessEngineConfiguration.java:228)
	at org.springframework.context.support.DefaultLifecycleProcessor.doStart(DefaultLifecycleProcessor.java:178)
	at org.springframework.context.support.DefaultLifecycleProcessor$LifecycleGroup.start(DefaultLifecycleProcessor.java:356)
	at java.base/java.lang.Iterable.forEach(Iterable.java:75)
	at org.springframework.context.support.DefaultLifecycleProcessor.startBeans(DefaultLifecycleProcessor.java:155)
	at org.springframework.context.support.DefaultLifecycleProcessor.onRefresh(DefaultLifecycleProcessor.java:123)
	at org.springframework.context.support.AbstractApplicationContext.finishRefresh(AbstractApplicationContext.java:957)
	at org.springframework.context.support.AbstractApplicationContext.refresh(AbstractApplicationContext.java:611)
	at org.springframework.boot.web.servlet.context.ServletWebServerApplicationContext.refresh(ServletWebServerApplicationContext.java:146)
	at org.springframework.boot.SpringApplication.refresh(SpringApplication.java:734)
	at org.springframework.boot.SpringApplication.refreshContext(SpringApplication.java:436)
	at org.springframework.boot.SpringApplication.run(SpringApplication.java:312)
	at org.springframework.boot.SpringApplication.run(SpringApplication.java:1306)
	at org.springframework.boot.SpringApplication.run(SpringApplication.java:1295)
	at lab.StandardLabApplication.main(StandardLabApplication.java:17)
Caused by: org.xml.sax.SAXException: javax.xml.transform.TransformerException: javax.xml.stream.XMLStreamException: org.xml.sax.SAXParseException; lineNumber: 40; columnNumber: 15; cvc-id.1: IDREF 'manageid' 没有 ID/IDREF 绑定。
	at java.xml/com.sun.org.apache.xerces.internal.jaxp.validation.StAXValidatorHelper.validate(StAXValidatorHelper.java:107)
	at java.xml/com.sun.org.apache.xerces.internal.jaxp.validation.ValidatorImpl.validate(ValidatorImpl.java:122)
	at java.xml/javax.xml.validation.Validator.validate(Validator.java:124)
	at org.flowable.bpmn.converter.BpmnXMLConverter.validateModel(BpmnXMLConverter.java:230)
	at org.flowable.bpmn.converter.BpmnXMLConverter.convertToBpmnModel(BpmnXMLConverter.java:274)
	... 44 common frames omitted
Caused by: javax.xml.transform.TransformerException: javax.xml.stream.XMLStreamException: org.xml.sax.SAXParseException; lineNumber: 40; columnNumber: 15; cvc-id.1: IDREF 'manageid' 没有 ID/IDREF 绑定。
	at java.xml/com.sun.org.apache.xalan.internal.xsltc.trax.TransformerImpl.transform(TransformerImpl.java:792)
	at java.xml/com.sun.org.apache.xalan.internal.xsltc.trax.TransformerImpl.transform(TransformerImpl.java:395)
	at java.xml/com.sun.org.apache.xerces.internal.jaxp.validation.StAXValidatorHelper.validate(StAXValidatorHelper.java:103)
	... 48 common frames omitted
Caused by: javax.xml.stream.XMLStreamException: org.xml.sax.SAXParseException; lineNumber: 40; columnNumber: 15; cvc-id.1: IDREF 'manageid' 没有 ID/IDREF 绑定。
	at java.xml/com.sun.org.apache.xalan.internal.xsltc.trax.StAXStream2SAX.handleEndElement(StAXStream2SAX.java:333)
	at java.xml/com.sun.org.apache.xalan.internal.xsltc.trax.StAXStream2SAX.bridge(StAXStream2SAX.java:167)
	at java.xml/com.sun.org.apache.xalan.internal.xsltc.trax.StAXStream2SAX.parse(StAXStream2SAX.java:104)
	at java.xml/com.sun.org.apache.xalan.internal.xsltc.trax.TransformerImpl.transformIdentity(TransformerImpl.java:713)
	at java.xml/com.sun.org.apache.xalan.internal.xsltc.trax.TransformerImpl.transform(TransformerImpl.java:780)
	... 50 common frames omitted
Caused by: org.xml.sax.SAXParseException: cvc-id.1: IDREF 'manageid' 没有 ID/IDREF 绑定。
	at java.xml/com.sun.org.apache.xerces.internal.util.ErrorHandlerWrapper.createSAXParseException(ErrorHandlerWrapper.java:204)
	at java.xml/com.sun.org.apache.xerces.internal.util.ErrorHandlerWrapper.error(ErrorHandlerWrapper.java:135)
	at java.xml/com.sun.org.apache.xerces.internal.impl.XMLErrorReporter.reportError(XMLErrorReporter.java:396)
	at java.xml/com.sun.org.apache.xerces.internal.impl.XMLErrorReporter.reportError(XMLErrorReporter.java:327)
	at java.xml/com.sun.org.apache.xerces.internal.impl.XMLErrorReporter.reportError(XMLErrorReporter.java:284)
	at java.xml/com.sun.org.apache.xerces.internal.impl.xs.XMLSchemaValidator$XSIErrorReporter.reportError(XMLSchemaValidator.java:512)
	at java.xml/com.sun.org.apache.xerces.internal.impl.xs.XMLSchemaValidator.reportSchemaError(XMLSchemaValidator.java:3600)
	at java.xml/com.sun.org.apache.xerces.internal.impl.xs.XMLSchemaValidator.handleEndElement(XMLSchemaValidator.java:2456)
	at java.xml/com.sun.org.apache.xerces.internal.impl.xs.XMLSchemaValidator.endElement(XMLSchemaValidator.java:944)
	at java.xml/com.sun.org.apache.xerces.internal.jaxp.validation.ValidatorHandlerImpl.endElement(ValidatorHandlerImpl.java:585)
	at java.xml/com.sun.org.apache.xml.internal.serializer.ToXMLSAXHandler.endElement(ToXMLSAXHandler.java:263)
	at java.xml/com.sun.org.apache.xalan.internal.xsltc.trax.StAXStream2SAX.handleEndElement(StAXStream2SAX.java:318)
	... 54 common frames omitted
2023-10-17 01:16:32.055 [main] ERROR o.flowable.common.engine.impl.interceptor.CommandContext.logException:125 - Error while closing command context
org.flowable.bpmn.exceptions.XMLException: javax.xml.transform.TransformerException: javax.xml.stream.XMLStreamException: org.xml.sax.SAXParseException; lineNumber: 40; columnNumber: 15; cvc-id.1: IDREF 'manageid' 没有 ID/IDREF 绑定。
	at org.flowable.bpmn.converter.BpmnXMLConverter.convertToBpmnModel(BpmnXMLConverter.java:281)
	at org.flowable.engine.impl.bpmn.parser.BpmnParse.execute(BpmnParse.java:148)
	at org.flowable.engine.impl.bpmn.deployer.ParsedDeploymentBuilder.createBpmnParseFromResource(ParsedDeploymentBuilder.java:97)
	at org.flowable.engine.impl.bpmn.deployer.ParsedDeploymentBuilder.build(ParsedDeploymentBuilder.java:55)
	at org.flowable.engine.impl.bpmn.deployer.BpmnDeployer.deploy(BpmnDeployer.java:78)
	at org.flowable.engine.impl.persistence.deploy.DeploymentManager.deploy(DeploymentManager.java:62)
	at org.flowable.engine.impl.cmd.DeployCmd.executeDeploy(DeployCmd.java:135)
	at org.flowable.engine.impl.cmd.DeployCmd.execute(DeployCmd.java:70)
	at org.flowable.engine.impl.cmd.DeployCmd.execute(DeployCmd.java:45)
	at org.flowable.engine.impl.interceptor.CommandInvoker$1.run(CommandInvoker.java:67)
	at org.flowable.engine.impl.interceptor.CommandInvoker.executeOperation(CommandInvoker.java:140)
	at org.flowable.engine.impl.interceptor.CommandInvoker.executeOperations(CommandInvoker.java:114)
	at org.flowable.engine.impl.interceptor.CommandInvoker.execute(CommandInvoker.java:72)
	at org.flowable.engine.impl.interceptor.BpmnOverrideContextInterceptor.execute(BpmnOverrideContextInterceptor.java:26)
	at org.flowable.common.engine.impl.interceptor.TransactionContextInterceptor.execute(TransactionContextInterceptor.java:53)
	at org.flowable.common.engine.impl.interceptor.CommandContextInterceptor.execute(CommandContextInterceptor.java:105)
	at org.flowable.common.spring.SpringTransactionInterceptor.lambda$execute$0(SpringTransactionInterceptor.java:57)
	at org.springframework.transaction.support.TransactionTemplate.execute(TransactionTemplate.java:140)
	at org.flowable.common.spring.SpringTransactionInterceptor.execute(SpringTransactionInterceptor.java:57)
	at org.flowable.common.engine.impl.interceptor.LogInterceptor.execute(LogInterceptor.java:35)
	at org.flowable.common.engine.impl.cfg.CommandExecutorImpl.execute(CommandExecutorImpl.java:56)
	at org.flowable.common.engine.impl.cfg.CommandExecutorImpl.execute(CommandExecutorImpl.java:51)
	at org.flowable.engine.impl.RepositoryServiceImpl.deploy(RepositoryServiceImpl.java:99)
	at org.flowable.engine.impl.repository.DeploymentBuilderImpl.deploy(DeploymentBuilderImpl.java:212)
	at org.flowable.spring.configurator.DefaultAutoDeploymentStrategy.deployResourcesInternal(DefaultAutoDeploymentStrategy.java:65)
	at org.flowable.spring.configurator.DefaultAutoDeploymentStrategy.deployResourcesInternal(DefaultAutoDeploymentStrategy.java:32)
	at org.flowable.common.spring.CommonAutoDeploymentStrategy.deployResources(CommonAutoDeploymentStrategy.java:94)
	at org.flowable.spring.SpringProcessEngineConfiguration.autoDeployResources(SpringProcessEngineConfiguration.java:132)
	at org.flowable.spring.SpringProcessEngineConfiguration.lambda$start$0(SpringProcessEngineConfiguration.java:231)
	at java.base/java.util.ArrayList.forEach(ArrayList.java:1511)
	at org.flowable.spring.SpringProcessEngineConfiguration.start(SpringProcessEngineConfiguration.java:228)
	at org.springframework.context.support.DefaultLifecycleProcessor.doStart(DefaultLifecycleProcessor.java:178)
	at org.springframework.context.support.DefaultLifecycleProcessor$LifecycleGroup.start(DefaultLifecycleProcessor.java:356)
	at java.base/java.lang.Iterable.forEach(Iterable.java:75)
	at org.springframework.context.support.DefaultLifecycleProcessor.startBeans(DefaultLifecycleProcessor.java:155)
	at org.springframework.context.support.DefaultLifecycleProcessor.onRefresh(DefaultLifecycleProcessor.java:123)
	at org.springframework.context.support.AbstractApplicationContext.finishRefresh(AbstractApplicationContext.java:957)
	at org.springframework.context.support.AbstractApplicationContext.refresh(AbstractApplicationContext.java:611)
	at org.springframework.boot.web.servlet.context.ServletWebServerApplicationContext.refresh(ServletWebServerApplicationContext.java:146)
	at org.springframework.boot.SpringApplication.refresh(SpringApplication.java:734)
	at org.springframework.boot.SpringApplication.refreshContext(SpringApplication.java:436)
	at org.springframework.boot.SpringApplication.run(SpringApplication.java:312)
	at org.springframework.boot.SpringApplication.run(SpringApplication.java:1306)
	at org.springframework.boot.SpringApplication.run(SpringApplication.java:1295)
	at lab.StandardLabApplication.main(StandardLabApplication.java:17)
Caused by: org.xml.sax.SAXException: javax.xml.transform.TransformerException: javax.xml.stream.XMLStreamException: org.xml.sax.SAXParseException; lineNumber: 40; columnNumber: 15; cvc-id.1: IDREF 'manageid' 没有 ID/IDREF 绑定。
	at java.xml/com.sun.org.apache.xerces.internal.jaxp.validation.StAXValidatorHelper.validate(StAXValidatorHelper.java:107)
	at java.xml/com.sun.org.apache.xerces.internal.jaxp.validation.ValidatorImpl.validate(ValidatorImpl.java:122)
	at java.xml/javax.xml.validation.Validator.validate(Validator.java:124)
	at org.flowable.bpmn.converter.BpmnXMLConverter.validateModel(BpmnXMLConverter.java:230)
	at org.flowable.bpmn.converter.BpmnXMLConverter.convertToBpmnModel(BpmnXMLConverter.java:274)
	... 44 common frames omitted
Caused by: javax.xml.transform.TransformerException: javax.xml.stream.XMLStreamException: org.xml.sax.SAXParseException; lineNumber: 40; columnNumber: 15; cvc-id.1: IDREF 'manageid' 没有 ID/IDREF 绑定。
	at java.xml/com.sun.org.apache.xalan.internal.xsltc.trax.TransformerImpl.transform(TransformerImpl.java:792)
	at java.xml/com.sun.org.apache.xalan.internal.xsltc.trax.TransformerImpl.transform(TransformerImpl.java:395)
	at java.xml/com.sun.org.apache.xerces.internal.jaxp.validation.StAXValidatorHelper.validate(StAXValidatorHelper.java:103)
	... 48 common frames omitted
Caused by: javax.xml.stream.XMLStreamException: org.xml.sax.SAXParseException; lineNumber: 40; columnNumber: 15; cvc-id.1: IDREF 'manageid' 没有 ID/IDREF 绑定。
	at java.xml/com.sun.org.apache.xalan.internal.xsltc.trax.StAXStream2SAX.handleEndElement(StAXStream2SAX.java:333)
	at java.xml/com.sun.org.apache.xalan.internal.xsltc.trax.StAXStream2SAX.bridge(StAXStream2SAX.java:167)
	at java.xml/com.sun.org.apache.xalan.internal.xsltc.trax.StAXStream2SAX.parse(StAXStream2SAX.java:104)
	at java.xml/com.sun.org.apache.xalan.internal.xsltc.trax.TransformerImpl.transformIdentity(TransformerImpl.java:713)
	at java.xml/com.sun.org.apache.xalan.internal.xsltc.trax.TransformerImpl.transform(TransformerImpl.java:780)
	... 50 common frames omitted
Caused by: org.xml.sax.SAXParseException: cvc-id.1: IDREF 'manageid' 没有 ID/IDREF 绑定。
	at java.xml/com.sun.org.apache.xerces.internal.util.ErrorHandlerWrapper.createSAXParseException(ErrorHandlerWrapper.java:204)
	at java.xml/com.sun.org.apache.xerces.internal.util.ErrorHandlerWrapper.error(ErrorHandlerWrapper.java:135)
	at java.xml/com.sun.org.apache.xerces.internal.impl.XMLErrorReporter.reportError(XMLErrorReporter.java:396)
	at java.xml/com.sun.org.apache.xerces.internal.impl.XMLErrorReporter.reportError(XMLErrorReporter.java:327)
	at java.xml/com.sun.org.apache.xerces.internal.impl.XMLErrorReporter.reportError(XMLErrorReporter.java:284)
	at java.xml/com.sun.org.apache.xerces.internal.impl.xs.XMLSchemaValidator$XSIErrorReporter.reportError(XMLSchemaValidator.java:512)
	at java.xml/com.sun.org.apache.xerces.internal.impl.xs.XMLSchemaValidator.reportSchemaError(XMLSchemaValidator.java:3600)
	at java.xml/com.sun.org.apache.xerces.internal.impl.xs.XMLSchemaValidator.handleEndElement(XMLSchemaValidator.java:2456)
	at java.xml/com.sun.org.apache.xerces.internal.impl.xs.XMLSchemaValidator.endElement(XMLSchemaValidator.java:944)
	at java.xml/com.sun.org.apache.xerces.internal.jaxp.validation.ValidatorHandlerImpl.endElement(ValidatorHandlerImpl.java:585)
	at java.xml/com.sun.org.apache.xml.internal.serializer.ToXMLSAXHandler.endElement(ToXMLSAXHandler.java:263)
	at java.xml/com.sun.org.apache.xalan.internal.xsltc.trax.StAXStream2SAX.handleEndElement(StAXStream2SAX.java:318)
	... 54 common frames omitted
2023-10-17 01:16:32.261 [main] ERROR org.springframework.boot.SpringApplication.reportFailure:824 - Application run failed
org.springframework.context.ApplicationContextException: Failed to start bean 'springProcessEngineConfiguration'
	at org.springframework.context.support.DefaultLifecycleProcessor.doStart(DefaultLifecycleProcessor.java:181)
	at org.springframework.context.support.DefaultLifecycleProcessor$LifecycleGroup.start(DefaultLifecycleProcessor.java:356)
	at java.base/java.lang.Iterable.forEach(Iterable.java:75)
	at org.springframework.context.support.DefaultLifecycleProcessor.startBeans(DefaultLifecycleProcessor.java:155)
	at org.springframework.context.support.DefaultLifecycleProcessor.onRefresh(DefaultLifecycleProcessor.java:123)
	at org.springframework.context.support.AbstractApplicationContext.finishRefresh(AbstractApplicationContext.java:957)
	at org.springframework.context.support.AbstractApplicationContext.refresh(AbstractApplicationContext.java:611)
	at org.springframework.boot.web.servlet.context.ServletWebServerApplicationContext.refresh(ServletWebServerApplicationContext.java:146)
	at org.springframework.boot.SpringApplication.refresh(SpringApplication.java:734)
	at org.springframework.boot.SpringApplication.refreshContext(SpringApplication.java:436)
	at org.springframework.boot.SpringApplication.run(SpringApplication.java:312)
	at org.springframework.boot.SpringApplication.run(SpringApplication.java:1306)
	at org.springframework.boot.SpringApplication.run(SpringApplication.java:1295)
	at lab.StandardLabApplication.main(StandardLabApplication.java:17)
Caused by: org.flowable.bpmn.exceptions.XMLException: javax.xml.transform.TransformerException: javax.xml.stream.XMLStreamException: org.xml.sax.SAXParseException; lineNumber: 40; columnNumber: 15; cvc-id.1: IDREF 'manageid' 没有 ID/IDREF 绑定。
	at org.flowable.bpmn.converter.BpmnXMLConverter.convertToBpmnModel(BpmnXMLConverter.java:281)
	at org.flowable.engine.impl.bpmn.parser.BpmnParse.execute(BpmnParse.java:148)
	at org.flowable.engine.impl.bpmn.deployer.ParsedDeploymentBuilder.createBpmnParseFromResource(ParsedDeploymentBuilder.java:97)
	at org.flowable.engine.impl.bpmn.deployer.ParsedDeploymentBuilder.build(ParsedDeploymentBuilder.java:55)
	at org.flowable.engine.impl.bpmn.deployer.BpmnDeployer.deploy(BpmnDeployer.java:78)
	at org.flowable.engine.impl.persistence.deploy.DeploymentManager.deploy(DeploymentManager.java:62)
	at org.flowable.engine.impl.cmd.DeployCmd.executeDeploy(DeployCmd.java:135)
	at org.flowable.engine.impl.cmd.DeployCmd.execute(DeployCmd.java:70)
	at org.flowable.engine.impl.cmd.DeployCmd.execute(DeployCmd.java:45)
	at org.flowable.engine.impl.interceptor.CommandInvoker$1.run(CommandInvoker.java:67)
	at org.flowable.engine.impl.interceptor.CommandInvoker.executeOperation(CommandInvoker.java:140)
	at org.flowable.engine.impl.interceptor.CommandInvoker.executeOperations(CommandInvoker.java:114)
	at org.flowable.engine.impl.interceptor.CommandInvoker.execute(CommandInvoker.java:72)
	at org.flowable.engine.impl.interceptor.BpmnOverrideContextInterceptor.execute(BpmnOverrideContextInterceptor.java:26)
	at org.flowable.common.engine.impl.interceptor.TransactionContextInterceptor.execute(TransactionContextInterceptor.java:53)
	at org.flowable.common.engine.impl.interceptor.CommandContextInterceptor.execute(CommandContextInterceptor.java:105)
	at org.flowable.common.spring.SpringTransactionInterceptor.lambda$execute$0(SpringTransactionInterceptor.java:57)
	at org.springframework.transaction.support.TransactionTemplate.execute(TransactionTemplate.java:140)
	at org.flowable.common.spring.SpringTransactionInterceptor.execute(SpringTransactionInterceptor.java:57)
	at org.flowable.common.engine.impl.interceptor.LogInterceptor.execute(LogInterceptor.java:35)
	at org.flowable.common.engine.impl.cfg.CommandExecutorImpl.execute(CommandExecutorImpl.java:56)
	at org.flowable.common.engine.impl.cfg.CommandExecutorImpl.execute(CommandExecutorImpl.java:51)
	at org.flowable.engine.impl.RepositoryServiceImpl.deploy(RepositoryServiceImpl.java:99)
	at org.flowable.engine.impl.repository.DeploymentBuilderImpl.deploy(DeploymentBuilderImpl.java:212)
	at org.flowable.spring.configurator.DefaultAutoDeploymentStrategy.deployResourcesInternal(DefaultAutoDeploymentStrategy.java:65)
	at org.flowable.spring.configurator.DefaultAutoDeploymentStrategy.deployResourcesInternal(DefaultAutoDeploymentStrategy.java:32)
	at org.flowable.common.spring.CommonAutoDeploymentStrategy.deployResources(CommonAutoDeploymentStrategy.java:94)
	at org.flowable.spring.SpringProcessEngineConfiguration.autoDeployResources(SpringProcessEngineConfiguration.java:132)
	at org.flowable.spring.SpringProcessEngineConfiguration.lambda$start$0(SpringProcessEngineConfiguration.java:231)
	at java.base/java.util.ArrayList.forEach(ArrayList.java:1511)
	at org.flowable.spring.SpringProcessEngineConfiguration.start(SpringProcessEngineConfiguration.java:228)
	at org.springframework.context.support.DefaultLifecycleProcessor.doStart(DefaultLifecycleProcessor.java:178)
	... 13 common frames omitted
Caused by: org.xml.sax.SAXException: javax.xml.transform.TransformerException: javax.xml.stream.XMLStreamException: org.xml.sax.SAXParseException; lineNumber: 40; columnNumber: 15; cvc-id.1: IDREF 'manageid' 没有 ID/IDREF 绑定。
	at java.xml/com.sun.org.apache.xerces.internal.jaxp.validation.StAXValidatorHelper.validate(StAXValidatorHelper.java:107)
	at java.xml/com.sun.org.apache.xerces.internal.jaxp.validation.ValidatorImpl.validate(ValidatorImpl.java:122)
	at java.xml/javax.xml.validation.Validator.validate(Validator.java:124)
	at org.flowable.bpmn.converter.BpmnXMLConverter.validateModel(BpmnXMLConverter.java:230)
	at org.flowable.bpmn.converter.BpmnXMLConverter.convertToBpmnModel(BpmnXMLConverter.java:274)
	... 44 common frames omitted
Caused by: javax.xml.transform.TransformerException: javax.xml.stream.XMLStreamException: org.xml.sax.SAXParseException; lineNumber: 40; columnNumber: 15; cvc-id.1: IDREF 'manageid' 没有 ID/IDREF 绑定。
	at java.xml/com.sun.org.apache.xalan.internal.xsltc.trax.TransformerImpl.transform(TransformerImpl.java:792)
	at java.xml/com.sun.org.apache.xalan.internal.xsltc.trax.TransformerImpl.transform(TransformerImpl.java:395)
	at java.xml/com.sun.org.apache.xerces.internal.jaxp.validation.StAXValidatorHelper.validate(StAXValidatorHelper.java:103)
	... 48 common frames omitted
Caused by: javax.xml.stream.XMLStreamException: org.xml.sax.SAXParseException; lineNumber: 40; columnNumber: 15; cvc-id.1: IDREF 'manageid' 没有 ID/IDREF 绑定。
	at java.xml/com.sun.org.apache.xalan.internal.xsltc.trax.StAXStream2SAX.handleEndElement(StAXStream2SAX.java:333)
	at java.xml/com.sun.org.apache.xalan.internal.xsltc.trax.StAXStream2SAX.bridge(StAXStream2SAX.java:167)
	at java.xml/com.sun.org.apache.xalan.internal.xsltc.trax.StAXStream2SAX.parse(StAXStream2SAX.java:104)
	at java.xml/com.sun.org.apache.xalan.internal.xsltc.trax.TransformerImpl.transformIdentity(TransformerImpl.java:713)
	at java.xml/com.sun.org.apache.xalan.internal.xsltc.trax.TransformerImpl.transform(TransformerImpl.java:780)
	... 50 common frames omitted
Caused by: org.xml.sax.SAXParseException: cvc-id.1: IDREF 'manageid' 没有 ID/IDREF 绑定。
	at java.xml/com.sun.org.apache.xerces.internal.util.ErrorHandlerWrapper.createSAXParseException(ErrorHandlerWrapper.java:204)
	at java.xml/com.sun.org.apache.xerces.internal.util.ErrorHandlerWrapper.error(ErrorHandlerWrapper.java:135)
	at java.xml/com.sun.org.apache.xerces.internal.impl.XMLErrorReporter.reportError(XMLErrorReporter.java:396)
	at java.xml/com.sun.org.apache.xerces.internal.impl.XMLErrorReporter.reportError(XMLErrorReporter.java:327)
	at java.xml/com.sun.org.apache.xerces.internal.impl.XMLErrorReporter.reportError(XMLErrorReporter.java:284)
	at java.xml/com.sun.org.apache.xerces.internal.impl.xs.XMLSchemaValidator$XSIErrorReporter.reportError(XMLSchemaValidator.java:512)
	at java.xml/com.sun.org.apache.xerces.internal.impl.xs.XMLSchemaValidator.reportSchemaError(XMLSchemaValidator.java:3600)
	at java.xml/com.sun.org.apache.xerces.internal.impl.xs.XMLSchemaValidator.handleEndElement(XMLSchemaValidator.java:2456)
	at java.xml/com.sun.org.apache.xerces.internal.impl.xs.XMLSchemaValidator.endElement(XMLSchemaValidator.java:944)
	at java.xml/com.sun.org.apache.xerces.internal.jaxp.validation.ValidatorHandlerImpl.endElement(ValidatorHandlerImpl.java:585)
	at java.xml/com.sun.org.apache.xml.internal.serializer.ToXMLSAXHandler.endElement(ToXMLSAXHandler.java:263)
	at java.xml/com.sun.org.apache.xalan.internal.xsltc.trax.StAXStream2SAX.handleEndElement(StAXStream2SAX.java:318)
	... 54 common frames omitted
