2023-10-31 15:10:40.735 [main] WARN  o.s.core.LocalVariableTableParameterNameDiscoverer.inspectClass:123 - Using deprecated '-debug' fallback for parameter name resolution. Compile the affected code with '-parameters' instead or avoid its introspection: lab.base.util.aspect.LogAspect
2023-10-31 15:10:40.738 [main] WARN  o.s.core.LocalVariableTableParameterNameDiscoverer.inspectClass:123 - Using deprecated '-debug' fallback for parameter name resolution. Compile the affected code with '-parameters' instead or avoid its introspection: lab.base.util.aspect.LogAspect
2023-10-31 15:10:42.208 [main] WARN  io.undertow.websockets.jsr.handleDeployment:68 - UT026010: Buffer pool was not set on WebSocketDeploymentInfo, the default pool will be used
2023-10-31 15:10:59.511 [main] WARN  o.s.b.a.freemarker.FreeMarkerAutoConfiguration.checkTemplateLocationExists:67 - Cannot find template location(s): [classpath:/templates/] (please add some templates, check your FreeMarker configuration, or set spring.freemarker.check-template-location=false)
2023-10-31 23:16:25.783 [XNIO-1 task-6] WARN  o.s.core.LocalVariableTableParameterNameDiscoverer.inspectClass:123 - Using deprecated '-debug' fallback for parameter name resolution. Compile the affected code with '-parameters' instead or avoid its introspection: lab.controller.userController
2023-10-31 23:16:26.077 [XNIO-1 task-6] WARN  o.s.core.LocalVariableTableParameterNameDiscoverer.inspectClass:123 - Using deprecated '-debug' fallback for parameter name resolution. Compile the affected code with '-parameters' instead or avoid its introspection: lab.controller.sqlController
2023-10-31 23:16:26.302 [XNIO-1 task-6] WARN  o.s.core.LocalVariableTableParameterNameDiscoverer.inspectClass:123 - Using deprecated '-debug' fallback for parameter name resolution. Compile the affected code with '-parameters' instead or avoid its introspection: lab.controller.roleController
2023-10-31 23:16:26.364 [XNIO-1 task-6] WARN  o.s.core.LocalVariableTableParameterNameDiscoverer.inspectClass:123 - Using deprecated '-debug' fallback for parameter name resolution. Compile the affected code with '-parameters' instead or avoid its introspection: lab.controller.menuController
2023-10-31 23:16:26.408 [XNIO-1 task-6] WARN  o.s.core.LocalVariableTableParameterNameDiscoverer.inspectClass:123 - Using deprecated '-debug' fallback for parameter name resolution. Compile the affected code with '-parameters' instead or avoid its introspection: lab.controller.LoginController
2023-10-31 23:26:07.834 [main] WARN  o.s.core.LocalVariableTableParameterNameDiscoverer.inspectClass:123 - Using deprecated '-debug' fallback for parameter name resolution. Compile the affected code with '-parameters' instead or avoid its introspection: lab.base.util.aspect.LogAspect
2023-10-31 23:26:07.835 [main] WARN  o.s.core.LocalVariableTableParameterNameDiscoverer.inspectClass:123 - Using deprecated '-debug' fallback for parameter name resolution. Compile the affected code with '-parameters' instead or avoid its introspection: lab.base.util.aspect.LogAspect
2023-10-31 23:26:08.548 [main] WARN  io.undertow.websockets.jsr.handleDeployment:68 - UT026010: Buffer pool was not set on WebSocketDeploymentInfo, the default pool will be used
2023-10-31 23:26:17.219 [main] WARN  o.s.b.a.freemarker.FreeMarkerAutoConfiguration.checkTemplateLocationExists:67 - Cannot find template location(s): [classpath:/templates/] (please add some templates, check your FreeMarker configuration, or set spring.freemarker.check-template-location=false)
2023-10-31 23:32:52.485 [main] WARN  o.s.core.LocalVariableTableParameterNameDiscoverer.inspectClass:123 - Using deprecated '-debug' fallback for parameter name resolution. Compile the affected code with '-parameters' instead or avoid its introspection: lab.base.util.aspect.LogAspect
2023-10-31 23:32:52.486 [main] WARN  o.s.core.LocalVariableTableParameterNameDiscoverer.inspectClass:123 - Using deprecated '-debug' fallback for parameter name resolution. Compile the affected code with '-parameters' instead or avoid its introspection: lab.base.util.aspect.LogAspect
2023-10-31 23:32:53.141 [main] WARN  io.undertow.websockets.jsr.handleDeployment:68 - UT026010: Buffer pool was not set on WebSocketDeploymentInfo, the default pool will be used
2023-10-31 23:33:01.713 [main] WARN  o.s.b.a.freemarker.FreeMarkerAutoConfiguration.checkTemplateLocationExists:67 - Cannot find template location(s): [classpath:/templates/] (please add some templates, check your FreeMarker configuration, or set spring.freemarker.check-template-location=false)
2023-10-31 23:33:56.195 [main] WARN  o.s.core.LocalVariableTableParameterNameDiscoverer.inspectClass:123 - Using deprecated '-debug' fallback for parameter name resolution. Compile the affected code with '-parameters' instead or avoid its introspection: lab.base.util.aspect.LogAspect
2023-10-31 23:33:56.196 [main] WARN  o.s.core.LocalVariableTableParameterNameDiscoverer.inspectClass:123 - Using deprecated '-debug' fallback for parameter name resolution. Compile the affected code with '-parameters' instead or avoid its introspection: lab.base.util.aspect.LogAspect
2023-10-31 23:33:56.855 [main] WARN  io.undertow.websockets.jsr.handleDeployment:68 - UT026010: Buffer pool was not set on WebSocketDeploymentInfo, the default pool will be used
2023-10-31 23:34:04.858 [main] WARN  o.s.b.a.freemarker.FreeMarkerAutoConfiguration.checkTemplateLocationExists:67 - Cannot find template location(s): [classpath:/templates/] (please add some templates, check your FreeMarker configuration, or set spring.freemarker.check-template-location=false)
2023-10-31 23:43:25.698 [main] WARN  o.s.core.LocalVariableTableParameterNameDiscoverer.inspectClass:123 - Using deprecated '-debug' fallback for parameter name resolution. Compile the affected code with '-parameters' instead or avoid its introspection: lab.base.util.aspect.LogAspect
2023-10-31 23:43:25.699 [main] WARN  o.s.core.LocalVariableTableParameterNameDiscoverer.inspectClass:123 - Using deprecated '-debug' fallback for parameter name resolution. Compile the affected code with '-parameters' instead or avoid its introspection: lab.base.util.aspect.LogAspect
2023-10-31 23:43:26.705 [main] WARN  io.undertow.websockets.jsr.handleDeployment:68 - UT026010: Buffer pool was not set on WebSocketDeploymentInfo, the default pool will be used
2023-10-31 23:43:39.970 [main] WARN  o.s.b.a.freemarker.FreeMarkerAutoConfiguration.checkTemplateLocationExists:67 - Cannot find template location(s): [classpath:/templates/] (please add some templates, check your FreeMarker configuration, or set spring.freemarker.check-template-location=false)
