2023-10-25 12:51:52.925 [main] INFO  lab.StandardLabApplication.logStarting:51 - Starting StandardLabApplication using Java 17.0.7 with PID 18428 (F:\IdeaProjects\standardLab\out\production\classes started by yii in F:\IdeaProjects\standardLab)
2023-10-25 12:51:52.930 [main] INFO  lab.StandardLabApplication.logStartupProfileInfo:634 - No active profile set, falling back to 1 default profile: "default"
2023-10-25 12:51:54.080 [main] INFO  o.s.d.repository.config.RepositoryConfigurationDelegate.multipleStoresDetected:291 - Multiple Spring Data modules found, entering strict repository configuration mode
2023-10-25 12:51:54.084 [main] INFO  o.s.d.repository.config.RepositoryConfigurationDelegate.registerRepositoriesIn:138 - Bootstrapping Spring Data Redis repositories in DEFAULT mode.
2023-10-25 12:51:54.122 [main] INFO  o.s.d.repository.config.RepositoryConfigurationDelegate.registerRepositoriesIn:208 - Finished Spring Data repository scanning in 15 ms. Found 0 Redis repository interfaces.
2023-10-25 12:51:55.307 [main] INFO  io.undertow.servlet.log:372 - Initializing Spring embedded WebApplicationContext
2023-10-25 12:51:55.307 [main] INFO  o.s.b.w.s.context.ServletWebServerApplicationContext.prepareWebApplicationContext:291 - Root WebApplicationContext: initialization completed in 2305 ms
2023-10-25 12:51:57.355 [main] INFO  o.s.security.web.DefaultSecurityFilterChain.<init>:54 - Will secure any request with [org.springframework.security.web.session.DisableEncodeUrlFilter@23e573e, org.springframework.security.web.context.request.async.WebAsyncManagerIntegrationFilter@46507dda, org.springframework.security.web.context.SecurityContextHolderFilter@1db9c2cf, org.springframework.security.web.header.HeaderWriterFilter@7c0a6f62, org.springframework.web.filter.CorsFilter@52463255, org.springframework.security.web.authentication.logout.LogoutFilter@77622c82, lab.base.config.security.JwtLoginFilter@66f5770e, lab.base.config.security.JwtAuthenticationFilter@16024b49, org.springframework.security.web.savedrequest.RequestCacheAwareFilter@421d7900, org.springframework.security.web.servletapi.SecurityContextHolderAwareRequestFilter@45964b9e, org.springframework.security.web.authentication.AnonymousAuthenticationFilter@53f94afe, org.springframework.security.web.access.ExceptionTranslationFilter@4ef277ef, org.springframework.security.web.access.intercept.FilterSecurityInterceptor@56351c02]
2023-10-25 12:51:57.735 [main] INFO  org.flowable.spring.boot.app.AppEngineAutoConfiguration.discoverDeploymentResources:104 - No deployment resources were found for autodeployment
2023-10-25 12:51:57.943 [main] INFO  org.flowable.spring.boot.ProcessEngineAutoConfiguration.discoverDeploymentResources:104 - No deployment resources were found for autodeployment
2023-10-25 12:51:58.590 [main] INFO  o.flowable.spring.boot.cmmn.CmmnEngineAutoConfiguration.discoverDeploymentResources:104 - No deployment resources were found for autodeployment
2023-10-25 12:51:58.938 [main] INFO  org.flowable.spring.boot.dmn.DmnEngineAutoConfiguration.discoverDeploymentResources:104 - No deployment resources were found for autodeployment
2023-10-25 12:51:59.042 [main] INFO  o.f.s.boot.eventregistry.EventRegistryAutoConfiguration.discoverDeploymentResources:104 - No deployment resources were found for autodeployment
2023-10-25 12:51:59.129 [main] INFO  org.flowable.app.spring.SpringAppEngineConfiguration.initConfigurators:1084 - Found 5 Engine Configurators in total:
2023-10-25 12:51:59.129 [main] INFO  org.flowable.app.spring.SpringAppEngineConfiguration.initConfigurators:1086 - class org.flowable.engine.spring.configurator.SpringProcessEngineConfigurator (priority:50000)
2023-10-25 12:51:59.130 [main] INFO  org.flowable.app.spring.SpringAppEngineConfiguration.initConfigurators:1086 - class org.flowable.eventregistry.spring.configurator.SpringEventRegistryConfigurator (priority:100000)
2023-10-25 12:51:59.130 [main] INFO  org.flowable.app.spring.SpringAppEngineConfiguration.initConfigurators:1086 - class org.flowable.idm.spring.configurator.SpringIdmEngineConfigurator (priority:150000)
2023-10-25 12:51:59.130 [main] INFO  org.flowable.app.spring.SpringAppEngineConfiguration.initConfigurators:1086 - class org.flowable.dmn.spring.configurator.SpringDmnEngineConfigurator (priority:200000)
2023-10-25 12:51:59.130 [main] INFO  org.flowable.app.spring.SpringAppEngineConfiguration.initConfigurators:1086 - class org.flowable.cmmn.spring.configurator.SpringCmmnEngineConfigurator (priority:500000)
2023-10-25 12:51:59.130 [main] INFO  org.flowable.app.spring.SpringAppEngineConfiguration.configuratorsBeforeInit:1112 - Executing beforeInit() of class org.flowable.engine.spring.configurator.SpringProcessEngineConfigurator (priority:50000)
2023-10-25 12:51:59.137 [main] INFO  org.flowable.app.spring.SpringAppEngineConfiguration.configuratorsBeforeInit:1112 - Executing beforeInit() of class org.flowable.eventregistry.spring.configurator.SpringEventRegistryConfigurator (priority:100000)
2023-10-25 12:51:59.142 [main] INFO  org.flowable.app.spring.SpringAppEngineConfiguration.configuratorsBeforeInit:1112 - Executing beforeInit() of class org.flowable.idm.spring.configurator.SpringIdmEngineConfigurator (priority:150000)
2023-10-25 12:51:59.147 [main] INFO  org.flowable.app.spring.SpringAppEngineConfiguration.configuratorsBeforeInit:1112 - Executing beforeInit() of class org.flowable.dmn.spring.configurator.SpringDmnEngineConfigurator (priority:200000)
2023-10-25 12:51:59.151 [main] INFO  org.flowable.app.spring.SpringAppEngineConfiguration.configuratorsBeforeInit:1112 - Executing beforeInit() of class org.flowable.cmmn.spring.configurator.SpringCmmnEngineConfigurator (priority:500000)
2023-10-25 12:51:59.211 [main] INFO  com.zaxxer.hikari.HikariDataSource.getConnection:110 - MyHikariCP - Starting...
2023-10-25 12:51:59.683 [main] INFO  com.zaxxer.hikari.pool.HikariPool.checkFailFast:565 - MyHikariCP - Added connection com.mysql.cj.jdbc.ConnectionImpl@adb15df
2023-10-25 12:51:59.685 [main] INFO  com.zaxxer.hikari.HikariDataSource.getConnection:123 - MyHikariCP - Start completed.
2023-10-25 12:52:00.613 [main] INFO  org.flowable.app.spring.SpringAppEngineConfiguration.configuratorsAfterInit:1119 - Executing configure() of class org.flowable.engine.spring.configurator.SpringProcessEngineConfigurator (priority:50000)
2023-10-25 12:52:00.965 [main] INFO  org.flowable.engine.impl.ProcessEngineImpl.<init>:89 - ProcessEngine default created
2023-10-25 12:52:01.014 [main] INFO  org.flowable.engine.impl.cmd.ValidateV5EntitiesCmd.execute:43 - Total of v5 deployments found: 0
2023-10-25 12:52:01.022 [main] INFO  org.flowable.app.spring.SpringAppEngineConfiguration.configuratorsAfterInit:1119 - Executing configure() of class org.flowable.eventregistry.spring.configurator.SpringEventRegistryConfigurator (priority:100000)
2023-10-25 12:52:01.676 [main] INFO  liquibase.changelog.log:37 - Reading from test.FLW_EV_DATABASECHANGELOG
2023-10-25 12:52:01.684 [main] INFO  liquibase.executor.log:37 - Changelog query completed.
2023-10-25 12:52:01.723 [main] INFO  org.flowable.eventregistry.impl.EventRegistryEngineImpl.<init>:53 - EventRegistryEngine default created
2023-10-25 12:52:01.724 [main] INFO  org.flowable.app.spring.SpringAppEngineConfiguration.configuratorsAfterInit:1119 - Executing configure() of class org.flowable.idm.spring.configurator.SpringIdmEngineConfigurator (priority:150000)
2023-10-25 12:52:01.742 [main] INFO  org.flowable.idm.engine.impl.IdmEngineImpl.<init>:52 - IdmEngine default created
2023-10-25 12:52:01.743 [main] INFO  org.flowable.app.spring.SpringAppEngineConfiguration.configuratorsAfterInit:1119 - Executing configure() of class org.flowable.dmn.spring.configurator.SpringDmnEngineConfigurator (priority:200000)
2023-10-25 12:52:01.792 [main] INFO  liquibase.changelog.log:37 - Reading from test.ACT_DMN_DATABASECHANGELOG
2023-10-25 12:52:01.796 [main] INFO  liquibase.executor.log:37 - Changelog query completed.
2023-10-25 12:52:01.812 [main] INFO  org.flowable.dmn.engine.impl.DmnEngineImpl.<init>:55 - DmnEngine default created
2023-10-25 12:52:01.814 [main] INFO  org.flowable.app.spring.SpringAppEngineConfiguration.configuratorsAfterInit:1119 - Executing configure() of class org.flowable.cmmn.spring.configurator.SpringCmmnEngineConfigurator (priority:500000)
2023-10-25 12:52:02.017 [main] INFO  liquibase.changelog.log:37 - Reading from test.ACT_CMMN_DATABASECHANGELOG
2023-10-25 12:52:02.020 [main] INFO  liquibase.executor.log:37 - Changelog query completed.
2023-10-25 12:52:02.049 [main] INFO  org.flowable.cmmn.engine.impl.CmmnEngineImpl.<init>:72 - CmmnEngine default created
2023-10-25 12:52:02.079 [main] INFO  liquibase.changelog.log:37 - Reading from test.ACT_APP_DATABASECHANGELOG
2023-10-25 12:52:02.081 [main] INFO  liquibase.executor.log:37 - Changelog query completed.
2023-10-25 12:52:02.086 [main] INFO  org.flowable.app.engine.impl.AppEngineImpl.<init>:48 - AppEngine default created
2023-10-25 12:52:03.228 [main] INFO  o.f.job.service.impl.asyncexecutor.AbstractAsyncExecutor.start:101 - Starting up the async job executor [org.flowable.spring.job.service.SpringAsyncExecutor] for engine cmmn
2023-10-25 12:52:03.244 [Thread-3] INFO  o.f.j.s.impl.asyncexecutor.ResetExpiredJobsRunnable.run:63 - starting to reset expired jobs for engine cmmn
2023-10-25 12:52:03.245 [main] INFO  o.f.job.service.impl.asyncexecutor.AbstractAsyncExecutor.start:101 - Starting up the async job executor [org.flowable.spring.job.service.SpringAsyncExecutor] for engine bpmn
2023-10-25 12:52:03.246 [Thread-1] INFO  o.f.j.s.impl.asyncexecutor.AcquireAsyncJobsDueRunnable.run:106 - starting to acquire async jobs due for engine cmmn
2023-10-25 12:52:03.251 [Thread-5] INFO  o.f.j.s.impl.asyncexecutor.AcquireTimerJobsRunnable.run:109 - starting to acquire async jobs due for engine bpmn
2023-10-25 12:52:03.252 [Thread-6] INFO  o.f.j.s.impl.asyncexecutor.ResetExpiredJobsRunnable.run:63 - starting to reset expired jobs for engine bpmn
2023-10-25 12:52:03.263 [main] INFO  io.undertow.start:120 - starting server: Undertow - 2.3.7.Final
2023-10-25 12:52:03.280 [main] INFO  org.xnio.<clinit>:95 - XNIO version 3.8.8.Final
2023-10-25 12:52:03.295 [main] INFO  org.xnio.nio.<clinit>:58 - XNIO NIO Implementation Version 3.8.8.Final
2023-10-25 12:52:03.361 [main] INFO  org.jboss.threads.<clinit>:55 - JBoss Threads version 3.5.0.Final
2023-10-25 12:52:03.462 [main] INFO  o.s.boot.web.embedded.undertow.UndertowWebServer.start:121 - Undertow started on port(s) 8080 (http)
2023-10-25 12:52:03.495 [main] INFO  lab.StandardLabApplication.logStarted:57 - Started StandardLabApplication in 11.339 seconds (process running for 12.283)
2023-10-25 12:55:36.796 [XNIO-1 task-2] INFO  io.undertow.servlet.log:372 - Initializing Spring DispatcherServlet 'dispatcherServlet'
2023-10-25 12:55:36.797 [XNIO-1 task-2] INFO  org.springframework.web.servlet.DispatcherServlet.initServletBean:532 - Initializing Servlet 'dispatcherServlet'
2023-10-25 12:55:36.800 [XNIO-1 task-2] INFO  org.springframework.web.servlet.DispatcherServlet.initServletBean:554 - Completed initialization in 3 ms
2023-10-25 17:05:55.969 [XNIO-1 task-2] INFO  lab.base.util.aspect.LogAspect.doBefore:57 - 请求开始时间：2023-10-25T17:05:55.968257100
2023-10-25 17:05:55.972 [XNIO-1 task-2] INFO  lab.base.util.aspect.LogAspect.doBefore:58 - 请求Url : http://localhost:8080/sql/selTable
2023-10-25 17:05:55.972 [XNIO-1 task-2] INFO  lab.base.util.aspect.LogAspect.doBefore:59 - 请求方式 : POST
2023-10-25 17:05:55.972 [XNIO-1 task-2] INFO  lab.base.util.aspect.LogAspect.doBefore:60 - 请求ip : 127.0.0.1
2023-10-25 17:05:55.973 [XNIO-1 task-2] INFO  lab.base.util.aspect.LogAspect.doBefore:61 - 请求内容类型 : application/json;charset=UTF-8
2023-10-25 17:05:55.984 [XNIO-1 task-2] INFO  lab.base.util.aspect.LogAspect.doBefore:62 - 请求参数 : [{"id":0,"ownerid":0,"updateid":0}]
2023-10-25 17:05:55.984 [XNIO-1 task-2] INFO  lab.base.util.aspect.LogAspect.doBefore:64 - 浏览器 : CHROME8
2023-10-25 17:05:55.985 [XNIO-1 task-2] INFO  lab.base.util.aspect.LogAspect.doBefore:65 - 浏览器版本 : 85.0.4183.83
2023-10-25 17:05:55.985 [XNIO-1 task-2] INFO  lab.base.util.aspect.LogAspect.doBefore:66 - 操作系统: WINDOWS_10
2023-10-25 17:05:56.000 [XNIO-1 task-2] INFO  lab.base.util.aspect.LogAspect.doAfterReturning:86 - 请求结束时间 : 2023-10-25T17:05:56.000172500
2023-10-25 17:05:56.001 [XNIO-1 task-2] INFO  lab.base.util.aspect.LogAspect.doAfterReturning:87 - 请求耗时 : 0秒
2023-10-25 17:05:56.001 [XNIO-1 task-2] INFO  lab.base.util.aspect.LogAspect.doAfterReturning:89 - 请求返回 : {"code":200,"msg":"查询成功","payload":[{"id":7,"ownerid":0,"parentid":0,"remark":"这是一张测试表","sqlview":"","tabledocno":"t_test","type":"1","updateid":0},{"id":8,"ownerid":0,"parentid":0,"remark":"这是一张测试表","tabledocno":"t_test","tablename":"测试表","type":"1","updateid":0},{"id":9,"ownerid":0,"parentid":0,"tabledocno":"t_test1","tablename":"111","updateid":0},{"createtime":"2023-10-09 23:25:31","id":13,"ownerid":0,"parentid":0,"remark":"","tabledocno":"t_test2","tablename":"测试2","type":"1","updateid":0,"updatetime":"2023-10-09 23:25:31"},{"createtime":"2023-10-09 23:33:21","id":14,"ownerid":0,"parentid":0,"remark":"试试前端新建表格","tabledocno":"t_test3","tablename":"测试3","type":"1","updateid":0,"updatetime":"2023-10-09 23:33:21"},{"createtime":"2023-10-09 23:39:52","id":15,"ownerid":0,"parentid":0,"remark":"多试几下","tabledocno":"t_test5","tablename":"测试表5","type":"1","updateid":10,"updatename":"管理员","updatetime":"2023-10-12 17:30:19","updateusername":"admin"},{"createtime":"2023-10-23 21:52:25","id":16,"ownerid":0,"parentid":0,"remark":"测试一下","tabledocno":"test006","tablename":"测试006表","type":"1","updateid":0,"updatetime":"2023-10-23 21:52:25"}]}
2023-10-25 17:05:57.157 [XNIO-1 task-2] INFO  lab.base.util.aspect.LogAspect.doBefore:57 - 请求开始时间：2023-10-25T17:05:57.157723800
2023-10-25 17:05:57.157 [XNIO-1 task-2] INFO  lab.base.util.aspect.LogAspect.doBefore:58 - 请求Url : http://localhost:8080/sql/selField
2023-10-25 17:05:57.158 [XNIO-1 task-2] INFO  lab.base.util.aspect.LogAspect.doBefore:59 - 请求方式 : POST
2023-10-25 17:05:57.158 [XNIO-1 task-2] INFO  lab.base.util.aspect.LogAspect.doBefore:60 - 请求ip : 127.0.0.1
2023-10-25 17:05:57.158 [XNIO-1 task-2] INFO  lab.base.util.aspect.LogAspect.doBefore:61 - 请求内容类型 : application/json;charset=UTF-8
2023-10-25 17:05:57.167 [XNIO-1 task-2] INFO  lab.base.util.aspect.LogAspect.doBefore:62 - 请求参数 : [{"id":0,"ownerid":0,"tabledocno":"test006","tableid":0,"updateid":0}]
2023-10-25 17:05:57.168 [XNIO-1 task-2] INFO  lab.base.util.aspect.LogAspect.doBefore:64 - 浏览器 : CHROME8
2023-10-25 17:05:57.169 [XNIO-1 task-2] INFO  lab.base.util.aspect.LogAspect.doBefore:65 - 浏览器版本 : 85.0.4183.83
2023-10-25 17:05:57.169 [XNIO-1 task-2] INFO  lab.base.util.aspect.LogAspect.doBefore:66 - 操作系统: WINDOWS_10
2023-10-25 17:05:57.179 [XNIO-1 task-2] INFO  lab.base.util.aspect.LogAspect.doAfterReturning:86 - 请求结束时间 : 2023-10-25T17:05:57.179015100
2023-10-25 17:05:57.180 [XNIO-1 task-2] INFO  lab.base.util.aspect.LogAspect.doAfterReturning:87 - 请求耗时 : 0秒
2023-10-25 17:05:57.180 [XNIO-1 task-2] INFO  lab.base.util.aspect.LogAspect.doAfterReturning:89 - 请求返回 : {"code":200,"msg":"查询成功","payload":[{"createtime":"2023-10-23 21:52:25","decimals":0,"defaults":"","fielddocno":"id","fieldname":"id","id":44,"increment":"Y","length":0,"notNull":"Y","ownerid":0,"primaryKey":"Y","tabledocno":"test006","tableid":1,"type":"int","updateid":0,"updatetime":"2023-10-23 21:52:25"},{"createtime":"2023-10-23 21:52:25","decimals":0,"defaults":"","fielddocno":"test001","fieldname":"测试001","id":45,"increment":"","length":50,"notNull":"","ownerid":0,"primaryKey":"","tabledocno":"test006","tableid":1,"type":"varchar","updateid":0,"updatetime":"2023-10-23 21:52:25"},{"createtime":"2023-10-23 21:52:25","decimals":0,"defaults":"","fielddocno":"testdocno","fieldname":"单号","id":46,"increment":"","length":100,"notNull":"","ownerid":0,"primaryKey":"","tabledocno":"test006","tableid":1,"type":"varchar","updateid":0,"updatetime":"2023-10-23 21:52:25"},{"createtime":"2023-10-23 21:52:25","decimals":3,"defaults":"","fielddocno":"test003","fieldname":"测试002","id":47,"increment":"","length":10,"notNull":"","ownerid":0,"primaryKey":"","tabledocno":"test006","tableid":1,"type":"float","updateid":10,"updatename":"管理员","updatetime":"2023-10-23 21:56:20","updateusername":"admin"}]}
2023-10-25 17:05:59.798 [XNIO-1 task-2] INFO  lab.base.util.aspect.LogAspect.doBefore:57 - 请求开始时间：2023-10-25T17:05:59.798097500
2023-10-25 17:05:59.799 [XNIO-1 task-2] INFO  lab.base.util.aspect.LogAspect.doBefore:58 - 请求Url : http://localhost:8080/sql/selField
2023-10-25 17:05:59.799 [XNIO-1 task-2] INFO  lab.base.util.aspect.LogAspect.doBefore:59 - 请求方式 : POST
2023-10-25 17:05:59.800 [XNIO-1 task-2] INFO  lab.base.util.aspect.LogAspect.doBefore:60 - 请求ip : 127.0.0.1
2023-10-25 17:05:59.800 [XNIO-1 task-2] INFO  lab.base.util.aspect.LogAspect.doBefore:61 - 请求内容类型 : application/json;charset=UTF-8
2023-10-25 17:05:59.801 [XNIO-1 task-2] INFO  lab.base.util.aspect.LogAspect.doBefore:62 - 请求参数 : [{"id":0,"ownerid":0,"tabledocno":"t_test5","tableid":0,"updateid":0}]
2023-10-25 17:05:59.801 [XNIO-1 task-2] INFO  lab.base.util.aspect.LogAspect.doBefore:64 - 浏览器 : CHROME8
2023-10-25 17:05:59.802 [XNIO-1 task-2] INFO  lab.base.util.aspect.LogAspect.doBefore:65 - 浏览器版本 : 85.0.4183.83
2023-10-25 17:05:59.802 [XNIO-1 task-2] INFO  lab.base.util.aspect.LogAspect.doBefore:66 - 操作系统: WINDOWS_10
2023-10-25 17:05:59.808 [XNIO-1 task-2] INFO  lab.base.util.aspect.LogAspect.doAfterReturning:86 - 请求结束时间 : 2023-10-25T17:05:59.808070800
2023-10-25 17:05:59.809 [XNIO-1 task-2] INFO  lab.base.util.aspect.LogAspect.doAfterReturning:87 - 请求耗时 : 0秒
2023-10-25 17:05:59.809 [XNIO-1 task-2] INFO  lab.base.util.aspect.LogAspect.doAfterReturning:89 - 请求返回 : {"code":200,"msg":"查询成功","payload":[{"createtime":"2023-10-11 22:55:17","decimals":0,"defaults":"aswtq3wtqwtrq23wt","fielddocno":"test","fieldname":"测试一下","id":32,"increment":"N","length":60,"notNull":"Y","ownerid":0,"primaryKey":"N","tabledocno":"t_test5","tableid":15,"type":"varchar","updateid":10,"updatename":"管理员","updatetime":"2023-10-11 22:55:17","updateusername":"admin"},{"createtime":"2023-10-11 22:56:49","decimals":0,"defaults":"案说法切勿让他请问人情味","fielddocno":"test124","fieldname":"测试第二下","id":33,"increment":"N","length":255,"notNull":"Y","ownerid":0,"primaryKey":"N","tabledocno":"t_test5","tableid":15,"type":"varchar","updateid":10,"updatename":"管理员","updatetime":"2023-10-11 22:56:49","updateusername":"admin"},{"createtime":"2023-10-11 22:58:09","decimals":0,"defaults":"0","fielddocno":"test125","fieldname":"qwrtqwrqwr","id":34,"increment":"N","length":5,"notNull":"N","ownerid":0,"primaryKey":"N","tabledocno":"t_test5","tableid":15,"type":"int","updateid":10,"updatename":"管理员","updatetime":"2023-10-11 22:58:09","updateusername":"admin"},{"createtime":"2023-10-11 23:02:24","decimals":0,"defaults":"","fielddocno":"test99","fieldname":"你猜","id":36,"increment":"N","length":60,"notNull":"N","ownerid":0,"primaryKey":"N","tabledocno":"t_test5","tableid":15,"type":"int","updateid":10,"updatename":"管理员","updatetime":"2023-10-12 02:24:36","updateusername":"admin"},{"createtime":"2023-10-12 02:26:53","decimals":0,"defaults":"0","fielddocno":"test100","fieldname":"测试100","id":42,"increment":"N","length":255,"notNull":"Y","ownerid":0,"primaryKey":"N","tabledocno":"t_test5","tableid":15,"type":"int","updateid":10,"updatename":"管理员","updatetime":"2023-10-12 02:31:22","updateusername":"admin"},{"createtime":"2023-10-12 02:36:14","decimals":0,"defaults":"","fielddocno":"test222","fieldname":"测试222","id":43,"increment":"N","length":255,"notNull":"N","ownerid":0,"primaryKey":"N","tabledocno":"t_test5","tableid":15,"type":"varchar","updateid":10,"updatename":"管理员","updatetime":"2023-10-12 02:36:14","updateusername":"admin"}]}
2023-10-25 17:06:04.204 [XNIO-1 task-2] INFO  lab.base.util.aspect.LogAspect.doBefore:57 - 请求开始时间：2023-10-25T17:06:04.204249200
2023-10-25 17:06:04.205 [XNIO-1 task-2] INFO  lab.base.util.aspect.LogAspect.doBefore:58 - 请求Url : http://localhost:8080/sql/selTable
2023-10-25 17:06:04.206 [XNIO-1 task-2] INFO  lab.base.util.aspect.LogAspect.doBefore:59 - 请求方式 : POST
2023-10-25 17:06:04.207 [XNIO-1 task-2] INFO  lab.base.util.aspect.LogAspect.doBefore:60 - 请求ip : 127.0.0.1
2023-10-25 17:06:04.208 [XNIO-1 task-2] INFO  lab.base.util.aspect.LogAspect.doBefore:61 - 请求内容类型 : application/json;charset=UTF-8
2023-10-25 17:06:04.209 [XNIO-1 task-2] INFO  lab.base.util.aspect.LogAspect.doBefore:62 - 请求参数 : [{"id":0,"ownerid":0,"updateid":0}]
2023-10-25 17:06:04.209 [XNIO-1 task-2] INFO  lab.base.util.aspect.LogAspect.doBefore:64 - 浏览器 : CHROME8
2023-10-25 17:06:04.210 [XNIO-1 task-2] INFO  lab.base.util.aspect.LogAspect.doBefore:65 - 浏览器版本 : 85.0.4183.83
2023-10-25 17:06:04.211 [XNIO-1 task-2] INFO  lab.base.util.aspect.LogAspect.doBefore:66 - 操作系统: WINDOWS_10
2023-10-25 17:06:04.219 [XNIO-1 task-2] INFO  lab.base.util.aspect.LogAspect.doAfterReturning:86 - 请求结束时间 : 2023-10-25T17:06:04.219191700
2023-10-25 17:06:04.220 [XNIO-1 task-2] INFO  lab.base.util.aspect.LogAspect.doAfterReturning:87 - 请求耗时 : 0秒
2023-10-25 17:06:04.221 [XNIO-1 task-2] INFO  lab.base.util.aspect.LogAspect.doAfterReturning:89 - 请求返回 : {"code":200,"msg":"查询成功","payload":[{"id":7,"ownerid":0,"parentid":0,"remark":"这是一张测试表","sqlview":"","tabledocno":"t_test","type":"1","updateid":0},{"id":8,"ownerid":0,"parentid":0,"remark":"这是一张测试表","tabledocno":"t_test","tablename":"测试表","type":"1","updateid":0},{"id":9,"ownerid":0,"parentid":0,"tabledocno":"t_test1","tablename":"111","updateid":0},{"createtime":"2023-10-09 23:25:31","id":13,"ownerid":0,"parentid":0,"remark":"","tabledocno":"t_test2","tablename":"测试2","type":"1","updateid":0,"updatetime":"2023-10-09 23:25:31"},{"createtime":"2023-10-09 23:33:21","id":14,"ownerid":0,"parentid":0,"remark":"试试前端新建表格","tabledocno":"t_test3","tablename":"测试3","type":"1","updateid":0,"updatetime":"2023-10-09 23:33:21"},{"createtime":"2023-10-09 23:39:52","id":15,"ownerid":0,"parentid":0,"remark":"多试几下","tabledocno":"t_test5","tablename":"测试表5","type":"1","updateid":10,"updatename":"管理员","updatetime":"2023-10-12 17:30:19","updateusername":"admin"},{"createtime":"2023-10-23 21:52:25","id":16,"ownerid":0,"parentid":0,"remark":"测试一下","tabledocno":"test006","tablename":"测试006表","type":"1","updateid":0,"updatetime":"2023-10-23 21:52:25"}]}
2023-10-25 17:06:07.795 [XNIO-1 task-2] INFO  lab.base.util.aspect.LogAspect.doBefore:57 - 请求开始时间：2023-10-25T17:06:07.795426700
2023-10-25 17:06:07.795 [XNIO-1 task-2] INFO  lab.base.util.aspect.LogAspect.doBefore:58 - 请求Url : http://localhost:8080/sql/selField
2023-10-25 17:06:07.796 [XNIO-1 task-2] INFO  lab.base.util.aspect.LogAspect.doBefore:59 - 请求方式 : POST
2023-10-25 17:06:07.796 [XNIO-1 task-2] INFO  lab.base.util.aspect.LogAspect.doBefore:60 - 请求ip : 127.0.0.1
2023-10-25 17:06:07.797 [XNIO-1 task-2] INFO  lab.base.util.aspect.LogAspect.doBefore:61 - 请求内容类型 : application/json;charset=UTF-8
2023-10-25 17:06:07.798 [XNIO-1 task-2] INFO  lab.base.util.aspect.LogAspect.doBefore:62 - 请求参数 : [{"id":0,"ownerid":0,"tabledocno":"test006","tableid":0,"updateid":0}]
2023-10-25 17:06:07.798 [XNIO-1 task-2] INFO  lab.base.util.aspect.LogAspect.doBefore:64 - 浏览器 : CHROME8
2023-10-25 17:06:07.799 [XNIO-1 task-2] INFO  lab.base.util.aspect.LogAspect.doBefore:65 - 浏览器版本 : 85.0.4183.83
2023-10-25 17:06:07.800 [XNIO-1 task-2] INFO  lab.base.util.aspect.LogAspect.doBefore:66 - 操作系统: WINDOWS_10
2023-10-25 17:06:07.806 [XNIO-1 task-2] INFO  lab.base.util.aspect.LogAspect.doAfterReturning:86 - 请求结束时间 : 2023-10-25T17:06:07.806935500
2023-10-25 17:06:07.807 [XNIO-1 task-2] INFO  lab.base.util.aspect.LogAspect.doAfterReturning:87 - 请求耗时 : 0秒
2023-10-25 17:06:07.807 [XNIO-1 task-2] INFO  lab.base.util.aspect.LogAspect.doAfterReturning:89 - 请求返回 : {"code":200,"msg":"查询成功","payload":[{"createtime":"2023-10-23 21:52:25","decimals":0,"defaults":"","fielddocno":"id","fieldname":"id","id":44,"increment":"Y","length":0,"notNull":"Y","ownerid":0,"primaryKey":"Y","tabledocno":"test006","tableid":1,"type":"int","updateid":0,"updatetime":"2023-10-23 21:52:25"},{"createtime":"2023-10-23 21:52:25","decimals":0,"defaults":"","fielddocno":"test001","fieldname":"测试001","id":45,"increment":"","length":50,"notNull":"","ownerid":0,"primaryKey":"","tabledocno":"test006","tableid":1,"type":"varchar","updateid":0,"updatetime":"2023-10-23 21:52:25"},{"createtime":"2023-10-23 21:52:25","decimals":0,"defaults":"","fielddocno":"testdocno","fieldname":"单号","id":46,"increment":"","length":100,"notNull":"","ownerid":0,"primaryKey":"","tabledocno":"test006","tableid":1,"type":"varchar","updateid":0,"updatetime":"2023-10-23 21:52:25"},{"createtime":"2023-10-23 21:52:25","decimals":3,"defaults":"","fielddocno":"test003","fieldname":"测试002","id":47,"increment":"","length":10,"notNull":"","ownerid":0,"primaryKey":"","tabledocno":"test006","tableid":1,"type":"float","updateid":10,"updatename":"管理员","updatetime":"2023-10-23 21:56:20","updateusername":"admin"}]}
2023-10-25 23:29:36.032 [XNIO-1 task-2] INFO  lab.base.util.aspect.LogAspect.doBefore:57 - 请求开始时间：2023-10-25T23:29:36.031032700
2023-10-25 23:29:36.052 [XNIO-1 task-2] INFO  lab.base.util.aspect.LogAspect.doBefore:58 - 请求Url : http://localhost:8080/sql/selTable
2023-10-25 23:29:36.054 [XNIO-1 task-2] INFO  lab.base.util.aspect.LogAspect.doBefore:59 - 请求方式 : POST
2023-10-25 23:29:36.055 [XNIO-1 task-2] INFO  lab.base.util.aspect.LogAspect.doBefore:60 - 请求ip : 127.0.0.1
2023-10-25 23:29:36.055 [XNIO-1 task-2] INFO  lab.base.util.aspect.LogAspect.doBefore:61 - 请求内容类型 : application/json;charset=UTF-8
2023-10-25 23:29:36.060 [XNIO-1 task-2] INFO  lab.base.util.aspect.LogAspect.doBefore:62 - 请求参数 : [{"id":0,"ownerid":0,"updateid":0}]
2023-10-25 23:29:36.062 [XNIO-1 task-2] INFO  lab.base.util.aspect.LogAspect.doBefore:64 - 浏览器 : CHROME8
2023-10-25 23:29:36.064 [XNIO-1 task-2] INFO  lab.base.util.aspect.LogAspect.doBefore:65 - 浏览器版本 : 85.0.4183.83
2023-10-25 23:29:36.064 [XNIO-1 task-2] INFO  lab.base.util.aspect.LogAspect.doBefore:66 - 操作系统: WINDOWS_10
2023-10-25 23:29:36.097 [XNIO-1 task-2] INFO  lab.base.util.aspect.LogAspect.doAfterReturning:86 - 请求结束时间 : 2023-10-25T23:29:36.097725100
2023-10-25 23:29:36.098 [XNIO-1 task-2] INFO  lab.base.util.aspect.LogAspect.doAfterReturning:87 - 请求耗时 : 0秒
2023-10-25 23:29:36.100 [XNIO-1 task-2] INFO  lab.base.util.aspect.LogAspect.doAfterReturning:89 - 请求返回 : {"code":200,"msg":"查询成功","payload":[{"id":7,"ownerid":0,"parentid":0,"remark":"这是一张测试表","sqlview":"","tabledocno":"t_test","type":"1","updateid":0},{"id":8,"ownerid":0,"parentid":0,"remark":"这是一张测试表","tabledocno":"t_test","tablename":"测试表","type":"1","updateid":0},{"id":9,"ownerid":0,"parentid":0,"tabledocno":"t_test1","tablename":"111","updateid":0},{"createtime":"2023-10-09 23:25:31","id":13,"ownerid":0,"parentid":0,"remark":"","tabledocno":"t_test2","tablename":"测试2","type":"1","updateid":0,"updatetime":"2023-10-09 23:25:31"},{"createtime":"2023-10-09 23:33:21","id":14,"ownerid":0,"parentid":0,"remark":"试试前端新建表格","tabledocno":"t_test3","tablename":"测试3","type":"1","updateid":0,"updatetime":"2023-10-09 23:33:21"},{"createtime":"2023-10-09 23:39:52","id":15,"ownerid":0,"parentid":0,"remark":"多试几下","tabledocno":"t_test5","tablename":"测试表5","type":"1","updateid":10,"updatename":"管理员","updatetime":"2023-10-12 17:30:19","updateusername":"admin"},{"createtime":"2023-10-23 21:52:25","id":16,"ownerid":0,"parentid":0,"remark":"测试一下","tabledocno":"test006","tablename":"测试006表","type":"1","updateid":0,"updatetime":"2023-10-23 21:52:25"}]}
2023-10-25 23:30:12.981 [XNIO-1 task-2] INFO  lab.base.util.aspect.LogAspect.doBefore:57 - 请求开始时间：2023-10-25T23:30:12.981911700
2023-10-25 23:30:12.982 [XNIO-1 task-2] INFO  lab.base.util.aspect.LogAspect.doBefore:58 - 请求Url : http://localhost:8080/sql/selTable
2023-10-25 23:30:12.983 [XNIO-1 task-2] INFO  lab.base.util.aspect.LogAspect.doBefore:59 - 请求方式 : POST
2023-10-25 23:30:12.983 [XNIO-1 task-2] INFO  lab.base.util.aspect.LogAspect.doBefore:60 - 请求ip : 127.0.0.1
2023-10-25 23:30:12.983 [XNIO-1 task-2] INFO  lab.base.util.aspect.LogAspect.doBefore:61 - 请求内容类型 : application/json;charset=UTF-8
2023-10-25 23:30:12.983 [XNIO-1 task-2] INFO  lab.base.util.aspect.LogAspect.doBefore:62 - 请求参数 : [{"id":0,"ownerid":0,"updateid":0}]
2023-10-25 23:30:12.983 [XNIO-1 task-2] INFO  lab.base.util.aspect.LogAspect.doBefore:64 - 浏览器 : CHROME8
2023-10-25 23:30:12.984 [XNIO-1 task-2] INFO  lab.base.util.aspect.LogAspect.doBefore:65 - 浏览器版本 : 85.0.4183.83
2023-10-25 23:30:12.984 [XNIO-1 task-2] INFO  lab.base.util.aspect.LogAspect.doBefore:66 - 操作系统: WINDOWS_10
2023-10-25 23:30:12.989 [XNIO-1 task-2] INFO  lab.base.util.aspect.LogAspect.doAfterReturning:86 - 请求结束时间 : 2023-10-25T23:30:12.989890100
2023-10-25 23:30:12.990 [XNIO-1 task-2] INFO  lab.base.util.aspect.LogAspect.doAfterReturning:87 - 请求耗时 : 0秒
2023-10-25 23:30:12.991 [XNIO-1 task-2] INFO  lab.base.util.aspect.LogAspect.doAfterReturning:89 - 请求返回 : {"code":200,"msg":"查询成功","payload":[{"id":7,"ownerid":0,"parentid":0,"remark":"这是一张测试表","sqlview":"","tabledocno":"t_test","type":"1","updateid":0},{"id":8,"ownerid":0,"parentid":0,"remark":"这是一张测试表","tabledocno":"t_test","tablename":"测试表","type":"1","updateid":0},{"id":9,"ownerid":0,"parentid":0,"tabledocno":"t_test1","tablename":"111","updateid":0},{"createtime":"2023-10-09 23:25:31","id":13,"ownerid":0,"parentid":0,"remark":"","tabledocno":"t_test2","tablename":"测试2","type":"1","updateid":0,"updatetime":"2023-10-09 23:25:31"},{"createtime":"2023-10-09 23:33:21","id":14,"ownerid":0,"parentid":0,"remark":"试试前端新建表格","tabledocno":"t_test3","tablename":"测试3","type":"1","updateid":0,"updatetime":"2023-10-09 23:33:21"},{"createtime":"2023-10-09 23:39:52","id":15,"ownerid":0,"parentid":0,"remark":"多试几下","tabledocno":"t_test5","tablename":"测试表5","type":"1","updateid":10,"updatename":"管理员","updatetime":"2023-10-12 17:30:19","updateusername":"admin"},{"createtime":"2023-10-23 21:52:25","id":16,"ownerid":0,"parentid":0,"remark":"测试一下","tabledocno":"test006","tablename":"测试006表","type":"1","updateid":0,"updatetime":"2023-10-23 21:52:25"}]}
2023-10-25 23:31:12.644 [XNIO-1 task-2] INFO  lab.base.util.aspect.LogAspect.doBefore:57 - 请求开始时间：2023-10-25T23:31:12.644742500
2023-10-25 23:31:12.645 [XNIO-1 task-2] INFO  lab.base.util.aspect.LogAspect.doBefore:58 - 请求Url : http://localhost:8080/sql/selTable
2023-10-25 23:31:12.645 [XNIO-1 task-2] INFO  lab.base.util.aspect.LogAspect.doBefore:59 - 请求方式 : POST
2023-10-25 23:31:12.646 [XNIO-1 task-2] INFO  lab.base.util.aspect.LogAspect.doBefore:60 - 请求ip : 127.0.0.1
2023-10-25 23:31:12.646 [XNIO-1 task-2] INFO  lab.base.util.aspect.LogAspect.doBefore:61 - 请求内容类型 : application/json;charset=UTF-8
2023-10-25 23:31:12.646 [XNIO-1 task-2] INFO  lab.base.util.aspect.LogAspect.doBefore:62 - 请求参数 : [{"id":0,"ownerid":0,"updateid":0}]
2023-10-25 23:31:12.646 [XNIO-1 task-2] INFO  lab.base.util.aspect.LogAspect.doBefore:64 - 浏览器 : CHROME8
2023-10-25 23:31:12.646 [XNIO-1 task-2] INFO  lab.base.util.aspect.LogAspect.doBefore:65 - 浏览器版本 : 85.0.4183.83
2023-10-25 23:31:12.646 [XNIO-1 task-2] INFO  lab.base.util.aspect.LogAspect.doBefore:66 - 操作系统: WINDOWS_10
2023-10-25 23:31:12.651 [XNIO-1 task-2] INFO  lab.base.util.aspect.LogAspect.doAfterReturning:86 - 请求结束时间 : 2023-10-25T23:31:12.651722600
2023-10-25 23:31:12.652 [XNIO-1 task-2] INFO  lab.base.util.aspect.LogAspect.doAfterReturning:87 - 请求耗时 : 0秒
2023-10-25 23:31:12.652 [XNIO-1 task-2] INFO  lab.base.util.aspect.LogAspect.doAfterReturning:89 - 请求返回 : {"code":200,"msg":"查询成功","payload":[{"id":7,"ownerid":0,"parentid":0,"remark":"这是一张测试表","sqlview":"","tabledocno":"t_test","type":"1","updateid":0},{"id":8,"ownerid":0,"parentid":0,"remark":"这是一张测试表","tabledocno":"t_test","tablename":"测试表","type":"1","updateid":0},{"id":9,"ownerid":0,"parentid":0,"tabledocno":"t_test1","tablename":"111","updateid":0},{"createtime":"2023-10-09 23:25:31","id":13,"ownerid":0,"parentid":0,"remark":"","tabledocno":"t_test2","tablename":"测试2","type":"1","updateid":0,"updatetime":"2023-10-09 23:25:31"},{"createtime":"2023-10-09 23:33:21","id":14,"ownerid":0,"parentid":0,"remark":"试试前端新建表格","tabledocno":"t_test3","tablename":"测试3","type":"1","updateid":0,"updatetime":"2023-10-09 23:33:21"},{"createtime":"2023-10-09 23:39:52","id":15,"ownerid":0,"parentid":0,"remark":"多试几下","tabledocno":"t_test5","tablename":"测试表5","type":"1","updateid":10,"updatename":"管理员","updatetime":"2023-10-12 17:30:19","updateusername":"admin"},{"createtime":"2023-10-23 21:52:25","id":16,"ownerid":0,"parentid":0,"remark":"测试一下","tabledocno":"test006","tablename":"测试006表","type":"1","updateid":0,"updatetime":"2023-10-23 21:52:25"}]}
2023-10-25 23:40:18.539 [XNIO-1 task-2] INFO  lab.base.util.aspect.LogAspect.doBefore:57 - 请求开始时间：2023-10-25T23:40:18.539167400
2023-10-25 23:40:18.547 [XNIO-1 task-2] INFO  lab.base.util.aspect.LogAspect.doBefore:58 - 请求Url : http://localhost:8080/sql/selTable
2023-10-25 23:40:18.548 [XNIO-1 task-2] INFO  lab.base.util.aspect.LogAspect.doBefore:59 - 请求方式 : POST
2023-10-25 23:40:18.548 [XNIO-1 task-2] INFO  lab.base.util.aspect.LogAspect.doBefore:60 - 请求ip : 127.0.0.1
2023-10-25 23:40:18.548 [XNIO-1 task-2] INFO  lab.base.util.aspect.LogAspect.doBefore:61 - 请求内容类型 : application/json;charset=UTF-8
2023-10-25 23:40:18.550 [XNIO-1 task-2] INFO  lab.base.util.aspect.LogAspect.doBefore:62 - 请求参数 : [{"id":0,"ownerid":0,"updateid":0}]
2023-10-25 23:40:18.550 [XNIO-1 task-2] INFO  lab.base.util.aspect.LogAspect.doBefore:64 - 浏览器 : CHROME8
2023-10-25 23:40:18.551 [XNIO-1 task-2] INFO  lab.base.util.aspect.LogAspect.doBefore:65 - 浏览器版本 : 85.0.4183.83
2023-10-25 23:40:18.551 [XNIO-1 task-2] INFO  lab.base.util.aspect.LogAspect.doBefore:66 - 操作系统: WINDOWS_10
2023-10-25 23:40:18.556 [XNIO-1 task-2] INFO  lab.base.util.aspect.LogAspect.doAfterReturning:86 - 请求结束时间 : 2023-10-25T23:40:18.556158900
2023-10-25 23:40:18.557 [XNIO-1 task-2] INFO  lab.base.util.aspect.LogAspect.doAfterReturning:87 - 请求耗时 : 0秒
2023-10-25 23:40:18.558 [XNIO-1 task-2] INFO  lab.base.util.aspect.LogAspect.doAfterReturning:89 - 请求返回 : {"code":200,"msg":"查询成功","payload":[{"id":7,"ownerid":0,"parentid":0,"remark":"这是一张测试表","sqlview":"","tabledocno":"t_test","type":"1","updateid":0},{"id":8,"ownerid":0,"parentid":0,"remark":"这是一张测试表","tabledocno":"t_test","tablename":"测试表","type":"1","updateid":0},{"id":9,"ownerid":0,"parentid":0,"tabledocno":"t_test1","tablename":"111","updateid":0},{"createtime":"2023-10-09 23:25:31","id":13,"ownerid":0,"parentid":0,"remark":"","tabledocno":"t_test2","tablename":"测试2","type":"1","updateid":0,"updatetime":"2023-10-09 23:25:31"},{"createtime":"2023-10-09 23:33:21","id":14,"ownerid":0,"parentid":0,"remark":"试试前端新建表格","tabledocno":"t_test3","tablename":"测试3","type":"1","updateid":0,"updatetime":"2023-10-09 23:33:21"},{"createtime":"2023-10-09 23:39:52","id":15,"ownerid":0,"parentid":0,"remark":"多试几下","tabledocno":"t_test5","tablename":"测试表5","type":"1","updateid":10,"updatename":"管理员","updatetime":"2023-10-12 17:30:19","updateusername":"admin"},{"createtime":"2023-10-23 21:52:25","id":16,"ownerid":0,"parentid":0,"remark":"测试一下","tabledocno":"test006","tablename":"测试006表","type":"1","updateid":0,"updatetime":"2023-10-23 21:52:25"}]}
2023-10-25 23:40:20.833 [XNIO-1 task-2] INFO  lab.base.util.aspect.LogAspect.doBefore:57 - 请求开始时间：2023-10-25T23:40:20.833797700
2023-10-25 23:40:20.834 [XNIO-1 task-2] INFO  lab.base.util.aspect.LogAspect.doBefore:58 - 请求Url : http://localhost:8080/sql/selField
2023-10-25 23:40:20.834 [XNIO-1 task-2] INFO  lab.base.util.aspect.LogAspect.doBefore:59 - 请求方式 : POST
2023-10-25 23:40:20.835 [XNIO-1 task-2] INFO  lab.base.util.aspect.LogAspect.doBefore:60 - 请求ip : 127.0.0.1
2023-10-25 23:40:20.835 [XNIO-1 task-2] INFO  lab.base.util.aspect.LogAspect.doBefore:61 - 请求内容类型 : application/json;charset=UTF-8
2023-10-25 23:40:20.835 [XNIO-1 task-2] INFO  lab.base.util.aspect.LogAspect.doBefore:62 - 请求参数 : [{"id":0,"ownerid":0,"tabledocno":"test006","tableid":0,"updateid":0}]
2023-10-25 23:40:20.836 [XNIO-1 task-2] INFO  lab.base.util.aspect.LogAspect.doBefore:64 - 浏览器 : CHROME8
2023-10-25 23:40:20.836 [XNIO-1 task-2] INFO  lab.base.util.aspect.LogAspect.doBefore:65 - 浏览器版本 : 85.0.4183.83
2023-10-25 23:40:20.836 [XNIO-1 task-2] INFO  lab.base.util.aspect.LogAspect.doBefore:66 - 操作系统: WINDOWS_10
2023-10-25 23:40:20.857 [XNIO-1 task-2] INFO  lab.base.util.aspect.LogAspect.doAfterReturning:86 - 请求结束时间 : 2023-10-25T23:40:20.857500700
2023-10-25 23:40:20.858 [XNIO-1 task-2] INFO  lab.base.util.aspect.LogAspect.doAfterReturning:87 - 请求耗时 : 0秒
2023-10-25 23:40:20.858 [XNIO-1 task-2] INFO  lab.base.util.aspect.LogAspect.doAfterReturning:89 - 请求返回 : {"code":200,"msg":"查询成功","payload":[{"createtime":"2023-10-23 21:52:25","decimals":0,"defaults":"","fielddocno":"id","fieldname":"id","id":44,"increment":"Y","length":0,"notNull":"Y","ownerid":0,"primaryKey":"Y","tabledocno":"test006","tableid":1,"type":"int","updateid":0,"updatetime":"2023-10-23 21:52:25"},{"createtime":"2023-10-23 21:52:25","decimals":0,"defaults":"","fielddocno":"test001","fieldname":"测试001","id":45,"increment":"","length":50,"notNull":"","ownerid":0,"primaryKey":"","tabledocno":"test006","tableid":1,"type":"varchar","updateid":0,"updatetime":"2023-10-23 21:52:25"},{"createtime":"2023-10-23 21:52:25","decimals":0,"defaults":"","fielddocno":"testdocno","fieldname":"单号","id":46,"increment":"","length":100,"notNull":"","ownerid":0,"primaryKey":"","tabledocno":"test006","tableid":1,"type":"varchar","updateid":0,"updatetime":"2023-10-23 21:52:25"},{"createtime":"2023-10-23 21:52:25","decimals":3,"defaults":"","fielddocno":"test003","fieldname":"测试002","id":47,"increment":"","length":10,"notNull":"","ownerid":0,"primaryKey":"","tabledocno":"test006","tableid":1,"type":"float","updateid":10,"updatename":"管理员","updatetime":"2023-10-23 21:56:20","updateusername":"admin"}]}
2023-10-25 23:40:22.950 [XNIO-1 task-2] INFO  lab.base.util.aspect.LogAspect.doBefore:57 - 请求开始时间：2023-10-25T23:40:22.950696600
2023-10-25 23:40:22.951 [XNIO-1 task-2] INFO  lab.base.util.aspect.LogAspect.doBefore:58 - 请求Url : http://localhost:8080/sql/selField
2023-10-25 23:40:22.951 [XNIO-1 task-2] INFO  lab.base.util.aspect.LogAspect.doBefore:59 - 请求方式 : POST
2023-10-25 23:40:22.951 [XNIO-1 task-2] INFO  lab.base.util.aspect.LogAspect.doBefore:60 - 请求ip : 127.0.0.1
2023-10-25 23:40:22.952 [XNIO-1 task-2] INFO  lab.base.util.aspect.LogAspect.doBefore:61 - 请求内容类型 : application/json;charset=UTF-8
2023-10-25 23:40:22.952 [XNIO-1 task-2] INFO  lab.base.util.aspect.LogAspect.doBefore:62 - 请求参数 : [{"id":0,"ownerid":0,"tabledocno":"t_test5","tableid":0,"updateid":0}]
2023-10-25 23:40:22.953 [XNIO-1 task-2] INFO  lab.base.util.aspect.LogAspect.doBefore:64 - 浏览器 : CHROME8
2023-10-25 23:40:22.953 [XNIO-1 task-2] INFO  lab.base.util.aspect.LogAspect.doBefore:65 - 浏览器版本 : 85.0.4183.83
2023-10-25 23:40:22.953 [XNIO-1 task-2] INFO  lab.base.util.aspect.LogAspect.doBefore:66 - 操作系统: WINDOWS_10
2023-10-25 23:40:22.961 [XNIO-1 task-2] INFO  lab.base.util.aspect.LogAspect.doAfterReturning:86 - 请求结束时间 : 2023-10-25T23:40:22.961788300
2023-10-25 23:40:22.962 [XNIO-1 task-2] INFO  lab.base.util.aspect.LogAspect.doAfterReturning:87 - 请求耗时 : 0秒
2023-10-25 23:40:22.962 [XNIO-1 task-2] INFO  lab.base.util.aspect.LogAspect.doAfterReturning:89 - 请求返回 : {"code":200,"msg":"查询成功","payload":[{"createtime":"2023-10-11 22:55:17","decimals":0,"defaults":"aswtq3wtqwtrq23wt","fielddocno":"test","fieldname":"测试一下","id":32,"increment":"N","length":60,"notNull":"Y","ownerid":0,"primaryKey":"N","tabledocno":"t_test5","tableid":15,"type":"varchar","updateid":10,"updatename":"管理员","updatetime":"2023-10-11 22:55:17","updateusername":"admin"},{"createtime":"2023-10-11 22:56:49","decimals":0,"defaults":"案说法切勿让他请问人情味","fielddocno":"test124","fieldname":"测试第二下","id":33,"increment":"N","length":255,"notNull":"Y","ownerid":0,"primaryKey":"N","tabledocno":"t_test5","tableid":15,"type":"varchar","updateid":10,"updatename":"管理员","updatetime":"2023-10-11 22:56:49","updateusername":"admin"},{"createtime":"2023-10-11 22:58:09","decimals":0,"defaults":"0","fielddocno":"test125","fieldname":"qwrtqwrqwr","id":34,"increment":"N","length":5,"notNull":"N","ownerid":0,"primaryKey":"N","tabledocno":"t_test5","tableid":15,"type":"int","updateid":10,"updatename":"管理员","updatetime":"2023-10-11 22:58:09","updateusername":"admin"},{"createtime":"2023-10-11 23:02:24","decimals":0,"defaults":"","fielddocno":"test99","fieldname":"你猜","id":36,"increment":"N","length":60,"notNull":"N","ownerid":0,"primaryKey":"N","tabledocno":"t_test5","tableid":15,"type":"int","updateid":10,"updatename":"管理员","updatetime":"2023-10-12 02:24:36","updateusername":"admin"},{"createtime":"2023-10-12 02:26:53","decimals":0,"defaults":"0","fielddocno":"test100","fieldname":"测试100","id":42,"increment":"N","length":255,"notNull":"Y","ownerid":0,"primaryKey":"N","tabledocno":"t_test5","tableid":15,"type":"int","updateid":10,"updatename":"管理员","updatetime":"2023-10-12 02:31:22","updateusername":"admin"},{"createtime":"2023-10-12 02:36:14","decimals":0,"defaults":"","fielddocno":"test222","fieldname":"测试222","id":43,"increment":"N","length":255,"notNull":"N","ownerid":0,"primaryKey":"N","tabledocno":"t_test5","tableid":15,"type":"varchar","updateid":10,"updatename":"管理员","updatetime":"2023-10-12 02:36:14","updateusername":"admin"}]}
2023-10-25 23:40:24.003 [XNIO-1 task-2] INFO  lab.base.util.aspect.LogAspect.doBefore:57 - 请求开始时间：2023-10-25T23:40:24.003355200
2023-10-25 23:40:24.004 [XNIO-1 task-2] INFO  lab.base.util.aspect.LogAspect.doBefore:58 - 请求Url : http://localhost:8080/sql/selField
2023-10-25 23:40:24.004 [XNIO-1 task-2] INFO  lab.base.util.aspect.LogAspect.doBefore:59 - 请求方式 : POST
2023-10-25 23:40:24.005 [XNIO-1 task-2] INFO  lab.base.util.aspect.LogAspect.doBefore:60 - 请求ip : 127.0.0.1
2023-10-25 23:40:24.005 [XNIO-1 task-2] INFO  lab.base.util.aspect.LogAspect.doBefore:61 - 请求内容类型 : application/json;charset=UTF-8
2023-10-25 23:40:24.005 [XNIO-1 task-2] INFO  lab.base.util.aspect.LogAspect.doBefore:62 - 请求参数 : [{"id":0,"ownerid":0,"tabledocno":"t_test","tableid":0,"updateid":0}]
2023-10-25 23:40:24.005 [XNIO-1 task-2] INFO  lab.base.util.aspect.LogAspect.doBefore:64 - 浏览器 : CHROME8
2023-10-25 23:40:24.006 [XNIO-1 task-2] INFO  lab.base.util.aspect.LogAspect.doBefore:65 - 浏览器版本 : 85.0.4183.83
2023-10-25 23:40:24.006 [XNIO-1 task-2] INFO  lab.base.util.aspect.LogAspect.doBefore:66 - 操作系统: WINDOWS_10
2023-10-25 23:40:24.011 [XNIO-1 task-2] INFO  lab.base.util.aspect.LogAspect.doAfterReturning:86 - 请求结束时间 : 2023-10-25T23:40:24.011243500
2023-10-25 23:40:24.012 [XNIO-1 task-2] INFO  lab.base.util.aspect.LogAspect.doAfterReturning:87 - 请求耗时 : 0秒
2023-10-25 23:40:24.012 [XNIO-1 task-2] INFO  lab.base.util.aspect.LogAspect.doAfterReturning:89 - 请求返回 : {"code":200,"msg":"查询成功","payload":[{"fielddocno":"id","fieldname":"id","id":5,"increment":"Y","isdelete":0,"notNull":"Y","ownerid":0,"remark":"测试","sort":0,"tabledocno":"t_test","tableid":1,"updateid":0,"widget":"string","widgetLayout":"string"},{"fielddocno":"title","fieldname":"标题","id":6,"increment":"N","isdelete":0,"notNull":"N","ownerid":0,"remark":"测试","sort":0,"tabledocno":"t_test","tableid":1,"updateid":0,"verify":"string","widget":"string","widgetLayout":"string"},{"fielddocno":"author","fieldname":"作者","id":7,"increment":"N","isdelete":0,"notNull":"N","ownerid":0,"remark":"测试","sort":0,"tabledocno":"t_test","tableid":1,"updateid":0,"verify":"string","widget":"string","widgetLayout":"string"},{"fielddocno":"date","fieldname":"日期","id":8,"increment":"N","isdelete":0,"notNull":"N","ownerid":0,"remark":"测试","sort":0,"tabledocno":"t_test","tableid":1,"updateid":0,"widget":"string","widgetLayout":"string"},{"fielddocno":"test1","fieldname":"测试新增1","id":9,"increment":"N","isdelete":0,"notNull":"N","ownerid":0,"remark":"测试","sort":0,"tabledocno":"t_test","tableid":1,"updateid":0,"widget":"int","widgetLayout":"string"},{"fielddocno":"test2","fieldname":"测试新增2","id":10,"increment":"N","isdelete":0,"notNull":"N","ownerid":0,"remark":"测试","sort":0,"tabledocno":"t_test","tableid":1,"updateid":0,"widget":"string","widgetLayout":"string"},{"fielddocno":"id","fieldname":"id","id":11,"increment":"Y","isdelete":0,"length":11,"notNull":"N","ownerid":0,"primaryKey":"Y","remark":"测试","sort":1,"tabledocno":"t_test","tableid":1,"type":"int","updateid":0,"widget":"string","widgetLayout":"string"},{"fielddocno":"title","fieldname":"标题","id":12,"increment":"N","isdelete":0,"length":11,"notNull":"N","ownerid":0,"primaryKey":"N","remark":"测试","sort":1,"tabledocno":"t_test","tableid":1,"type":"varchar","updateid":0,"verify":"string","widget":"string","widgetLayout":"string"},{"fielddocno":"author","fieldname":"作者","id":13,"increment":"N","isdelete":0,"length":11,"notNull":"N","ownerid":0,"primaryKey":"N","remark":"测试","sort":1,"tabledocno":"t_test","tableid":1,"type":"varchar","updateid":0,"verify":"string","widget":"string","widgetLayout":"string"},{"fielddocno":"id","fieldname":"id","id":14,"increment":"N","isdelete":0,"length":11,"notNull":"Y","ownerid":0,"primaryKey":"Y","remark":"测试","sort":1,"tabledocno":"t_test","tableid":8,"type":"int","updateid":0,"widget":"text","widgetLayout":"string"},{"fielddocno":"test2","fieldname":"id","id":15,"increment":"Y","isdelete":0,"length":50,"notNull":"Y","ownerid":0,"primaryKey":"Y","remark":"测试","sort":1,"tabledocno":"t_test","tableid":8,"type":"varchar","updateid":0,"widget":"text","widgetLayout":"string"},{"createtime":"2023-09-23 04:05:32","fielddocno":"test1","fieldname":"测试1","id":16,"increment":"N","isdelete":0,"length":11,"notNull":"Y","ownerid":0,"primaryKey":"N","remark":"测试2","sort":1,"tabledocno":"t_test","tableid":8,"type":"int","updateid":0,"updatetime":"2023-09-23 04:05:32","widget":"text","widgetLayout":"string"},{"createtime":"2023-09-23 04:05:32","fielddocno":"test2","fieldname":"测试2","id":17,"increment":"N","isdelete":0,"length":50,"notNull":"Y","ownerid":0,"primaryKey":"N","remark":"测试","sort":1,"tabledocno":"t_test","tableid":8,"type":"varchar","updateid":0,"updatetime":"2023-09-23 04:05:32","widget":"text","widgetLayout":"string"}]}
2023-10-25 23:44:13.553 [XNIO-1 task-2] INFO  lab.base.util.aspect.LogAspect.doBefore:57 - 请求开始时间：2023-10-25T23:44:13.553339700
2023-10-25 23:44:13.553 [XNIO-1 task-2] INFO  lab.base.util.aspect.LogAspect.doBefore:58 - 请求Url : http://localhost:8080/sql/selTable
2023-10-25 23:44:13.554 [XNIO-1 task-2] INFO  lab.base.util.aspect.LogAspect.doBefore:59 - 请求方式 : POST
2023-10-25 23:44:13.554 [XNIO-1 task-2] INFO  lab.base.util.aspect.LogAspect.doBefore:60 - 请求ip : 127.0.0.1
2023-10-25 23:44:13.554 [XNIO-1 task-2] INFO  lab.base.util.aspect.LogAspect.doBefore:61 - 请求内容类型 : application/json;charset=UTF-8
2023-10-25 23:44:13.555 [XNIO-1 task-2] INFO  lab.base.util.aspect.LogAspect.doBefore:62 - 请求参数 : [{"id":0,"ownerid":0,"updateid":0}]
2023-10-25 23:44:13.555 [XNIO-1 task-2] INFO  lab.base.util.aspect.LogAspect.doBefore:64 - 浏览器 : CHROME8
2023-10-25 23:44:13.555 [XNIO-1 task-2] INFO  lab.base.util.aspect.LogAspect.doBefore:65 - 浏览器版本 : 85.0.4183.83
2023-10-25 23:44:13.555 [XNIO-1 task-2] INFO  lab.base.util.aspect.LogAspect.doBefore:66 - 操作系统: WINDOWS_10
2023-10-25 23:44:13.558 [XNIO-1 task-2] INFO  lab.base.util.aspect.LogAspect.doAfterReturning:86 - 请求结束时间 : 2023-10-25T23:44:13.558913300
2023-10-25 23:44:13.559 [XNIO-1 task-2] INFO  lab.base.util.aspect.LogAspect.doAfterReturning:87 - 请求耗时 : 0秒
2023-10-25 23:44:13.559 [XNIO-1 task-2] INFO  lab.base.util.aspect.LogAspect.doAfterReturning:89 - 请求返回 : {"code":200,"msg":"查询成功","payload":[{"id":7,"ownerid":0,"parentid":0,"remark":"这是一张测试表","sqlview":"","tabledocno":"t_test","type":"1","updateid":0},{"id":8,"ownerid":0,"parentid":0,"remark":"这是一张测试表","tabledocno":"t_test","tablename":"测试表","type":"1","updateid":0},{"id":9,"ownerid":0,"parentid":0,"tabledocno":"t_test1","tablename":"111","updateid":0},{"createtime":"2023-10-09 23:25:31","id":13,"ownerid":0,"parentid":0,"remark":"","tabledocno":"t_test2","tablename":"测试2","type":"1","updateid":0,"updatetime":"2023-10-09 23:25:31"},{"createtime":"2023-10-09 23:33:21","id":14,"ownerid":0,"parentid":0,"remark":"试试前端新建表格","tabledocno":"t_test3","tablename":"测试3","type":"1","updateid":0,"updatetime":"2023-10-09 23:33:21"},{"createtime":"2023-10-09 23:39:52","id":15,"ownerid":0,"parentid":0,"remark":"多试几下","tabledocno":"t_test5","tablename":"测试表5","type":"1","updateid":10,"updatename":"管理员","updatetime":"2023-10-12 17:30:19","updateusername":"admin"},{"createtime":"2023-10-23 21:52:25","id":16,"ownerid":0,"parentid":0,"remark":"测试一下","tabledocno":"test006","tablename":"测试006表","type":"1","updateid":0,"updatetime":"2023-10-23 21:52:25"}]}
2023-10-25 23:44:14.705 [XNIO-1 task-2] INFO  lab.base.util.aspect.LogAspect.doBefore:57 - 请求开始时间：2023-10-25T23:44:14.705217800
2023-10-25 23:44:14.705 [XNIO-1 task-2] INFO  lab.base.util.aspect.LogAspect.doBefore:58 - 请求Url : http://localhost:8080/sql/selField
2023-10-25 23:44:14.706 [XNIO-1 task-2] INFO  lab.base.util.aspect.LogAspect.doBefore:59 - 请求方式 : POST
2023-10-25 23:44:14.706 [XNIO-1 task-2] INFO  lab.base.util.aspect.LogAspect.doBefore:60 - 请求ip : 127.0.0.1
2023-10-25 23:44:14.706 [XNIO-1 task-2] INFO  lab.base.util.aspect.LogAspect.doBefore:61 - 请求内容类型 : application/json;charset=UTF-8
2023-10-25 23:44:14.706 [XNIO-1 task-2] INFO  lab.base.util.aspect.LogAspect.doBefore:62 - 请求参数 : [{"id":0,"ownerid":0,"tabledocno":"t_test","tableid":0,"updateid":0}]
2023-10-25 23:44:14.707 [XNIO-1 task-2] INFO  lab.base.util.aspect.LogAspect.doBefore:64 - 浏览器 : CHROME8
2023-10-25 23:44:14.707 [XNIO-1 task-2] INFO  lab.base.util.aspect.LogAspect.doBefore:65 - 浏览器版本 : 85.0.4183.83
2023-10-25 23:44:14.708 [XNIO-1 task-2] INFO  lab.base.util.aspect.LogAspect.doBefore:66 - 操作系统: WINDOWS_10
2023-10-25 23:44:14.718 [XNIO-1 task-2] INFO  lab.base.util.aspect.LogAspect.doAfterReturning:86 - 请求结束时间 : 2023-10-25T23:44:14.718033700
2023-10-25 23:44:14.719 [XNIO-1 task-2] INFO  lab.base.util.aspect.LogAspect.doAfterReturning:87 - 请求耗时 : 0秒
2023-10-25 23:44:14.719 [XNIO-1 task-2] INFO  lab.base.util.aspect.LogAspect.doAfterReturning:89 - 请求返回 : {"code":200,"msg":"查询成功","payload":[{"fielddocno":"id","fieldname":"id","id":5,"increment":"Y","isdelete":0,"notNull":"Y","ownerid":0,"remark":"测试","sort":0,"tabledocno":"t_test","tableid":1,"updateid":0,"widget":"string","widgetLayout":"string"},{"fielddocno":"title","fieldname":"标题","id":6,"increment":"N","isdelete":0,"notNull":"N","ownerid":0,"remark":"测试","sort":0,"tabledocno":"t_test","tableid":1,"updateid":0,"verify":"string","widget":"string","widgetLayout":"string"},{"fielddocno":"author","fieldname":"作者","id":7,"increment":"N","isdelete":0,"notNull":"N","ownerid":0,"remark":"测试","sort":0,"tabledocno":"t_test","tableid":1,"updateid":0,"verify":"string","widget":"string","widgetLayout":"string"},{"fielddocno":"date","fieldname":"日期","id":8,"increment":"N","isdelete":0,"notNull":"N","ownerid":0,"remark":"测试","sort":0,"tabledocno":"t_test","tableid":1,"updateid":0,"widget":"string","widgetLayout":"string"},{"fielddocno":"test1","fieldname":"测试新增1","id":9,"increment":"N","isdelete":0,"notNull":"N","ownerid":0,"remark":"测试","sort":0,"tabledocno":"t_test","tableid":1,"updateid":0,"widget":"int","widgetLayout":"string"},{"fielddocno":"test2","fieldname":"测试新增2","id":10,"increment":"N","isdelete":0,"notNull":"N","ownerid":0,"remark":"测试","sort":0,"tabledocno":"t_test","tableid":1,"updateid":0,"widget":"string","widgetLayout":"string"},{"fielddocno":"id","fieldname":"id","id":11,"increment":"Y","isdelete":0,"length":11,"notNull":"N","ownerid":0,"primaryKey":"Y","remark":"测试","sort":1,"tabledocno":"t_test","tableid":1,"type":"int","updateid":0,"widget":"string","widgetLayout":"string"},{"fielddocno":"title","fieldname":"标题","id":12,"increment":"N","isdelete":0,"length":11,"notNull":"N","ownerid":0,"primaryKey":"N","remark":"测试","sort":1,"tabledocno":"t_test","tableid":1,"type":"varchar","updateid":0,"verify":"string","widget":"string","widgetLayout":"string"},{"fielddocno":"author","fieldname":"作者","id":13,"increment":"N","isdelete":0,"length":11,"notNull":"N","ownerid":0,"primaryKey":"N","remark":"测试","sort":1,"tabledocno":"t_test","tableid":1,"type":"varchar","updateid":0,"verify":"string","widget":"string","widgetLayout":"string"},{"fielddocno":"id","fieldname":"id","id":14,"increment":"N","isdelete":0,"length":11,"notNull":"Y","ownerid":0,"primaryKey":"Y","remark":"测试","sort":1,"tabledocno":"t_test","tableid":8,"type":"int","updateid":0,"widget":"text","widgetLayout":"string"},{"fielddocno":"test2","fieldname":"id","id":15,"increment":"Y","isdelete":0,"length":50,"notNull":"Y","ownerid":0,"primaryKey":"Y","remark":"测试","sort":1,"tabledocno":"t_test","tableid":8,"type":"varchar","updateid":0,"widget":"text","widgetLayout":"string"},{"createtime":"2023-09-23 04:05:32","fielddocno":"test1","fieldname":"测试1","id":16,"increment":"N","isdelete":0,"length":11,"notNull":"Y","ownerid":0,"primaryKey":"N","remark":"测试2","sort":1,"tabledocno":"t_test","tableid":8,"type":"int","updateid":0,"updatetime":"2023-09-23 04:05:32","widget":"text","widgetLayout":"string"},{"createtime":"2023-09-23 04:05:32","fielddocno":"test2","fieldname":"测试2","id":17,"increment":"N","isdelete":0,"length":50,"notNull":"Y","ownerid":0,"primaryKey":"N","remark":"测试","sort":1,"tabledocno":"t_test","tableid":8,"type":"varchar","updateid":0,"updatetime":"2023-09-23 04:05:32","widget":"text","widgetLayout":"string"}]}
2023-10-25 23:44:15.430 [XNIO-1 task-2] INFO  lab.base.util.aspect.LogAspect.doBefore:57 - 请求开始时间：2023-10-25T23:44:15.430283400
2023-10-25 23:44:15.431 [XNIO-1 task-2] INFO  lab.base.util.aspect.LogAspect.doBefore:58 - 请求Url : http://localhost:8080/sql/selField
2023-10-25 23:44:15.431 [XNIO-1 task-2] INFO  lab.base.util.aspect.LogAspect.doBefore:59 - 请求方式 : POST
2023-10-25 23:44:15.431 [XNIO-1 task-2] INFO  lab.base.util.aspect.LogAspect.doBefore:60 - 请求ip : 127.0.0.1
2023-10-25 23:44:15.431 [XNIO-1 task-2] INFO  lab.base.util.aspect.LogAspect.doBefore:61 - 请求内容类型 : application/json;charset=UTF-8
2023-10-25 23:44:15.432 [XNIO-1 task-2] INFO  lab.base.util.aspect.LogAspect.doBefore:62 - 请求参数 : [{"id":0,"ownerid":0,"tabledocno":"t_test","tableid":0,"updateid":0}]
2023-10-25 23:44:15.432 [XNIO-1 task-2] INFO  lab.base.util.aspect.LogAspect.doBefore:64 - 浏览器 : CHROME8
2023-10-25 23:44:15.432 [XNIO-1 task-2] INFO  lab.base.util.aspect.LogAspect.doBefore:65 - 浏览器版本 : 85.0.4183.83
2023-10-25 23:44:15.432 [XNIO-1 task-2] INFO  lab.base.util.aspect.LogAspect.doBefore:66 - 操作系统: WINDOWS_10
2023-10-25 23:44:15.438 [XNIO-1 task-2] INFO  lab.base.util.aspect.LogAspect.doAfterReturning:86 - 请求结束时间 : 2023-10-25T23:44:15.438841600
2023-10-25 23:44:15.438 [XNIO-1 task-2] INFO  lab.base.util.aspect.LogAspect.doAfterReturning:87 - 请求耗时 : 0秒
2023-10-25 23:44:15.439 [XNIO-1 task-2] INFO  lab.base.util.aspect.LogAspect.doAfterReturning:89 - 请求返回 : {"code":200,"msg":"查询成功","payload":[{"fielddocno":"id","fieldname":"id","id":5,"increment":"Y","isdelete":0,"notNull":"Y","ownerid":0,"remark":"测试","sort":0,"tabledocno":"t_test","tableid":1,"updateid":0,"widget":"string","widgetLayout":"string"},{"fielddocno":"title","fieldname":"标题","id":6,"increment":"N","isdelete":0,"notNull":"N","ownerid":0,"remark":"测试","sort":0,"tabledocno":"t_test","tableid":1,"updateid":0,"verify":"string","widget":"string","widgetLayout":"string"},{"fielddocno":"author","fieldname":"作者","id":7,"increment":"N","isdelete":0,"notNull":"N","ownerid":0,"remark":"测试","sort":0,"tabledocno":"t_test","tableid":1,"updateid":0,"verify":"string","widget":"string","widgetLayout":"string"},{"fielddocno":"date","fieldname":"日期","id":8,"increment":"N","isdelete":0,"notNull":"N","ownerid":0,"remark":"测试","sort":0,"tabledocno":"t_test","tableid":1,"updateid":0,"widget":"string","widgetLayout":"string"},{"fielddocno":"test1","fieldname":"测试新增1","id":9,"increment":"N","isdelete":0,"notNull":"N","ownerid":0,"remark":"测试","sort":0,"tabledocno":"t_test","tableid":1,"updateid":0,"widget":"int","widgetLayout":"string"},{"fielddocno":"test2","fieldname":"测试新增2","id":10,"increment":"N","isdelete":0,"notNull":"N","ownerid":0,"remark":"测试","sort":0,"tabledocno":"t_test","tableid":1,"updateid":0,"widget":"string","widgetLayout":"string"},{"fielddocno":"id","fieldname":"id","id":11,"increment":"Y","isdelete":0,"length":11,"notNull":"N","ownerid":0,"primaryKey":"Y","remark":"测试","sort":1,"tabledocno":"t_test","tableid":1,"type":"int","updateid":0,"widget":"string","widgetLayout":"string"},{"fielddocno":"title","fieldname":"标题","id":12,"increment":"N","isdelete":0,"length":11,"notNull":"N","ownerid":0,"primaryKey":"N","remark":"测试","sort":1,"tabledocno":"t_test","tableid":1,"type":"varchar","updateid":0,"verify":"string","widget":"string","widgetLayout":"string"},{"fielddocno":"author","fieldname":"作者","id":13,"increment":"N","isdelete":0,"length":11,"notNull":"N","ownerid":0,"primaryKey":"N","remark":"测试","sort":1,"tabledocno":"t_test","tableid":1,"type":"varchar","updateid":0,"verify":"string","widget":"string","widgetLayout":"string"},{"fielddocno":"id","fieldname":"id","id":14,"increment":"N","isdelete":0,"length":11,"notNull":"Y","ownerid":0,"primaryKey":"Y","remark":"测试","sort":1,"tabledocno":"t_test","tableid":8,"type":"int","updateid":0,"widget":"text","widgetLayout":"string"},{"fielddocno":"test2","fieldname":"id","id":15,"increment":"Y","isdelete":0,"length":50,"notNull":"Y","ownerid":0,"primaryKey":"Y","remark":"测试","sort":1,"tabledocno":"t_test","tableid":8,"type":"varchar","updateid":0,"widget":"text","widgetLayout":"string"},{"createtime":"2023-09-23 04:05:32","fielddocno":"test1","fieldname":"测试1","id":16,"increment":"N","isdelete":0,"length":11,"notNull":"Y","ownerid":0,"primaryKey":"N","remark":"测试2","sort":1,"tabledocno":"t_test","tableid":8,"type":"int","updateid":0,"updatetime":"2023-09-23 04:05:32","widget":"text","widgetLayout":"string"},{"createtime":"2023-09-23 04:05:32","fielddocno":"test2","fieldname":"测试2","id":17,"increment":"N","isdelete":0,"length":50,"notNull":"Y","ownerid":0,"primaryKey":"N","remark":"测试","sort":1,"tabledocno":"t_test","tableid":8,"type":"varchar","updateid":0,"updatetime":"2023-09-23 04:05:32","widget":"text","widgetLayout":"string"}]}
2023-10-25 23:44:21.854 [XNIO-1 task-2] INFO  lab.base.util.aspect.LogAspect.doBefore:57 - 请求开始时间：2023-10-25T23:44:21.854536800
2023-10-25 23:44:21.854 [XNIO-1 task-2] INFO  lab.base.util.aspect.LogAspect.doBefore:58 - 请求Url : http://localhost:8080/sql/selField
2023-10-25 23:44:21.855 [XNIO-1 task-2] INFO  lab.base.util.aspect.LogAspect.doBefore:59 - 请求方式 : POST
2023-10-25 23:44:21.855 [XNIO-1 task-2] INFO  lab.base.util.aspect.LogAspect.doBefore:60 - 请求ip : 127.0.0.1
2023-10-25 23:44:21.855 [XNIO-1 task-2] INFO  lab.base.util.aspect.LogAspect.doBefore:61 - 请求内容类型 : application/json;charset=UTF-8
2023-10-25 23:44:21.856 [XNIO-1 task-2] INFO  lab.base.util.aspect.LogAspect.doBefore:62 - 请求参数 : [{"id":0,"ownerid":0,"tabledocno":"test006","tableid":0,"updateid":0}]
2023-10-25 23:44:21.856 [XNIO-1 task-2] INFO  lab.base.util.aspect.LogAspect.doBefore:64 - 浏览器 : CHROME8
2023-10-25 23:44:21.856 [XNIO-1 task-2] INFO  lab.base.util.aspect.LogAspect.doBefore:65 - 浏览器版本 : 85.0.4183.83
2023-10-25 23:44:21.857 [XNIO-1 task-2] INFO  lab.base.util.aspect.LogAspect.doBefore:66 - 操作系统: WINDOWS_10
2023-10-25 23:44:21.862 [XNIO-1 task-2] INFO  lab.base.util.aspect.LogAspect.doAfterReturning:86 - 请求结束时间 : 2023-10-25T23:44:21.862515600
2023-10-25 23:44:21.863 [XNIO-1 task-2] INFO  lab.base.util.aspect.LogAspect.doAfterReturning:87 - 请求耗时 : 0秒
2023-10-25 23:44:21.864 [XNIO-1 task-2] INFO  lab.base.util.aspect.LogAspect.doAfterReturning:89 - 请求返回 : {"code":200,"msg":"查询成功","payload":[{"createtime":"2023-10-23 21:52:25","decimals":0,"defaults":"","fielddocno":"id","fieldname":"id","id":44,"increment":"Y","length":0,"notNull":"Y","ownerid":0,"primaryKey":"Y","tabledocno":"test006","tableid":1,"type":"int","updateid":0,"updatetime":"2023-10-23 21:52:25"},{"createtime":"2023-10-23 21:52:25","decimals":0,"defaults":"","fielddocno":"test001","fieldname":"测试001","id":45,"increment":"","length":50,"notNull":"","ownerid":0,"primaryKey":"","tabledocno":"test006","tableid":1,"type":"varchar","updateid":0,"updatetime":"2023-10-23 21:52:25"},{"createtime":"2023-10-23 21:52:25","decimals":0,"defaults":"","fielddocno":"testdocno","fieldname":"单号","id":46,"increment":"","length":100,"notNull":"","ownerid":0,"primaryKey":"","tabledocno":"test006","tableid":1,"type":"varchar","updateid":0,"updatetime":"2023-10-23 21:52:25"},{"createtime":"2023-10-23 21:52:25","decimals":3,"defaults":"","fielddocno":"test003","fieldname":"测试002","id":47,"increment":"","length":10,"notNull":"","ownerid":0,"primaryKey":"","tabledocno":"test006","tableid":1,"type":"float","updateid":10,"updatename":"管理员","updatetime":"2023-10-23 21:56:20","updateusername":"admin"}]}
2023-10-25 23:44:24.230 [XNIO-1 task-2] INFO  lab.base.util.aspect.LogAspect.doBefore:57 - 请求开始时间：2023-10-25T23:44:24.230613
2023-10-25 23:44:24.231 [XNIO-1 task-2] INFO  lab.base.util.aspect.LogAspect.doBefore:58 - 请求Url : http://localhost:8080/sql/selField
2023-10-25 23:44:24.232 [XNIO-1 task-2] INFO  lab.base.util.aspect.LogAspect.doBefore:59 - 请求方式 : POST
2023-10-25 23:44:24.233 [XNIO-1 task-2] INFO  lab.base.util.aspect.LogAspect.doBefore:60 - 请求ip : 127.0.0.1
2023-10-25 23:44:24.233 [XNIO-1 task-2] INFO  lab.base.util.aspect.LogAspect.doBefore:61 - 请求内容类型 : application/json;charset=UTF-8
2023-10-25 23:44:24.234 [XNIO-1 task-2] INFO  lab.base.util.aspect.LogAspect.doBefore:62 - 请求参数 : [{"id":0,"ownerid":0,"tabledocno":"t_test","tableid":0,"updateid":0}]
2023-10-25 23:44:24.235 [XNIO-1 task-2] INFO  lab.base.util.aspect.LogAspect.doBefore:64 - 浏览器 : CHROME8
2023-10-25 23:44:24.235 [XNIO-1 task-2] INFO  lab.base.util.aspect.LogAspect.doBefore:65 - 浏览器版本 : 85.0.4183.83
2023-10-25 23:44:24.235 [XNIO-1 task-2] INFO  lab.base.util.aspect.LogAspect.doBefore:66 - 操作系统: WINDOWS_10
2023-10-25 23:44:24.242 [XNIO-1 task-2] INFO  lab.base.util.aspect.LogAspect.doAfterReturning:86 - 请求结束时间 : 2023-10-25T23:44:24.242658200
2023-10-25 23:44:24.243 [XNIO-1 task-2] INFO  lab.base.util.aspect.LogAspect.doAfterReturning:87 - 请求耗时 : 0秒
2023-10-25 23:44:24.243 [XNIO-1 task-2] INFO  lab.base.util.aspect.LogAspect.doAfterReturning:89 - 请求返回 : {"code":200,"msg":"查询成功","payload":[{"fielddocno":"id","fieldname":"id","id":5,"increment":"Y","isdelete":0,"notNull":"Y","ownerid":0,"remark":"测试","sort":0,"tabledocno":"t_test","tableid":1,"updateid":0,"widget":"string","widgetLayout":"string"},{"fielddocno":"title","fieldname":"标题","id":6,"increment":"N","isdelete":0,"notNull":"N","ownerid":0,"remark":"测试","sort":0,"tabledocno":"t_test","tableid":1,"updateid":0,"verify":"string","widget":"string","widgetLayout":"string"},{"fielddocno":"author","fieldname":"作者","id":7,"increment":"N","isdelete":0,"notNull":"N","ownerid":0,"remark":"测试","sort":0,"tabledocno":"t_test","tableid":1,"updateid":0,"verify":"string","widget":"string","widgetLayout":"string"},{"fielddocno":"date","fieldname":"日期","id":8,"increment":"N","isdelete":0,"notNull":"N","ownerid":0,"remark":"测试","sort":0,"tabledocno":"t_test","tableid":1,"updateid":0,"widget":"string","widgetLayout":"string"},{"fielddocno":"test1","fieldname":"测试新增1","id":9,"increment":"N","isdelete":0,"notNull":"N","ownerid":0,"remark":"测试","sort":0,"tabledocno":"t_test","tableid":1,"updateid":0,"widget":"int","widgetLayout":"string"},{"fielddocno":"test2","fieldname":"测试新增2","id":10,"increment":"N","isdelete":0,"notNull":"N","ownerid":0,"remark":"测试","sort":0,"tabledocno":"t_test","tableid":1,"updateid":0,"widget":"string","widgetLayout":"string"},{"fielddocno":"id","fieldname":"id","id":11,"increment":"Y","isdelete":0,"length":11,"notNull":"N","ownerid":0,"primaryKey":"Y","remark":"测试","sort":1,"tabledocno":"t_test","tableid":1,"type":"int","updateid":0,"widget":"string","widgetLayout":"string"},{"fielddocno":"title","fieldname":"标题","id":12,"increment":"N","isdelete":0,"length":11,"notNull":"N","ownerid":0,"primaryKey":"N","remark":"测试","sort":1,"tabledocno":"t_test","tableid":1,"type":"varchar","updateid":0,"verify":"string","widget":"string","widgetLayout":"string"},{"fielddocno":"author","fieldname":"作者","id":13,"increment":"N","isdelete":0,"length":11,"notNull":"N","ownerid":0,"primaryKey":"N","remark":"测试","sort":1,"tabledocno":"t_test","tableid":1,"type":"varchar","updateid":0,"verify":"string","widget":"string","widgetLayout":"string"},{"fielddocno":"id","fieldname":"id","id":14,"increment":"N","isdelete":0,"length":11,"notNull":"Y","ownerid":0,"primaryKey":"Y","remark":"测试","sort":1,"tabledocno":"t_test","tableid":8,"type":"int","updateid":0,"widget":"text","widgetLayout":"string"},{"fielddocno":"test2","fieldname":"id","id":15,"increment":"Y","isdelete":0,"length":50,"notNull":"Y","ownerid":0,"primaryKey":"Y","remark":"测试","sort":1,"tabledocno":"t_test","tableid":8,"type":"varchar","updateid":0,"widget":"text","widgetLayout":"string"},{"createtime":"2023-09-23 04:05:32","fielddocno":"test1","fieldname":"测试1","id":16,"increment":"N","isdelete":0,"length":11,"notNull":"Y","ownerid":0,"primaryKey":"N","remark":"测试2","sort":1,"tabledocno":"t_test","tableid":8,"type":"int","updateid":0,"updatetime":"2023-09-23 04:05:32","widget":"text","widgetLayout":"string"},{"createtime":"2023-09-23 04:05:32","fielddocno":"test2","fieldname":"测试2","id":17,"increment":"N","isdelete":0,"length":50,"notNull":"Y","ownerid":0,"primaryKey":"N","remark":"测试","sort":1,"tabledocno":"t_test","tableid":8,"type":"varchar","updateid":0,"updatetime":"2023-09-23 04:05:32","widget":"text","widgetLayout":"string"}]}
2023-10-25 23:55:26.743 [XNIO-1 task-2] INFO  lab.base.util.aspect.LogAspect.doBefore:57 - 请求开始时间：2023-10-25T23:55:26.743294200
2023-10-25 23:55:26.743 [XNIO-1 task-2] INFO  lab.base.util.aspect.LogAspect.doBefore:58 - 请求Url : http://localhost:8080/sql/selTable
2023-10-25 23:55:26.744 [XNIO-1 task-2] INFO  lab.base.util.aspect.LogAspect.doBefore:59 - 请求方式 : POST
2023-10-25 23:55:26.744 [XNIO-1 task-2] INFO  lab.base.util.aspect.LogAspect.doBefore:60 - 请求ip : 127.0.0.1
2023-10-25 23:55:26.744 [XNIO-1 task-2] INFO  lab.base.util.aspect.LogAspect.doBefore:61 - 请求内容类型 : application/json;charset=UTF-8
2023-10-25 23:55:26.745 [XNIO-1 task-2] INFO  lab.base.util.aspect.LogAspect.doBefore:62 - 请求参数 : [{"id":0,"ownerid":0,"updateid":0}]
2023-10-25 23:55:26.745 [XNIO-1 task-2] INFO  lab.base.util.aspect.LogAspect.doBefore:64 - 浏览器 : CHROME8
2023-10-25 23:55:26.745 [XNIO-1 task-2] INFO  lab.base.util.aspect.LogAspect.doBefore:65 - 浏览器版本 : 85.0.4183.83
2023-10-25 23:55:26.745 [XNIO-1 task-2] INFO  lab.base.util.aspect.LogAspect.doBefore:66 - 操作系统: WINDOWS_10
2023-10-25 23:55:26.750 [XNIO-1 task-2] INFO  lab.base.util.aspect.LogAspect.doAfterReturning:86 - 请求结束时间 : 2023-10-25T23:55:26.750274200
2023-10-25 23:55:26.750 [XNIO-1 task-2] INFO  lab.base.util.aspect.LogAspect.doAfterReturning:87 - 请求耗时 : 0秒
2023-10-25 23:55:26.751 [XNIO-1 task-2] INFO  lab.base.util.aspect.LogAspect.doAfterReturning:89 - 请求返回 : {"code":200,"msg":"查询成功","payload":[{"id":7,"ownerid":0,"parentid":0,"remark":"这是一张测试表","sqlview":"","tabledocno":"t_test","type":"1","updateid":0},{"id":8,"ownerid":0,"parentid":0,"remark":"这是一张测试表","tabledocno":"t_test","tablename":"测试表","type":"1","updateid":0},{"id":9,"ownerid":0,"parentid":0,"tabledocno":"t_test1","tablename":"111","updateid":0},{"createtime":"2023-10-09 23:25:31","id":13,"ownerid":0,"parentid":0,"remark":"","tabledocno":"t_test2","tablename":"测试2","type":"1","updateid":0,"updatetime":"2023-10-09 23:25:31"},{"createtime":"2023-10-09 23:33:21","id":14,"ownerid":0,"parentid":0,"remark":"试试前端新建表格","tabledocno":"t_test3","tablename":"测试3","type":"1","updateid":0,"updatetime":"2023-10-09 23:33:21"},{"createtime":"2023-10-09 23:39:52","id":15,"ownerid":0,"parentid":0,"remark":"多试几下","tabledocno":"t_test5","tablename":"测试表5","type":"1","updateid":10,"updatename":"管理员","updatetime":"2023-10-12 17:30:19","updateusername":"admin"},{"createtime":"2023-10-23 21:52:25","id":16,"ownerid":0,"parentid":0,"remark":"测试一下","tabledocno":"test006","tablename":"测试006表","type":"1","updateid":0,"updatetime":"2023-10-23 21:52:25"}]}
2023-10-25 23:55:29.046 [XNIO-1 task-2] INFO  lab.base.util.aspect.LogAspect.doBefore:57 - 请求开始时间：2023-10-25T23:55:29.046672500
2023-10-25 23:55:29.047 [XNIO-1 task-2] INFO  lab.base.util.aspect.LogAspect.doBefore:58 - 请求Url : http://localhost:8080/sql/selField
2023-10-25 23:55:29.047 [XNIO-1 task-2] INFO  lab.base.util.aspect.LogAspect.doBefore:59 - 请求方式 : POST
2023-10-25 23:55:29.048 [XNIO-1 task-2] INFO  lab.base.util.aspect.LogAspect.doBefore:60 - 请求ip : 127.0.0.1
2023-10-25 23:55:29.048 [XNIO-1 task-2] INFO  lab.base.util.aspect.LogAspect.doBefore:61 - 请求内容类型 : application/json;charset=UTF-8
2023-10-25 23:55:29.048 [XNIO-1 task-2] INFO  lab.base.util.aspect.LogAspect.doBefore:62 - 请求参数 : [{"id":0,"ownerid":0,"tabledocno":"test006","tableid":0,"updateid":0}]
2023-10-25 23:55:29.048 [XNIO-1 task-2] INFO  lab.base.util.aspect.LogAspect.doBefore:64 - 浏览器 : CHROME8
2023-10-25 23:55:29.049 [XNIO-1 task-2] INFO  lab.base.util.aspect.LogAspect.doBefore:65 - 浏览器版本 : 85.0.4183.83
2023-10-25 23:55:29.049 [XNIO-1 task-2] INFO  lab.base.util.aspect.LogAspect.doBefore:66 - 操作系统: WINDOWS_10
2023-10-25 23:55:29.053 [XNIO-1 task-2] INFO  lab.base.util.aspect.LogAspect.doAfterReturning:86 - 请求结束时间 : 2023-10-25T23:55:29.053593500
2023-10-25 23:55:29.054 [XNIO-1 task-2] INFO  lab.base.util.aspect.LogAspect.doAfterReturning:87 - 请求耗时 : 0秒
2023-10-25 23:55:29.054 [XNIO-1 task-2] INFO  lab.base.util.aspect.LogAspect.doAfterReturning:89 - 请求返回 : {"code":200,"msg":"查询成功","payload":[{"createtime":"2023-10-23 21:52:25","decimals":0,"defaults":"","fielddocno":"id","fieldname":"id","id":44,"increment":"Y","length":0,"notNull":"Y","ownerid":0,"primaryKey":"Y","tabledocno":"test006","tableid":1,"type":"int","updateid":0,"updatetime":"2023-10-23 21:52:25"},{"createtime":"2023-10-23 21:52:25","decimals":0,"defaults":"","fielddocno":"test001","fieldname":"测试001","id":45,"increment":"","length":50,"notNull":"","ownerid":0,"primaryKey":"","tabledocno":"test006","tableid":1,"type":"varchar","updateid":0,"updatetime":"2023-10-23 21:52:25"},{"createtime":"2023-10-23 21:52:25","decimals":0,"defaults":"","fielddocno":"testdocno","fieldname":"单号","id":46,"increment":"","length":100,"notNull":"","ownerid":0,"primaryKey":"","tabledocno":"test006","tableid":1,"type":"varchar","updateid":0,"updatetime":"2023-10-23 21:52:25"},{"createtime":"2023-10-23 21:52:25","decimals":3,"defaults":"","fielddocno":"test003","fieldname":"测试002","id":47,"increment":"","length":10,"notNull":"","ownerid":0,"primaryKey":"","tabledocno":"test006","tableid":1,"type":"float","updateid":10,"updatename":"管理员","updatetime":"2023-10-23 21:56:20","updateusername":"admin"}]}
2023-10-25 23:55:42.455 [XNIO-1 task-2] INFO  lab.base.util.aspect.LogAspect.doBefore:57 - 请求开始时间：2023-10-25T23:55:42.455239200
2023-10-25 23:55:42.456 [XNIO-1 task-2] INFO  lab.base.util.aspect.LogAspect.doBefore:58 - 请求Url : http://localhost:8080/sql/selField
2023-10-25 23:55:42.456 [XNIO-1 task-2] INFO  lab.base.util.aspect.LogAspect.doBefore:59 - 请求方式 : POST
2023-10-25 23:55:42.457 [XNIO-1 task-2] INFO  lab.base.util.aspect.LogAspect.doBefore:60 - 请求ip : 127.0.0.1
2023-10-25 23:55:42.457 [XNIO-1 task-2] INFO  lab.base.util.aspect.LogAspect.doBefore:61 - 请求内容类型 : application/json;charset=UTF-8
2023-10-25 23:55:42.457 [XNIO-1 task-2] INFO  lab.base.util.aspect.LogAspect.doBefore:62 - 请求参数 : [{"id":0,"ownerid":0,"tabledocno":"t_test","tableid":0,"updateid":0}]
2023-10-25 23:55:42.458 [XNIO-1 task-2] INFO  lab.base.util.aspect.LogAspect.doBefore:64 - 浏览器 : CHROME8
2023-10-25 23:55:42.458 [XNIO-1 task-2] INFO  lab.base.util.aspect.LogAspect.doBefore:65 - 浏览器版本 : 85.0.4183.83
2023-10-25 23:55:42.459 [XNIO-1 task-2] INFO  lab.base.util.aspect.LogAspect.doBefore:66 - 操作系统: WINDOWS_10
2023-10-25 23:55:42.462 [XNIO-1 task-2] INFO  lab.base.util.aspect.LogAspect.doAfterReturning:86 - 请求结束时间 : 2023-10-25T23:55:42.462221
2023-10-25 23:55:42.463 [XNIO-1 task-2] INFO  lab.base.util.aspect.LogAspect.doAfterReturning:87 - 请求耗时 : 0秒
2023-10-25 23:55:42.464 [XNIO-1 task-2] INFO  lab.base.util.aspect.LogAspect.doAfterReturning:89 - 请求返回 : {"code":200,"msg":"查询成功","payload":[{"fielddocno":"id","fieldname":"id","id":5,"increment":"Y","isdelete":0,"notNull":"Y","ownerid":0,"remark":"测试","sort":0,"tabledocno":"t_test","tableid":1,"updateid":0,"widget":"string","widgetLayout":"string"},{"fielddocno":"title","fieldname":"标题","id":6,"increment":"N","isdelete":0,"notNull":"N","ownerid":0,"remark":"测试","sort":0,"tabledocno":"t_test","tableid":1,"updateid":0,"verify":"string","widget":"string","widgetLayout":"string"},{"fielddocno":"author","fieldname":"作者","id":7,"increment":"N","isdelete":0,"notNull":"N","ownerid":0,"remark":"测试","sort":0,"tabledocno":"t_test","tableid":1,"updateid":0,"verify":"string","widget":"string","widgetLayout":"string"},{"fielddocno":"date","fieldname":"日期","id":8,"increment":"N","isdelete":0,"notNull":"N","ownerid":0,"remark":"测试","sort":0,"tabledocno":"t_test","tableid":1,"updateid":0,"widget":"string","widgetLayout":"string"},{"fielddocno":"test1","fieldname":"测试新增1","id":9,"increment":"N","isdelete":0,"notNull":"N","ownerid":0,"remark":"测试","sort":0,"tabledocno":"t_test","tableid":1,"updateid":0,"widget":"int","widgetLayout":"string"},{"fielddocno":"test2","fieldname":"测试新增2","id":10,"increment":"N","isdelete":0,"notNull":"N","ownerid":0,"remark":"测试","sort":0,"tabledocno":"t_test","tableid":1,"updateid":0,"widget":"string","widgetLayout":"string"},{"fielddocno":"id","fieldname":"id","id":11,"increment":"Y","isdelete":0,"length":11,"notNull":"N","ownerid":0,"primaryKey":"Y","remark":"测试","sort":1,"tabledocno":"t_test","tableid":1,"type":"int","updateid":0,"widget":"string","widgetLayout":"string"},{"fielddocno":"title","fieldname":"标题","id":12,"increment":"N","isdelete":0,"length":11,"notNull":"N","ownerid":0,"primaryKey":"N","remark":"测试","sort":1,"tabledocno":"t_test","tableid":1,"type":"varchar","updateid":0,"verify":"string","widget":"string","widgetLayout":"string"},{"fielddocno":"author","fieldname":"作者","id":13,"increment":"N","isdelete":0,"length":11,"notNull":"N","ownerid":0,"primaryKey":"N","remark":"测试","sort":1,"tabledocno":"t_test","tableid":1,"type":"varchar","updateid":0,"verify":"string","widget":"string","widgetLayout":"string"},{"fielddocno":"id","fieldname":"id","id":14,"increment":"N","isdelete":0,"length":11,"notNull":"Y","ownerid":0,"primaryKey":"Y","remark":"测试","sort":1,"tabledocno":"t_test","tableid":8,"type":"int","updateid":0,"widget":"text","widgetLayout":"string"},{"fielddocno":"test2","fieldname":"id","id":15,"increment":"Y","isdelete":0,"length":50,"notNull":"Y","ownerid":0,"primaryKey":"Y","remark":"测试","sort":1,"tabledocno":"t_test","tableid":8,"type":"varchar","updateid":0,"widget":"text","widgetLayout":"string"},{"createtime":"2023-09-23 04:05:32","fielddocno":"test1","fieldname":"测试1","id":16,"increment":"N","isdelete":0,"length":11,"notNull":"Y","ownerid":0,"primaryKey":"N","remark":"测试2","sort":1,"tabledocno":"t_test","tableid":8,"type":"int","updateid":0,"updatetime":"2023-09-23 04:05:32","widget":"text","widgetLayout":"string"},{"createtime":"2023-09-23 04:05:32","fielddocno":"test2","fieldname":"测试2","id":17,"increment":"N","isdelete":0,"length":50,"notNull":"Y","ownerid":0,"primaryKey":"N","remark":"测试","sort":1,"tabledocno":"t_test","tableid":8,"type":"varchar","updateid":0,"updatetime":"2023-09-23 04:05:32","widget":"text","widgetLayout":"string"}]}
2023-10-25 23:57:52.203 [XNIO-1 task-2] INFO  lab.base.util.aspect.LogAspect.doBefore:57 - 请求开始时间：2023-10-25T23:57:52.203559
2023-10-25 23:57:52.205 [XNIO-1 task-2] INFO  lab.base.util.aspect.LogAspect.doBefore:58 - 请求Url : http://localhost:8080/sql/selField
2023-10-25 23:57:52.205 [XNIO-1 task-2] INFO  lab.base.util.aspect.LogAspect.doBefore:59 - 请求方式 : POST
2023-10-25 23:57:52.205 [XNIO-1 task-2] INFO  lab.base.util.aspect.LogAspect.doBefore:60 - 请求ip : 127.0.0.1
2023-10-25 23:57:52.206 [XNIO-1 task-2] INFO  lab.base.util.aspect.LogAspect.doBefore:61 - 请求内容类型 : application/json;charset=UTF-8
2023-10-25 23:57:52.207 [XNIO-1 task-2] INFO  lab.base.util.aspect.LogAspect.doBefore:62 - 请求参数 : [{"id":0,"ownerid":0,"tabledocno":"t_test","tableid":0,"updateid":0}]
2023-10-25 23:57:52.207 [XNIO-1 task-2] INFO  lab.base.util.aspect.LogAspect.doBefore:64 - 浏览器 : CHROME8
2023-10-25 23:57:52.207 [XNIO-1 task-2] INFO  lab.base.util.aspect.LogAspect.doBefore:65 - 浏览器版本 : 85.0.4183.83
2023-10-25 23:57:52.207 [XNIO-1 task-2] INFO  lab.base.util.aspect.LogAspect.doBefore:66 - 操作系统: WINDOWS_10
2023-10-25 23:57:52.212 [XNIO-1 task-2] INFO  lab.base.util.aspect.LogAspect.doAfterReturning:86 - 请求结束时间 : 2023-10-25T23:57:52.212537900
2023-10-25 23:57:52.213 [XNIO-1 task-2] INFO  lab.base.util.aspect.LogAspect.doAfterReturning:87 - 请求耗时 : 0秒
2023-10-25 23:57:52.213 [XNIO-1 task-2] INFO  lab.base.util.aspect.LogAspect.doAfterReturning:89 - 请求返回 : {"code":200,"msg":"查询成功","payload":[{"fielddocno":"id","fieldname":"id","id":5,"increment":"Y","isdelete":0,"notNull":"Y","ownerid":0,"remark":"测试","sort":0,"tabledocno":"t_test","tableid":1,"updateid":0,"widget":"string","widgetLayout":"string"},{"fielddocno":"title","fieldname":"标题","id":6,"increment":"N","isdelete":0,"notNull":"N","ownerid":0,"remark":"测试","sort":0,"tabledocno":"t_test","tableid":1,"updateid":0,"verify":"string","widget":"string","widgetLayout":"string"},{"fielddocno":"author","fieldname":"作者","id":7,"increment":"N","isdelete":0,"notNull":"N","ownerid":0,"remark":"测试","sort":0,"tabledocno":"t_test","tableid":1,"updateid":0,"verify":"string","widget":"string","widgetLayout":"string"},{"fielddocno":"date","fieldname":"日期","id":8,"increment":"N","isdelete":0,"notNull":"N","ownerid":0,"remark":"测试","sort":0,"tabledocno":"t_test","tableid":1,"updateid":0,"widget":"string","widgetLayout":"string"},{"fielddocno":"test1","fieldname":"测试新增1","id":9,"increment":"N","isdelete":0,"notNull":"N","ownerid":0,"remark":"测试","sort":0,"tabledocno":"t_test","tableid":1,"updateid":0,"widget":"int","widgetLayout":"string"},{"fielddocno":"test2","fieldname":"测试新增2","id":10,"increment":"N","isdelete":0,"notNull":"N","ownerid":0,"remark":"测试","sort":0,"tabledocno":"t_test","tableid":1,"updateid":0,"widget":"string","widgetLayout":"string"},{"fielddocno":"id","fieldname":"id","id":11,"increment":"Y","isdelete":0,"length":11,"notNull":"N","ownerid":0,"primaryKey":"Y","remark":"测试","sort":1,"tabledocno":"t_test","tableid":1,"type":"int","updateid":0,"widget":"string","widgetLayout":"string"},{"fielddocno":"title","fieldname":"标题","id":12,"increment":"N","isdelete":0,"length":11,"notNull":"N","ownerid":0,"primaryKey":"N","remark":"测试","sort":1,"tabledocno":"t_test","tableid":1,"type":"varchar","updateid":0,"verify":"string","widget":"string","widgetLayout":"string"},{"fielddocno":"author","fieldname":"作者","id":13,"increment":"N","isdelete":0,"length":11,"notNull":"N","ownerid":0,"primaryKey":"N","remark":"测试","sort":1,"tabledocno":"t_test","tableid":1,"type":"varchar","updateid":0,"verify":"string","widget":"string","widgetLayout":"string"},{"fielddocno":"id","fieldname":"id","id":14,"increment":"N","isdelete":0,"length":11,"notNull":"Y","ownerid":0,"primaryKey":"Y","remark":"测试","sort":1,"tabledocno":"t_test","tableid":8,"type":"int","updateid":0,"widget":"text","widgetLayout":"string"},{"fielddocno":"test2","fieldname":"id","id":15,"increment":"Y","isdelete":0,"length":50,"notNull":"Y","ownerid":0,"primaryKey":"Y","remark":"测试","sort":1,"tabledocno":"t_test","tableid":8,"type":"varchar","updateid":0,"widget":"text","widgetLayout":"string"},{"createtime":"2023-09-23 04:05:32","fielddocno":"test1","fieldname":"测试1","id":16,"increment":"N","isdelete":0,"length":11,"notNull":"Y","ownerid":0,"primaryKey":"N","remark":"测试2","sort":1,"tabledocno":"t_test","tableid":8,"type":"int","updateid":0,"updatetime":"2023-09-23 04:05:32","widget":"text","widgetLayout":"string"},{"createtime":"2023-09-23 04:05:32","fielddocno":"test2","fieldname":"测试2","id":17,"increment":"N","isdelete":0,"length":50,"notNull":"Y","ownerid":0,"primaryKey":"N","remark":"测试","sort":1,"tabledocno":"t_test","tableid":8,"type":"varchar","updateid":0,"updatetime":"2023-09-23 04:05:32","widget":"text","widgetLayout":"string"}]}
