2023-08-23 20:35:48.749 [main] INFO  lab.StandardLabApplication.logStarting:51 - Starting StandardLabApplication using Java 17.0.7 with PID 18276 (F:\IdeaProjects\standardLab\out\production\classes started by yii in F:\IdeaProjects\standardLab)
2023-08-23 20:35:48.753 [main] INFO  lab.StandardLabApplication.logStartupProfileInfo:634 - No active profile set, falling back to 1 default profile: "default"
2023-08-23 20:35:49.758 [main] INFO  o.s.d.repository.config.RepositoryConfigurationDelegate.multipleStoresDetected:291 - Multiple Spring Data modules found, entering strict repository configuration mode
2023-08-23 20:35:49.762 [main] INFO  o.s.d.repository.config.RepositoryConfigurationDelegate.registerRepositoriesIn:138 - Bootstrapping Spring Data Redis repositories in DEFAULT mode.
2023-08-23 20:35:49.798 [main] INFO  o.s.d.repository.config.RepositoryConfigurationDelegate.registerRepositoriesIn:208 - Finished Spring Data repository scanning in 21 ms. Found 0 Redis repository interfaces.
2023-08-23 20:35:50.941 [main] INFO  io.undertow.servlet.log:372 - Initializing Spring embedded WebApplicationContext
2023-08-23 20:35:50.942 [main] INFO  o.s.b.w.s.context.ServletWebServerApplicationContext.prepareWebApplicationContext:291 - Root WebApplicationContext: initialization completed in 2135 ms
2023-08-23 20:35:53.277 [main] INFO  o.s.security.web.DefaultSecurityFilterChain.<init>:54 - Will secure any request with [org.springframework.security.web.session.DisableEncodeUrlFilter@495f7ca4, org.springframework.security.web.context.request.async.WebAsyncManagerIntegrationFilter@700202fa, org.springframework.security.web.context.SecurityContextHolderFilter@37344d31, org.springframework.security.web.header.HeaderWriterFilter@50d4775b, org.springframework.web.filter.CorsFilter@323e026d, org.springframework.security.web.authentication.logout.LogoutFilter@6b43b101, lab.base.config.security.JwtLoginFilter@141234df, lab.base.config.security.JwtAuthenticationFilter@65698020, org.springframework.security.web.savedrequest.RequestCacheAwareFilter@107ebdad, org.springframework.security.web.servletapi.SecurityContextHolderAwareRequestFilter@e3275d3, org.springframework.security.web.authentication.AnonymousAuthenticationFilter@57617a75, org.springframework.security.web.access.ExceptionTranslationFilter@57fc6759, org.springframework.security.web.access.intercept.FilterSecurityInterceptor@5e72c82a]
2023-08-23 20:35:54.480 [main] INFO  io.undertow.start:120 - starting server: Undertow - 2.3.7.Final
2023-08-23 20:35:54.491 [main] INFO  org.xnio.<clinit>:95 - XNIO version 3.8.8.Final
2023-08-23 20:35:54.505 [main] INFO  org.xnio.nio.<clinit>:58 - XNIO NIO Implementation Version 3.8.8.Final
2023-08-23 20:35:54.565 [main] INFO  org.jboss.threads.<clinit>:55 - JBoss Threads version 3.5.0.Final
2023-08-23 20:35:54.627 [main] INFO  o.s.boot.web.embedded.undertow.UndertowWebServer.start:121 - Undertow started on port(s) 8086 (http)
2023-08-23 20:35:54.643 [main] INFO  lab.StandardLabApplication.logStarted:57 - Started StandardLabApplication in 6.629 seconds (process running for 7.624)
2023-08-23 20:44:50.638 [XNIO-1 task-2] INFO  io.undertow.servlet.log:372 - Initializing Spring DispatcherServlet 'dispatcherServlet'
2023-08-23 20:44:50.639 [XNIO-1 task-2] INFO  org.springframework.web.servlet.DispatcherServlet.initServletBean:532 - Initializing Servlet 'dispatcherServlet'
2023-08-23 20:44:50.641 [XNIO-1 task-2] INFO  org.springframework.web.servlet.DispatcherServlet.initServletBean:554 - Completed initialization in 2 ms
2023-08-23 20:44:51.817 [XNIO-1 task-5] INFO  org.springdoc.api.AbstractOpenApiResource.getOpenApi:371 - Init duration for springdoc-openapi is: 410 ms
2023-08-23 20:45:04.476 [XNIO-1 task-5] INFO  com.zaxxer.hikari.HikariDataSource.getConnection:110 - MyHikariCP - Starting...
2023-08-23 20:45:04.840 [XNIO-1 task-5] INFO  com.zaxxer.hikari.pool.HikariPool.checkFailFast:565 - MyHikariCP - Added connection com.mysql.cj.jdbc.ConnectionImpl@134ff54c
2023-08-23 20:45:04.842 [XNIO-1 task-5] INFO  com.zaxxer.hikari.HikariDataSource.getConnection:123 - MyHikariCP - Start completed.
2023-08-23 20:52:56.842 [XNIO-1 task-5] INFO  lab.base.util.aspect.LogAspect.doBefore:56 - 请求开始时间：2023-08-23T20:52:56.842226
2023-08-23 20:52:56.843 [XNIO-1 task-5] INFO  lab.base.util.aspect.LogAspect.doBefore:57 - 请求Url : http://localhost:8086/sql/createTable
2023-08-23 20:52:56.844 [XNIO-1 task-5] INFO  lab.base.util.aspect.LogAspect.doBefore:58 - 请求方式 : POST
2023-08-23 20:52:56.844 [XNIO-1 task-5] INFO  lab.base.util.aspect.LogAspect.doBefore:59 - 请求ip : 0:0:0:0:0:0:0:1
2023-08-23 20:52:56.845 [XNIO-1 task-5] INFO  lab.base.util.aspect.LogAspect.doBefore:60 - 请求内容类型 : application/json
2023-08-23 20:52:56.845 [XNIO-1 task-5] INFO  lab.base.util.aspect.LogAspect.doBefore:61 - 请求参数 : [lab.po.createTablePOO@751a9c8a]
2023-08-23 20:52:56.846 [XNIO-1 task-5] INFO  lab.base.util.aspect.LogAspect.doBefore:63 - 浏览器 : CHROME8
2023-08-23 20:52:56.846 [XNIO-1 task-5] INFO  lab.base.util.aspect.LogAspect.doBefore:64 - 浏览器版本 : 85.0.4183.83
2023-08-23 20:52:56.847 [XNIO-1 task-5] INFO  lab.base.util.aspect.LogAspect.doBefore:65 - 操作系统: WINDOWS_10
2023-08-23 20:52:57.398 [XNIO-1 task-5] INFO  lab.base.util.aspect.LogAspect.doAfterReturning:85 - 请求结束时间 : 2023-08-23T20:52:57.398388800
2023-08-23 20:52:57.399 [XNIO-1 task-5] INFO  lab.base.util.aspect.LogAspect.doAfterReturning:86 - 请求耗时 : 0秒
2023-08-23 20:52:57.399 [XNIO-1 task-5] INFO  lab.base.util.aspect.LogAspect.doAfterReturning:88 - 请求返回 : {"code":500,"msg":"表单建立失败:org.apache.ibatis.binding.BindingException: Invalid bound statement (not found): lab.dao.sqlDao.creatTable"}
2023-08-23 20:58:03.473 [SpringApplicationShutdownHook] INFO  io.undertow.stop:259 - stopping server: Undertow - 2.3.7.Final
2023-08-23 20:58:03.478 [SpringApplicationShutdownHook] INFO  io.undertow.servlet.log:372 - Destroying Spring FrameworkServlet 'dispatcherServlet'
2023-08-23 20:58:03.602 [SpringApplicationShutdownHook] INFO  com.zaxxer.hikari.HikariDataSource.close:350 - MyHikariCP - Shutdown initiated...
2023-08-23 20:58:03.624 [SpringApplicationShutdownHook] INFO  com.zaxxer.hikari.HikariDataSource.close:352 - MyHikariCP - Shutdown completed.
2023-08-23 20:58:09.777 [main] INFO  lab.StandardLabApplication.logStarting:51 - Starting StandardLabApplication using Java 17.0.7 with PID 1976 (F:\IdeaProjects\standardLab\out\production\classes started by yii in F:\IdeaProjects\standardLab)
2023-08-23 20:58:09.782 [main] INFO  lab.StandardLabApplication.logStartupProfileInfo:634 - No active profile set, falling back to 1 default profile: "default"
2023-08-23 20:58:10.772 [main] INFO  o.s.d.repository.config.RepositoryConfigurationDelegate.multipleStoresDetected:291 - Multiple Spring Data modules found, entering strict repository configuration mode
2023-08-23 20:58:10.777 [main] INFO  o.s.d.repository.config.RepositoryConfigurationDelegate.registerRepositoriesIn:138 - Bootstrapping Spring Data Redis repositories in DEFAULT mode.
2023-08-23 20:58:10.814 [main] INFO  o.s.d.repository.config.RepositoryConfigurationDelegate.registerRepositoriesIn:208 - Finished Spring Data repository scanning in 22 ms. Found 0 Redis repository interfaces.
2023-08-23 20:58:11.851 [main] INFO  io.undertow.servlet.log:372 - Initializing Spring embedded WebApplicationContext
2023-08-23 20:58:11.853 [main] INFO  o.s.b.w.s.context.ServletWebServerApplicationContext.prepareWebApplicationContext:291 - Root WebApplicationContext: initialization completed in 2004 ms
2023-08-23 20:58:13.624 [main] INFO  o.s.security.web.DefaultSecurityFilterChain.<init>:54 - Will secure any request with [org.springframework.security.web.session.DisableEncodeUrlFilter@54ef9698, org.springframework.security.web.context.request.async.WebAsyncManagerIntegrationFilter@31dd0e2e, org.springframework.security.web.context.SecurityContextHolderFilter@234bfc8c, org.springframework.security.web.header.HeaderWriterFilter@f5f8de2, org.springframework.web.filter.CorsFilter@66d2885c, org.springframework.security.web.authentication.logout.LogoutFilter@4cf15477, lab.base.config.security.JwtLoginFilter@478fe415, lab.base.config.security.JwtAuthenticationFilter@197180a5, org.springframework.security.web.savedrequest.RequestCacheAwareFilter@4c0bfe9e, org.springframework.security.web.servletapi.SecurityContextHolderAwareRequestFilter@490fbeaa, org.springframework.security.web.authentication.AnonymousAuthenticationFilter@31028e45, org.springframework.security.web.access.ExceptionTranslationFilter@3cab07dd, org.springframework.security.web.access.intercept.FilterSecurityInterceptor@1fa44f66]
2023-08-23 20:58:14.553 [main] INFO  io.undertow.start:120 - starting server: Undertow - 2.3.7.Final
2023-08-23 20:58:14.562 [main] INFO  org.xnio.<clinit>:95 - XNIO version 3.8.8.Final
2023-08-23 20:58:14.572 [main] INFO  org.xnio.nio.<clinit>:58 - XNIO NIO Implementation Version 3.8.8.Final
2023-08-23 20:58:14.630 [main] INFO  org.jboss.threads.<clinit>:55 - JBoss Threads version 3.5.0.Final
2023-08-23 20:58:14.689 [main] INFO  o.s.boot.web.embedded.undertow.UndertowWebServer.start:121 - Undertow started on port(s) 8086 (http)
2023-08-23 20:58:14.704 [main] INFO  lab.StandardLabApplication.logStarted:57 - Started StandardLabApplication in 5.674 seconds (process running for 6.447)
2023-08-23 20:58:20.928 [XNIO-1 task-2] INFO  io.undertow.servlet.log:372 - Initializing Spring DispatcherServlet 'dispatcherServlet'
2023-08-23 20:58:20.928 [XNIO-1 task-2] INFO  org.springframework.web.servlet.DispatcherServlet.initServletBean:532 - Initializing Servlet 'dispatcherServlet'
2023-08-23 20:58:20.931 [XNIO-1 task-2] INFO  org.springframework.web.servlet.DispatcherServlet.initServletBean:554 - Completed initialization in 2 ms
2023-08-23 20:58:21.101 [XNIO-1 task-2] INFO  lab.base.util.aspect.LogAspect.doBefore:56 - 请求开始时间：2023-08-23T20:58:21.101966300
2023-08-23 20:58:21.102 [XNIO-1 task-2] INFO  lab.base.util.aspect.LogAspect.doBefore:57 - 请求Url : http://localhost:8086/sql/createTable
2023-08-23 20:58:21.102 [XNIO-1 task-2] INFO  lab.base.util.aspect.LogAspect.doBefore:58 - 请求方式 : POST
2023-08-23 20:58:21.103 [XNIO-1 task-2] INFO  lab.base.util.aspect.LogAspect.doBefore:59 - 请求ip : 0:0:0:0:0:0:0:1
2023-08-23 20:58:21.103 [XNIO-1 task-2] INFO  lab.base.util.aspect.LogAspect.doBefore:60 - 请求内容类型 : application/json
2023-08-23 20:58:21.103 [XNIO-1 task-2] INFO  lab.base.util.aspect.LogAspect.doBefore:61 - 请求参数 : [lab.po.createTablePOO@705861a9]
2023-08-23 20:58:21.104 [XNIO-1 task-2] INFO  lab.base.util.aspect.LogAspect.doBefore:63 - 浏览器 : CHROME8
2023-08-23 20:58:21.104 [XNIO-1 task-2] INFO  lab.base.util.aspect.LogAspect.doBefore:64 - 浏览器版本 : 85.0.4183.83
2023-08-23 20:58:21.104 [XNIO-1 task-2] INFO  lab.base.util.aspect.LogAspect.doBefore:65 - 操作系统: WINDOWS_10
2023-08-23 20:58:21.622 [XNIO-1 task-2] INFO  com.zaxxer.hikari.HikariDataSource.getConnection:110 - MyHikariCP - Starting...
2023-08-23 20:58:22.016 [XNIO-1 task-2] INFO  com.zaxxer.hikari.pool.HikariPool.checkFailFast:565 - MyHikariCP - Added connection com.mysql.cj.jdbc.ConnectionImpl@5b277b5d
2023-08-23 20:58:22.019 [XNIO-1 task-2] INFO  com.zaxxer.hikari.HikariDataSource.getConnection:123 - MyHikariCP - Start completed.
2023-08-23 20:58:22.304 [XNIO-1 task-2] INFO  lab.base.util.aspect.LogAspect.doAfterReturning:85 - 请求结束时间 : 2023-08-23T20:58:22.304803700
2023-08-23 20:58:22.305 [XNIO-1 task-2] INFO  lab.base.util.aspect.LogAspect.doAfterReturning:86 - 请求耗时 : 1秒
2023-08-23 20:58:22.307 [XNIO-1 task-2] INFO  lab.base.util.aspect.LogAspect.doAfterReturning:88 - 请求返回 : {"code":500,"msg":"表单建立失败:org.apache.ibatis.binding.BindingException: Invalid bound statement (not found): lab.dao.sqlDao.creatTable"}
2023-08-23 20:59:42.025 [SpringApplicationShutdownHook] INFO  io.undertow.stop:259 - stopping server: Undertow - 2.3.7.Final
2023-08-23 20:59:42.028 [SpringApplicationShutdownHook] INFO  io.undertow.servlet.log:372 - Destroying Spring FrameworkServlet 'dispatcherServlet'
2023-08-23 20:59:42.161 [SpringApplicationShutdownHook] INFO  com.zaxxer.hikari.HikariDataSource.close:350 - MyHikariCP - Shutdown initiated...
2023-08-23 20:59:42.169 [SpringApplicationShutdownHook] INFO  com.zaxxer.hikari.HikariDataSource.close:352 - MyHikariCP - Shutdown completed.
2023-08-23 20:59:50.776 [main] INFO  lab.StandardLabApplication.logStarting:51 - Starting StandardLabApplication using Java 17.0.7 with PID 19136 (F:\IdeaProjects\standardLab\out\production\classes started by yii in F:\IdeaProjects\standardLab)
2023-08-23 20:59:50.781 [main] INFO  lab.StandardLabApplication.logStartupProfileInfo:634 - No active profile set, falling back to 1 default profile: "default"
2023-08-23 20:59:51.779 [main] INFO  o.s.d.repository.config.RepositoryConfigurationDelegate.multipleStoresDetected:291 - Multiple Spring Data modules found, entering strict repository configuration mode
2023-08-23 20:59:51.783 [main] INFO  o.s.d.repository.config.RepositoryConfigurationDelegate.registerRepositoriesIn:138 - Bootstrapping Spring Data Redis repositories in DEFAULT mode.
2023-08-23 20:59:51.825 [main] INFO  o.s.d.repository.config.RepositoryConfigurationDelegate.registerRepositoriesIn:208 - Finished Spring Data repository scanning in 24 ms. Found 0 Redis repository interfaces.
2023-08-23 20:59:52.885 [main] INFO  io.undertow.servlet.log:372 - Initializing Spring embedded WebApplicationContext
2023-08-23 20:59:52.886 [main] INFO  o.s.b.w.s.context.ServletWebServerApplicationContext.prepareWebApplicationContext:291 - Root WebApplicationContext: initialization completed in 2040 ms
2023-08-23 20:59:54.908 [main] INFO  o.s.security.web.DefaultSecurityFilterChain.<init>:54 - Will secure any request with [org.springframework.security.web.session.DisableEncodeUrlFilter@31940d6b, org.springframework.security.web.context.request.async.WebAsyncManagerIntegrationFilter@64cdc310, org.springframework.security.web.context.SecurityContextHolderFilter@14c18a6a, org.springframework.security.web.header.HeaderWriterFilter@70bc9070, org.springframework.web.filter.CorsFilter@60f662bd, org.springframework.security.web.authentication.logout.LogoutFilter@345540f9, lab.base.config.security.JwtLoginFilter@7d563c13, lab.base.config.security.JwtAuthenticationFilter@510a2c7, org.springframework.security.web.savedrequest.RequestCacheAwareFilter@5c78f456, org.springframework.security.web.servletapi.SecurityContextHolderAwareRequestFilter@29174dfe, org.springframework.security.web.authentication.AnonymousAuthenticationFilter@14fe085b, org.springframework.security.web.access.ExceptionTranslationFilter@de40aa1, org.springframework.security.web.access.intercept.FilterSecurityInterceptor@1b06dc57]
2023-08-23 20:59:55.931 [main] INFO  io.undertow.start:120 - starting server: Undertow - 2.3.7.Final
2023-08-23 20:59:55.939 [main] INFO  org.xnio.<clinit>:95 - XNIO version 3.8.8.Final
2023-08-23 20:59:55.948 [main] INFO  org.xnio.nio.<clinit>:58 - XNIO NIO Implementation Version 3.8.8.Final
2023-08-23 20:59:56.011 [main] INFO  org.jboss.threads.<clinit>:55 - JBoss Threads version 3.5.0.Final
2023-08-23 20:59:56.096 [main] INFO  o.s.boot.web.embedded.undertow.UndertowWebServer.start:121 - Undertow started on port(s) 8086 (http)
2023-08-23 20:59:56.131 [main] INFO  lab.StandardLabApplication.logStarted:57 - Started StandardLabApplication in 6.005 seconds (process running for 6.714)
2023-08-23 20:59:58.663 [XNIO-1 task-2] INFO  io.undertow.servlet.log:372 - Initializing Spring DispatcherServlet 'dispatcherServlet'
2023-08-23 20:59:58.664 [XNIO-1 task-2] INFO  org.springframework.web.servlet.DispatcherServlet.initServletBean:532 - Initializing Servlet 'dispatcherServlet'
2023-08-23 20:59:58.668 [XNIO-1 task-2] INFO  org.springframework.web.servlet.DispatcherServlet.initServletBean:554 - Completed initialization in 2 ms
2023-08-23 20:59:58.882 [XNIO-1 task-2] INFO  lab.base.util.aspect.LogAspect.doBefore:56 - 请求开始时间：2023-08-23T20:59:58.882181
2023-08-23 20:59:58.884 [XNIO-1 task-2] INFO  lab.base.util.aspect.LogAspect.doBefore:57 - 请求Url : http://localhost:8086/sql/createTable
2023-08-23 20:59:58.885 [XNIO-1 task-2] INFO  lab.base.util.aspect.LogAspect.doBefore:58 - 请求方式 : POST
2023-08-23 20:59:58.886 [XNIO-1 task-2] INFO  lab.base.util.aspect.LogAspect.doBefore:59 - 请求ip : 0:0:0:0:0:0:0:1
2023-08-23 20:59:58.887 [XNIO-1 task-2] INFO  lab.base.util.aspect.LogAspect.doBefore:60 - 请求内容类型 : application/json
2023-08-23 20:59:58.887 [XNIO-1 task-2] INFO  lab.base.util.aspect.LogAspect.doBefore:61 - 请求参数 : [lab.po.createTablePOO@71154122]
2023-08-23 20:59:58.888 [XNIO-1 task-2] INFO  lab.base.util.aspect.LogAspect.doBefore:63 - 浏览器 : CHROME8
2023-08-23 20:59:58.888 [XNIO-1 task-2] INFO  lab.base.util.aspect.LogAspect.doBefore:64 - 浏览器版本 : 85.0.4183.83
2023-08-23 20:59:58.889 [XNIO-1 task-2] INFO  lab.base.util.aspect.LogAspect.doBefore:65 - 操作系统: WINDOWS_10
2023-08-23 20:59:59.546 [XNIO-1 task-2] INFO  com.zaxxer.hikari.HikariDataSource.getConnection:110 - MyHikariCP - Starting...
2023-08-23 20:59:59.864 [XNIO-1 task-2] INFO  com.zaxxer.hikari.pool.HikariPool.checkFailFast:565 - MyHikariCP - Added connection com.mysql.cj.jdbc.ConnectionImpl@35cddc38
2023-08-23 20:59:59.866 [XNIO-1 task-2] INFO  com.zaxxer.hikari.HikariDataSource.getConnection:123 - MyHikariCP - Start completed.
2023-08-23 21:00:00.241 [XNIO-1 task-2] INFO  lab.base.util.aspect.LogAspect.doAfterReturning:85 - 请求结束时间 : 2023-08-23T21:00:00.241359200
2023-08-23 21:00:00.242 [XNIO-1 task-2] INFO  lab.base.util.aspect.LogAspect.doAfterReturning:86 - 请求耗时 : 1秒
2023-08-23 21:00:00.242 [XNIO-1 task-2] INFO  lab.base.util.aspect.LogAspect.doAfterReturning:88 - 请求返回 : {"code":500,"msg":"存储表单信息失败:org.springframework.jdbc.BadSqlGrammarException: \r\n### Error updating database.  Cause: java.sql.SQLSyntaxErrorException: Unknown column 'tabledocno' in 'field list'\r\n### The error may exist in file [F:\\IdeaProjects\\standardLab\\out\\production\\resources\\mapper\\sqlMapper.xml]\r\n### The error may involve defaultParameterMap\r\n### The error occurred while setting parameters\r\n### SQL: insert into t_user (tabledocno,tablename,remark,sqlview,type)       values (?,?,?,?,?)\r\n### Cause: java.sql.SQLSyntaxErrorException: Unknown column 'tabledocno' in 'field list'\n; bad SQL grammar []"}
2023-08-23 21:07:24.696 [SpringApplicationShutdownHook] INFO  io.undertow.stop:259 - stopping server: Undertow - 2.3.7.Final
2023-08-23 21:07:24.700 [SpringApplicationShutdownHook] INFO  io.undertow.servlet.log:372 - Destroying Spring FrameworkServlet 'dispatcherServlet'
2023-08-23 21:07:24.833 [SpringApplicationShutdownHook] INFO  com.zaxxer.hikari.HikariDataSource.close:350 - MyHikariCP - Shutdown initiated...
2023-08-23 21:07:24.839 [SpringApplicationShutdownHook] INFO  com.zaxxer.hikari.HikariDataSource.close:352 - MyHikariCP - Shutdown completed.
