2023-08-23 22:05:15.436 [main] INFO  lab.StandardLabApplication.logStarting:51 - Starting StandardLabApplication using Java 17.0.7 with PID 5132 (F:\IdeaProjects\standardLab\out\production\classes started by yii in F:\IdeaProjects\standardLab)
2023-08-23 22:05:15.441 [main] INFO  lab.StandardLabApplication.logStartupProfileInfo:634 - No active profile set, falling back to 1 default profile: "default"
2023-08-23 22:05:16.531 [main] INFO  o.s.d.repository.config.RepositoryConfigurationDelegate.multipleStoresDetected:291 - Multiple Spring Data modules found, entering strict repository configuration mode
2023-08-23 22:05:16.535 [main] INFO  o.s.d.repository.config.RepositoryConfigurationDelegate.registerRepositoriesIn:138 - Bootstrapping Spring Data Redis repositories in DEFAULT mode.
2023-08-23 22:05:16.579 [main] INFO  o.s.d.repository.config.RepositoryConfigurationDelegate.registerRepositoriesIn:208 - Finished Spring Data repository scanning in 26 ms. Found 0 Redis repository interfaces.
2023-08-23 22:05:18.011 [main] INFO  io.undertow.servlet.log:372 - Initializing Spring embedded WebApplicationContext
2023-08-23 22:05:18.012 [main] INFO  o.s.b.w.s.context.ServletWebServerApplicationContext.prepareWebApplicationContext:291 - Root WebApplicationContext: initialization completed in 2502 ms
2023-08-23 22:05:20.456 [main] INFO  o.s.security.web.DefaultSecurityFilterChain.<init>:54 - Will secure any request with [org.springframework.security.web.session.DisableEncodeUrlFilter@31dd0e2e, org.springframework.security.web.context.request.async.WebAsyncManagerIntegrationFilter@478fe415, org.springframework.security.web.context.SecurityContextHolderFilter@5008559a, org.springframework.security.web.header.HeaderWriterFilter@6baee63b, org.springframework.web.filter.CorsFilter@353b0719, org.springframework.security.web.authentication.logout.LogoutFilter@7fad28ac, lab.base.config.security.JwtLoginFilter@197180a5, lab.base.config.security.JwtAuthenticationFilter@31028e45, org.springframework.security.web.savedrequest.RequestCacheAwareFilter@490fbeaa, org.springframework.security.web.servletapi.SecurityContextHolderAwareRequestFilter@35dc849b, org.springframework.security.web.authentication.AnonymousAuthenticationFilter@68f75a35, org.springframework.security.web.access.ExceptionTranslationFilter@68f264bf, org.springframework.security.web.access.intercept.FilterSecurityInterceptor@4229b92c]
2023-08-23 22:05:21.550 [main] INFO  io.undertow.start:120 - starting server: Undertow - 2.3.7.Final
2023-08-23 22:05:21.563 [main] INFO  org.xnio.<clinit>:95 - XNIO version 3.8.8.Final
2023-08-23 22:05:21.575 [main] INFO  org.xnio.nio.<clinit>:58 - XNIO NIO Implementation Version 3.8.8.Final
2023-08-23 22:05:21.635 [main] INFO  org.jboss.threads.<clinit>:55 - JBoss Threads version 3.5.0.Final
2023-08-23 22:05:21.703 [main] INFO  o.s.boot.web.embedded.undertow.UndertowWebServer.start:121 - Undertow started on port(s) 8086 (http)
2023-08-23 22:05:21.720 [main] INFO  lab.StandardLabApplication.logStarted:57 - Started StandardLabApplication in 7.041 seconds (process running for 7.792)
2023-08-23 22:05:55.051 [XNIO-1 task-2] INFO  io.undertow.servlet.log:372 - Initializing Spring DispatcherServlet 'dispatcherServlet'
2023-08-23 22:05:55.052 [XNIO-1 task-2] INFO  org.springframework.web.servlet.DispatcherServlet.initServletBean:532 - Initializing Servlet 'dispatcherServlet'
2023-08-23 22:05:55.054 [XNIO-1 task-2] INFO  org.springframework.web.servlet.DispatcherServlet.initServletBean:554 - Completed initialization in 2 ms
2023-08-23 22:05:55.243 [XNIO-1 task-2] INFO  lab.base.util.aspect.LogAspect.doBefore:56 - 请求开始时间：2023-08-23T22:05:55.243551300
2023-08-23 22:05:55.244 [XNIO-1 task-2] INFO  lab.base.util.aspect.LogAspect.doBefore:57 - 请求Url : http://localhost:8086/sql/createTable
2023-08-23 22:05:55.244 [XNIO-1 task-2] INFO  lab.base.util.aspect.LogAspect.doBefore:58 - 请求方式 : POST
2023-08-23 22:05:55.246 [XNIO-1 task-2] INFO  lab.base.util.aspect.LogAspect.doBefore:59 - 请求ip : 0:0:0:0:0:0:0:1
2023-08-23 22:05:55.247 [XNIO-1 task-2] INFO  lab.base.util.aspect.LogAspect.doBefore:60 - 请求内容类型 : application/json
2023-08-23 22:05:55.249 [XNIO-1 task-2] INFO  lab.base.util.aspect.LogAspect.doBefore:61 - 请求参数 : [lab.po.createTablePOO@2541d477]
2023-08-23 22:05:55.250 [XNIO-1 task-2] INFO  lab.base.util.aspect.LogAspect.doBefore:63 - 浏览器 : CHROME8
2023-08-23 22:05:55.250 [XNIO-1 task-2] INFO  lab.base.util.aspect.LogAspect.doBefore:64 - 浏览器版本 : 85.0.4183.83
2023-08-23 22:05:55.251 [XNIO-1 task-2] INFO  lab.base.util.aspect.LogAspect.doBefore:65 - 操作系统: WINDOWS_10
2023-08-23 22:05:55.897 [XNIO-1 task-2] INFO  com.zaxxer.hikari.HikariDataSource.getConnection:110 - MyHikariCP - Starting...
2023-08-23 22:05:56.299 [XNIO-1 task-2] INFO  com.zaxxer.hikari.pool.HikariPool.checkFailFast:565 - MyHikariCP - Added connection com.mysql.cj.jdbc.ConnectionImpl@63036eee
2023-08-23 22:05:56.304 [XNIO-1 task-2] INFO  com.zaxxer.hikari.HikariDataSource.getConnection:123 - MyHikariCP - Start completed.
2023-08-23 22:09:28.226 [SpringApplicationShutdownHook] INFO  io.undertow.stop:259 - stopping server: Undertow - 2.3.7.Final
2023-08-23 22:09:28.231 [SpringApplicationShutdownHook] INFO  io.undertow.servlet.log:372 - Destroying Spring FrameworkServlet 'dispatcherServlet'
2023-08-23 22:09:28.352 [SpringApplicationShutdownHook] INFO  com.zaxxer.hikari.HikariDataSource.close:350 - MyHikariCP - Shutdown initiated...
2023-08-23 22:09:28.359 [SpringApplicationShutdownHook] INFO  com.zaxxer.hikari.HikariDataSource.close:352 - MyHikariCP - Shutdown completed.
2023-08-23 22:09:32.983 [main] INFO  lab.StandardLabApplication.logStarting:51 - Starting StandardLabApplication using Java 17.0.7 with PID 15232 (F:\IdeaProjects\standardLab\out\production\classes started by yii in F:\IdeaProjects\standardLab)
2023-08-23 22:09:32.988 [main] INFO  lab.StandardLabApplication.logStartupProfileInfo:634 - No active profile set, falling back to 1 default profile: "default"
2023-08-23 22:09:33.867 [main] INFO  o.s.d.repository.config.RepositoryConfigurationDelegate.multipleStoresDetected:291 - Multiple Spring Data modules found, entering strict repository configuration mode
2023-08-23 22:09:33.870 [main] INFO  o.s.d.repository.config.RepositoryConfigurationDelegate.registerRepositoriesIn:138 - Bootstrapping Spring Data Redis repositories in DEFAULT mode.
2023-08-23 22:09:33.907 [main] INFO  o.s.d.repository.config.RepositoryConfigurationDelegate.registerRepositoriesIn:208 - Finished Spring Data repository scanning in 21 ms. Found 0 Redis repository interfaces.
2023-08-23 22:09:34.863 [main] INFO  io.undertow.servlet.log:372 - Initializing Spring embedded WebApplicationContext
2023-08-23 22:09:34.864 [main] INFO  o.s.b.w.s.context.ServletWebServerApplicationContext.prepareWebApplicationContext:291 - Root WebApplicationContext: initialization completed in 1815 ms
2023-08-23 22:09:36.595 [main] INFO  o.s.security.web.DefaultSecurityFilterChain.<init>:54 - Will secure any request with [org.springframework.security.web.session.DisableEncodeUrlFilter@39a30d1a, org.springframework.security.web.context.request.async.WebAsyncManagerIntegrationFilter@670ae31f, org.springframework.security.web.context.SecurityContextHolderFilter@138a952f, org.springframework.security.web.header.HeaderWriterFilter@107ebdad, org.springframework.web.filter.CorsFilter@353b0719, org.springframework.security.web.authentication.logout.LogoutFilter@5737d116, lab.base.config.security.JwtLoginFilter@1958524b, lab.base.config.security.JwtAuthenticationFilter@129aaac1, org.springframework.security.web.savedrequest.RequestCacheAwareFilter@6bfdaed7, org.springframework.security.web.servletapi.SecurityContextHolderAwareRequestFilter@272c5abd, org.springframework.security.web.authentication.AnonymousAuthenticationFilter@3370be55, org.springframework.security.web.access.ExceptionTranslationFilter@345540f9, org.springframework.security.web.access.intercept.FilterSecurityInterceptor@495f7ca4]
2023-08-23 22:09:37.512 [main] INFO  io.undertow.start:120 - starting server: Undertow - 2.3.7.Final
2023-08-23 22:09:37.521 [main] INFO  org.xnio.<clinit>:95 - XNIO version 3.8.8.Final
2023-08-23 22:09:37.530 [main] INFO  org.xnio.nio.<clinit>:58 - XNIO NIO Implementation Version 3.8.8.Final
2023-08-23 22:09:37.588 [main] INFO  org.jboss.threads.<clinit>:55 - JBoss Threads version 3.5.0.Final
2023-08-23 22:09:37.644 [main] INFO  o.s.boot.web.embedded.undertow.UndertowWebServer.start:121 - Undertow started on port(s) 8086 (http)
2023-08-23 22:09:37.659 [main] INFO  lab.StandardLabApplication.logStarted:57 - Started StandardLabApplication in 5.348 seconds (process running for 6.037)
2023-08-23 22:10:05.729 [XNIO-1 task-2] INFO  io.undertow.servlet.log:372 - Initializing Spring DispatcherServlet 'dispatcherServlet'
2023-08-23 22:10:05.730 [XNIO-1 task-2] INFO  org.springframework.web.servlet.DispatcherServlet.initServletBean:532 - Initializing Servlet 'dispatcherServlet'
2023-08-23 22:10:05.732 [XNIO-1 task-2] INFO  org.springframework.web.servlet.DispatcherServlet.initServletBean:554 - Completed initialization in 2 ms
2023-08-23 22:10:05.897 [XNIO-1 task-2] INFO  lab.base.util.aspect.LogAspect.doBefore:56 - 请求开始时间：2023-08-23T22:10:05.897218400
2023-08-23 22:10:05.898 [XNIO-1 task-2] INFO  lab.base.util.aspect.LogAspect.doBefore:57 - 请求Url : http://localhost:8086/sql/createTable
2023-08-23 22:10:05.898 [XNIO-1 task-2] INFO  lab.base.util.aspect.LogAspect.doBefore:58 - 请求方式 : POST
2023-08-23 22:10:05.899 [XNIO-1 task-2] INFO  lab.base.util.aspect.LogAspect.doBefore:59 - 请求ip : 0:0:0:0:0:0:0:1
2023-08-23 22:10:05.899 [XNIO-1 task-2] INFO  lab.base.util.aspect.LogAspect.doBefore:60 - 请求内容类型 : application/json
2023-08-23 22:10:05.900 [XNIO-1 task-2] INFO  lab.base.util.aspect.LogAspect.doBefore:61 - 请求参数 : [lab.po.createTablePOO@11290347]
2023-08-23 22:10:05.901 [XNIO-1 task-2] INFO  lab.base.util.aspect.LogAspect.doBefore:63 - 浏览器 : CHROME8
2023-08-23 22:10:05.901 [XNIO-1 task-2] INFO  lab.base.util.aspect.LogAspect.doBefore:64 - 浏览器版本 : 85.0.4183.83
2023-08-23 22:10:05.902 [XNIO-1 task-2] INFO  lab.base.util.aspect.LogAspect.doBefore:65 - 操作系统: WINDOWS_10
2023-08-23 22:10:06.336 [XNIO-1 task-2] INFO  com.zaxxer.hikari.HikariDataSource.getConnection:110 - MyHikariCP - Starting...
2023-08-23 22:10:06.643 [XNIO-1 task-2] INFO  com.zaxxer.hikari.pool.HikariPool.checkFailFast:565 - MyHikariCP - Added connection com.mysql.cj.jdbc.ConnectionImpl@31ffe237
2023-08-23 22:10:06.645 [XNIO-1 task-2] INFO  com.zaxxer.hikari.HikariDataSource.getConnection:123 - MyHikariCP - Start completed.
2023-08-23 22:10:06.963 [XNIO-1 task-2] INFO  lab.base.util.aspect.LogAspect.doAfterReturning:85 - 请求结束时间 : 2023-08-23T22:10:06.963123300
2023-08-23 22:10:06.963 [XNIO-1 task-2] INFO  lab.base.util.aspect.LogAspect.doAfterReturning:86 - 请求耗时 : 1秒
2023-08-23 22:10:06.964 [XNIO-1 task-2] INFO  lab.base.util.aspect.LogAspect.doAfterReturning:88 - 请求返回 : {"code":500,"msg":"表单建立失败:org.springframework.jdbc.BadSqlGrammarException: \r\n### Error updating database.  Cause: java.sql.SQLSyntaxErrorException: Table 't_test' already exists\r\n### The error may exist in file [F:\\IdeaProjects\\standardLab\\out\\production\\resources\\mapper\\sqlMapper.xml]\r\n### The error may involve defaultParameterMap\r\n### The error occurred while setting parameters\r\n### SQL: CREATE TABLE t_test(id int not null,name char(12));\r\n### Cause: java.sql.SQLSyntaxErrorException: Table 't_test' already exists\n; bad SQL grammar []"}
2023-08-23 22:10:49.507 [XNIO-1 task-2] INFO  lab.base.util.aspect.LogAspect.doBefore:56 - 请求开始时间：2023-08-23T22:10:49.507274500
2023-08-23 22:10:49.508 [XNIO-1 task-2] INFO  lab.base.util.aspect.LogAspect.doBefore:57 - 请求Url : http://localhost:8086/sql/createTable
2023-08-23 22:10:49.509 [XNIO-1 task-2] INFO  lab.base.util.aspect.LogAspect.doBefore:58 - 请求方式 : POST
2023-08-23 22:10:49.509 [XNIO-1 task-2] INFO  lab.base.util.aspect.LogAspect.doBefore:59 - 请求ip : 0:0:0:0:0:0:0:1
2023-08-23 22:10:49.510 [XNIO-1 task-2] INFO  lab.base.util.aspect.LogAspect.doBefore:60 - 请求内容类型 : application/json
2023-08-23 22:10:49.511 [XNIO-1 task-2] INFO  lab.base.util.aspect.LogAspect.doBefore:61 - 请求参数 : [lab.po.createTablePOO@72dd9369]
2023-08-23 22:10:49.511 [XNIO-1 task-2] INFO  lab.base.util.aspect.LogAspect.doBefore:63 - 浏览器 : CHROME8
2023-08-23 22:10:49.512 [XNIO-1 task-2] INFO  lab.base.util.aspect.LogAspect.doBefore:64 - 浏览器版本 : 85.0.4183.83
2023-08-23 22:10:49.513 [XNIO-1 task-2] INFO  lab.base.util.aspect.LogAspect.doBefore:65 - 操作系统: WINDOWS_10
2023-08-23 22:11:53.712 [SpringApplicationShutdownHook] INFO  io.undertow.stop:259 - stopping server: Undertow - 2.3.7.Final
2023-08-23 22:11:53.715 [SpringApplicationShutdownHook] INFO  io.undertow.servlet.log:372 - Destroying Spring FrameworkServlet 'dispatcherServlet'
2023-08-23 22:11:53.838 [SpringApplicationShutdownHook] INFO  com.zaxxer.hikari.HikariDataSource.close:350 - MyHikariCP - Shutdown initiated...
2023-08-23 22:11:53.845 [SpringApplicationShutdownHook] INFO  com.zaxxer.hikari.HikariDataSource.close:352 - MyHikariCP - Shutdown completed.
2023-08-23 22:11:59.004 [main] INFO  lab.StandardLabApplication.logStarting:51 - Starting StandardLabApplication using Java 17.0.7 with PID 12404 (F:\IdeaProjects\standardLab\out\production\classes started by yii in F:\IdeaProjects\standardLab)
2023-08-23 22:11:59.008 [main] INFO  lab.StandardLabApplication.logStartupProfileInfo:634 - No active profile set, falling back to 1 default profile: "default"
2023-08-23 22:11:59.881 [main] INFO  o.s.d.repository.config.RepositoryConfigurationDelegate.multipleStoresDetected:291 - Multiple Spring Data modules found, entering strict repository configuration mode
2023-08-23 22:11:59.884 [main] INFO  o.s.d.repository.config.RepositoryConfigurationDelegate.registerRepositoriesIn:138 - Bootstrapping Spring Data Redis repositories in DEFAULT mode.
2023-08-23 22:11:59.918 [main] INFO  o.s.d.repository.config.RepositoryConfigurationDelegate.registerRepositoriesIn:208 - Finished Spring Data repository scanning in 20 ms. Found 0 Redis repository interfaces.
2023-08-23 22:12:00.879 [main] INFO  io.undertow.servlet.log:372 - Initializing Spring embedded WebApplicationContext
2023-08-23 22:12:00.879 [main] INFO  o.s.b.w.s.context.ServletWebServerApplicationContext.prepareWebApplicationContext:291 - Root WebApplicationContext: initialization completed in 1814 ms
2023-08-23 22:12:02.648 [main] INFO  o.s.security.web.DefaultSecurityFilterChain.<init>:54 - Will secure any request with [org.springframework.security.web.session.DisableEncodeUrlFilter@39159b14, org.springframework.security.web.context.request.async.WebAsyncManagerIntegrationFilter@57ab4b33, org.springframework.security.web.context.SecurityContextHolderFilter@4c24c40a, org.springframework.security.web.header.HeaderWriterFilter@22b10124, org.springframework.web.filter.CorsFilter@7ea07516, org.springframework.security.web.authentication.logout.LogoutFilter@339cde4b, lab.base.config.security.JwtLoginFilter@43b2e7db, lab.base.config.security.JwtAuthenticationFilter@46d51d5e, org.springframework.security.web.savedrequest.RequestCacheAwareFilter@3e18e693, org.springframework.security.web.servletapi.SecurityContextHolderAwareRequestFilter@3d12f065, org.springframework.security.web.authentication.AnonymousAuthenticationFilter@530df3ab, org.springframework.security.web.access.ExceptionTranslationFilter@6cb43fd3, org.springframework.security.web.access.intercept.FilterSecurityInterceptor@36857d32]
2023-08-23 22:12:03.648 [main] INFO  io.undertow.start:120 - starting server: Undertow - 2.3.7.Final
2023-08-23 22:12:03.657 [main] INFO  org.xnio.<clinit>:95 - XNIO version 3.8.8.Final
2023-08-23 22:12:03.666 [main] INFO  org.xnio.nio.<clinit>:58 - XNIO NIO Implementation Version 3.8.8.Final
2023-08-23 22:12:03.708 [main] INFO  org.jboss.threads.<clinit>:55 - JBoss Threads version 3.5.0.Final
2023-08-23 22:12:03.762 [main] INFO  o.s.boot.web.embedded.undertow.UndertowWebServer.start:121 - Undertow started on port(s) 8086 (http)
2023-08-23 22:12:03.778 [main] INFO  lab.StandardLabApplication.logStarted:57 - Started StandardLabApplication in 5.433 seconds (process running for 6.163)
2023-08-23 22:12:50.409 [XNIO-1 task-2] INFO  io.undertow.servlet.log:372 - Initializing Spring DispatcherServlet 'dispatcherServlet'
2023-08-23 22:12:50.410 [XNIO-1 task-2] INFO  org.springframework.web.servlet.DispatcherServlet.initServletBean:532 - Initializing Servlet 'dispatcherServlet'
2023-08-23 22:12:50.412 [XNIO-1 task-2] INFO  org.springframework.web.servlet.DispatcherServlet.initServletBean:554 - Completed initialization in 2 ms
2023-08-23 22:12:50.590 [XNIO-1 task-2] INFO  lab.base.util.aspect.LogAspect.doBefore:56 - 请求开始时间：2023-08-23T22:12:50.590983500
2023-08-23 22:12:50.592 [XNIO-1 task-2] INFO  lab.base.util.aspect.LogAspect.doBefore:57 - 请求Url : http://localhost:8086/sql/createTable
2023-08-23 22:12:50.593 [XNIO-1 task-2] INFO  lab.base.util.aspect.LogAspect.doBefore:58 - 请求方式 : POST
2023-08-23 22:12:50.594 [XNIO-1 task-2] INFO  lab.base.util.aspect.LogAspect.doBefore:59 - 请求ip : 0:0:0:0:0:0:0:1
2023-08-23 22:12:50.594 [XNIO-1 task-2] INFO  lab.base.util.aspect.LogAspect.doBefore:60 - 请求内容类型 : application/json
2023-08-23 22:12:50.594 [XNIO-1 task-2] INFO  lab.base.util.aspect.LogAspect.doBefore:61 - 请求参数 : [lab.po.createTablePOO@5bf0c9ba]
2023-08-23 22:12:50.595 [XNIO-1 task-2] INFO  lab.base.util.aspect.LogAspect.doBefore:63 - 浏览器 : CHROME8
2023-08-23 22:12:50.595 [XNIO-1 task-2] INFO  lab.base.util.aspect.LogAspect.doBefore:64 - 浏览器版本 : 85.0.4183.83
2023-08-23 22:12:50.596 [XNIO-1 task-2] INFO  lab.base.util.aspect.LogAspect.doBefore:65 - 操作系统: WINDOWS_10
2023-08-23 22:12:51.096 [XNIO-1 task-2] INFO  com.zaxxer.hikari.HikariDataSource.getConnection:110 - MyHikariCP - Starting...
2023-08-23 22:12:51.422 [XNIO-1 task-2] INFO  com.zaxxer.hikari.pool.HikariPool.checkFailFast:565 - MyHikariCP - Added connection com.mysql.cj.jdbc.ConnectionImpl@602258ac
2023-08-23 22:12:51.425 [XNIO-1 task-2] INFO  com.zaxxer.hikari.HikariDataSource.getConnection:123 - MyHikariCP - Start completed.
2023-08-23 22:12:51.892 [XNIO-1 task-2] INFO  lab.base.util.aspect.LogAspect.doAfterReturning:85 - 请求结束时间 : 2023-08-23T22:12:51.892679800
2023-08-23 22:12:51.893 [XNIO-1 task-2] INFO  lab.base.util.aspect.LogAspect.doAfterReturning:86 - 请求耗时 : 1秒
2023-08-23 22:12:51.894 [XNIO-1 task-2] INFO  lab.base.util.aspect.LogAspect.doAfterReturning:88 - 请求返回 : {"code":500,"msg":"存储表单信息失败:org.springframework.jdbc.BadSqlGrammarException: \r\n### Error updating database.  Cause: java.sql.SQLSyntaxErrorException: Unknown column 'tabledocno' in 'field list'\r\n### The error may exist in file [F:\\IdeaProjects\\standardLab\\out\\production\\resources\\mapper\\sqlMapper.xml]\r\n### The error may involve defaultParameterMap\r\n### The error occurred while setting parameters\r\n### SQL: insert into t_user (tabledocno,tablename,remark,sqlview,type)       values (?,?,?,?,?)\r\n### Cause: java.sql.SQLSyntaxErrorException: Unknown column 'tabledocno' in 'field list'\n; bad SQL grammar []"}
