2023-08-27 17:13:22.678 [main] INFO  lab.StandardLabApplication.logStarting:51 - Starting StandardLabApplication using Java 17.0.7 with PID 10220 (F:\IdeaProjects\standardLab\out\production\classes started by yii in F:\IdeaProjects\standardLab)
2023-08-27 17:13:22.684 [main] INFO  lab.StandardLabApplication.logStartupProfileInfo:634 - No active profile set, falling back to 1 default profile: "default"
2023-08-27 17:13:23.687 [main] INFO  o.s.d.repository.config.RepositoryConfigurationDelegate.multipleStoresDetected:291 - Multiple Spring Data modules found, entering strict repository configuration mode
2023-08-27 17:13:23.691 [main] INFO  o.s.d.repository.config.RepositoryConfigurationDelegate.registerRepositoriesIn:138 - Bootstrapping Spring Data Redis repositories in DEFAULT mode.
2023-08-27 17:13:23.734 [main] INFO  o.s.d.repository.config.RepositoryConfigurationDelegate.registerRepositoriesIn:208 - Finished Spring Data repository scanning in 25 ms. Found 0 Redis repository interfaces.
2023-08-27 17:13:24.822 [main] INFO  io.undertow.servlet.log:372 - Initializing Spring embedded WebApplicationContext
2023-08-27 17:13:24.823 [main] INFO  o.s.b.w.s.context.ServletWebServerApplicationContext.prepareWebApplicationContext:291 - Root WebApplicationContext: initialization completed in 2064 ms
2023-08-27 17:13:26.907 [main] INFO  o.s.security.web.DefaultSecurityFilterChain.<init>:54 - Will secure any request with [org.springframework.security.web.session.DisableEncodeUrlFilter@1d432d56, org.springframework.security.web.context.request.async.WebAsyncManagerIntegrationFilter@147ad4bb, org.springframework.security.web.context.SecurityContextHolderFilter@15a2fddd, org.springframework.security.web.header.HeaderWriterFilter@6ed7c178, org.springframework.web.filter.CorsFilter@13e1e816, org.springframework.security.web.authentication.logout.LogoutFilter@326dbe25, lab.base.config.security.JwtLoginFilter@bd703bb, lab.base.config.security.JwtAuthenticationFilter@2a9565d7, org.springframework.security.web.savedrequest.RequestCacheAwareFilter@18c0f025, org.springframework.security.web.servletapi.SecurityContextHolderAwareRequestFilter@684f7f1c, org.springframework.security.web.authentication.AnonymousAuthenticationFilter@2e38d44e, org.springframework.security.web.access.ExceptionTranslationFilter@13dc383b, org.springframework.security.web.access.intercept.FilterSecurityInterceptor@42012093]
2023-08-27 17:13:27.941 [main] INFO  io.undertow.start:120 - starting server: Undertow - 2.3.7.Final
2023-08-27 17:13:27.951 [main] INFO  org.xnio.<clinit>:95 - XNIO version 3.8.8.Final
2023-08-27 17:13:27.961 [main] INFO  org.xnio.nio.<clinit>:58 - XNIO NIO Implementation Version 3.8.8.Final
2023-08-27 17:13:28.003 [main] INFO  org.jboss.threads.<clinit>:55 - JBoss Threads version 3.5.0.Final
2023-08-27 17:13:28.065 [main] INFO  o.s.boot.web.embedded.undertow.UndertowWebServer.start:121 - Undertow started on port(s) 8086 (http)
2023-08-27 17:13:28.081 [main] INFO  lab.StandardLabApplication.logStarted:57 - Started StandardLabApplication in 6.081 seconds (process running for 6.914)
2023-08-27 17:13:36.666 [XNIO-1 task-2] INFO  io.undertow.servlet.log:372 - Initializing Spring DispatcherServlet 'dispatcherServlet'
2023-08-27 17:13:36.667 [XNIO-1 task-2] INFO  org.springframework.web.servlet.DispatcherServlet.initServletBean:532 - Initializing Servlet 'dispatcherServlet'
2023-08-27 17:13:36.669 [XNIO-1 task-2] INFO  org.springframework.web.servlet.DispatcherServlet.initServletBean:554 - Completed initialization in 2 ms
2023-08-27 17:13:36.880 [XNIO-1 task-2] INFO  com.zaxxer.hikari.HikariDataSource.getConnection:110 - MyHikariCP - Starting...
2023-08-27 17:13:37.280 [XNIO-1 task-2] INFO  com.zaxxer.hikari.pool.HikariPool.checkFailFast:565 - MyHikariCP - Added connection com.mysql.cj.jdbc.ConnectionImpl@71b3e2eb
2023-08-27 17:13:37.282 [XNIO-1 task-2] INFO  com.zaxxer.hikari.HikariDataSource.getConnection:123 - MyHikariCP - Start completed.
2023-08-27 17:13:37.337 [XNIO-1 task-2] INFO  lab.base.util.aspect.LogAspect.doBefore:56 - 请求开始时间：2023-08-27T17:13:37.337376800
2023-08-27 17:13:37.338 [XNIO-1 task-2] INFO  lab.base.util.aspect.LogAspect.doBefore:57 - 请求Url : http://localhost:8086/sql/updTable
2023-08-27 17:13:37.339 [XNIO-1 task-2] INFO  lab.base.util.aspect.LogAspect.doBefore:58 - 请求方式 : POST
2023-08-27 17:13:37.339 [XNIO-1 task-2] INFO  lab.base.util.aspect.LogAspect.doBefore:59 - 请求ip : 0:0:0:0:0:0:0:1
2023-08-27 17:13:37.340 [XNIO-1 task-2] INFO  lab.base.util.aspect.LogAspect.doBefore:60 - 请求内容类型 : application/json
2023-08-27 17:13:37.340 [XNIO-1 task-2] INFO  lab.base.util.aspect.LogAspect.doBefore:61 - 请求参数 : [lab.po.updTablePO@75e0fe2d]
2023-08-27 17:13:37.340 [XNIO-1 task-2] INFO  lab.base.util.aspect.LogAspect.doBefore:63 - 浏览器 : CHROME8
2023-08-27 17:13:37.341 [XNIO-1 task-2] INFO  lab.base.util.aspect.LogAspect.doBefore:64 - 浏览器版本 : 85.0.4183.83
2023-08-27 17:13:37.341 [XNIO-1 task-2] INFO  lab.base.util.aspect.LogAspect.doBefore:65 - 操作系统: WINDOWS_10
2023-08-27 17:13:38.060 [XNIO-1 task-2] INFO  lab.base.util.aspect.LogAspect.doAfterReturning:85 - 请求结束时间 : 2023-08-27T17:13:38.060411500
2023-08-27 17:13:38.061 [XNIO-1 task-2] INFO  lab.base.util.aspect.LogAspect.doAfterReturning:86 - 请求耗时 : 0秒
2023-08-27 17:13:38.061 [XNIO-1 task-2] INFO  lab.base.util.aspect.LogAspect.doAfterReturning:88 - 请求返回 : {"code":200,"msg":"表单t_test修改成功"}
2023-08-27 17:14:14.187 [XNIO-1 task-2] INFO  lab.base.util.aspect.LogAspect.doBefore:56 - 请求开始时间：2023-08-27T17:14:14.187033
2023-08-27 17:14:14.188 [XNIO-1 task-2] INFO  lab.base.util.aspect.LogAspect.doBefore:57 - 请求Url : http://localhost:8086/sql/updTable
2023-08-27 17:14:14.188 [XNIO-1 task-2] INFO  lab.base.util.aspect.LogAspect.doBefore:58 - 请求方式 : POST
2023-08-27 17:14:14.188 [XNIO-1 task-2] INFO  lab.base.util.aspect.LogAspect.doBefore:59 - 请求ip : 0:0:0:0:0:0:0:1
2023-08-27 17:14:14.189 [XNIO-1 task-2] INFO  lab.base.util.aspect.LogAspect.doBefore:60 - 请求内容类型 : application/json
2023-08-27 17:14:14.189 [XNIO-1 task-2] INFO  lab.base.util.aspect.LogAspect.doBefore:61 - 请求参数 : [lab.po.updTablePO@84fa28]
2023-08-27 17:14:14.190 [XNIO-1 task-2] INFO  lab.base.util.aspect.LogAspect.doBefore:63 - 浏览器 : CHROME8
2023-08-27 17:14:14.190 [XNIO-1 task-2] INFO  lab.base.util.aspect.LogAspect.doBefore:64 - 浏览器版本 : 85.0.4183.83
2023-08-27 17:14:14.190 [XNIO-1 task-2] INFO  lab.base.util.aspect.LogAspect.doBefore:65 - 操作系统: WINDOWS_10
2023-08-27 17:14:14.259 [XNIO-1 task-2] INFO  lab.base.util.aspect.LogAspect.doAfterReturning:85 - 请求结束时间 : 2023-08-27T17:14:14.259170100
2023-08-27 17:14:14.259 [XNIO-1 task-2] INFO  lab.base.util.aspect.LogAspect.doAfterReturning:86 - 请求耗时 : 0秒
2023-08-27 17:14:14.260 [XNIO-1 task-2] INFO  lab.base.util.aspect.LogAspect.doAfterReturning:88 - 请求返回 : {"code":200,"msg":"表单t_test修改成功"}
2023-08-27 18:16:08.182 [SpringApplicationShutdownHook] INFO  io.undertow.stop:259 - stopping server: Undertow - 2.3.7.Final
2023-08-27 18:16:08.187 [SpringApplicationShutdownHook] INFO  io.undertow.servlet.log:372 - Destroying Spring FrameworkServlet 'dispatcherServlet'
2023-08-27 18:16:08.312 [SpringApplicationShutdownHook] INFO  com.zaxxer.hikari.HikariDataSource.close:350 - MyHikariCP - Shutdown initiated...
2023-08-27 18:16:08.317 [SpringApplicationShutdownHook] INFO  com.zaxxer.hikari.HikariDataSource.close:352 - MyHikariCP - Shutdown completed.
