2023-11-05 22:41:21.404 [main] INFO  lab.StandardLabApplication.logStarting:51 - Starting StandardLabApplication using Java 17.0.7 with PID 8840 (F:\IdeaProjects\standardLab\out\production\classes started by yii in F:\IdeaProjects\standardLab)
2023-11-05 22:41:21.411 [main] INFO  lab.StandardLabApplication.logStartupProfileInfo:634 - No active profile set, falling back to 1 default profile: "default"
2023-11-05 22:41:23.668 [main] INFO  o.s.d.repository.config.RepositoryConfigurationDelegate.multipleStoresDetected:291 - Multiple Spring Data modules found, entering strict repository configuration mode
2023-11-05 22:41:23.674 [main] INFO  o.s.d.repository.config.RepositoryConfigurationDelegate.registerRepositoriesIn:138 - Bootstrapping Spring Data Redis repositories in DEFAULT mode.
2023-11-05 22:41:23.734 [main] INFO  o.s.d.repository.config.RepositoryConfigurationDelegate.registerRepositoriesIn:208 - Finished Spring Data repository scanning in 23 ms. Found 0 Redis repository interfaces.
2023-11-05 22:41:25.736 [main] INFO  io.undertow.servlet.log:372 - Initializing Spring embedded WebApplicationContext
2023-11-05 22:41:25.736 [main] INFO  o.s.b.w.s.context.ServletWebServerApplicationContext.prepareWebApplicationContext:291 - Root WebApplicationContext: initialization completed in 4176 ms
2023-11-05 22:41:27.241 [main] INFO  com.zaxxer.hikari.HikariDataSource.getConnection:110 - MyHikariCP - Starting...
2023-11-05 22:41:27.707 [main] INFO  com.zaxxer.hikari.pool.HikariPool.checkFailFast:565 - MyHikariCP - Added connection com.mysql.cj.jdbc.ConnectionImpl@6cb43fd3
2023-11-05 22:41:27.712 [main] INFO  com.zaxxer.hikari.HikariDataSource.getConnection:123 - MyHikariCP - Start completed.
2023-11-05 22:41:29.449 [main] INFO  o.s.security.web.DefaultSecurityFilterChain.<init>:54 - Will secure any request with [org.springframework.security.web.session.DisableEncodeUrlFilter@9423344, org.springframework.security.web.context.request.async.WebAsyncManagerIntegrationFilter@73ccdfc1, org.springframework.security.web.context.SecurityContextHolderFilter@79a88f45, org.springframework.security.web.header.HeaderWriterFilter@498cf1dc, org.springframework.web.filter.CorsFilter@18d8da77, org.springframework.security.web.authentication.logout.LogoutFilter@1c10eb3a, lab.base.config.security.JwtLoginFilter@502dc93a, lab.base.config.security.JwtAuthenticationFilter@486d1868, org.springframework.security.web.savedrequest.RequestCacheAwareFilter@38447073, org.springframework.security.web.servletapi.SecurityContextHolderAwareRequestFilter@56f4f385, org.springframework.security.web.authentication.AnonymousAuthenticationFilter@5d4af473, org.springframework.security.web.access.ExceptionTranslationFilter@59f36439, org.springframework.security.web.access.intercept.FilterSecurityInterceptor@6dd50380]
2023-11-05 22:41:29.927 [main] INFO  org.flowable.spring.boot.app.AppEngineAutoConfiguration.discoverDeploymentResources:104 - No deployment resources were found for autodeployment
2023-11-05 22:41:30.148 [main] INFO  org.flowable.spring.boot.ProcessEngineAutoConfiguration.discoverDeploymentResources:104 - No deployment resources were found for autodeployment
2023-11-05 22:41:30.868 [main] INFO  o.flowable.spring.boot.cmmn.CmmnEngineAutoConfiguration.discoverDeploymentResources:104 - No deployment resources were found for autodeployment
2023-11-05 22:41:31.253 [main] INFO  org.flowable.spring.boot.dmn.DmnEngineAutoConfiguration.discoverDeploymentResources:104 - No deployment resources were found for autodeployment
2023-11-05 22:41:31.387 [main] INFO  o.f.s.boot.eventregistry.EventRegistryAutoConfiguration.discoverDeploymentResources:104 - No deployment resources were found for autodeployment
2023-11-05 22:41:31.505 [main] INFO  org.flowable.app.spring.SpringAppEngineConfiguration.initConfigurators:1084 - Found 5 Engine Configurators in total:
2023-11-05 22:41:31.505 [main] INFO  org.flowable.app.spring.SpringAppEngineConfiguration.initConfigurators:1086 - class org.flowable.engine.spring.configurator.SpringProcessEngineConfigurator (priority:50000)
2023-11-05 22:41:31.506 [main] INFO  org.flowable.app.spring.SpringAppEngineConfiguration.initConfigurators:1086 - class org.flowable.eventregistry.spring.configurator.SpringEventRegistryConfigurator (priority:100000)
2023-11-05 22:41:31.506 [main] INFO  org.flowable.app.spring.SpringAppEngineConfiguration.initConfigurators:1086 - class org.flowable.idm.spring.configurator.SpringIdmEngineConfigurator (priority:150000)
2023-11-05 22:41:31.506 [main] INFO  org.flowable.app.spring.SpringAppEngineConfiguration.initConfigurators:1086 - class org.flowable.dmn.spring.configurator.SpringDmnEngineConfigurator (priority:200000)
2023-11-05 22:41:31.507 [main] INFO  org.flowable.app.spring.SpringAppEngineConfiguration.initConfigurators:1086 - class org.flowable.cmmn.spring.configurator.SpringCmmnEngineConfigurator (priority:500000)
2023-11-05 22:41:31.507 [main] INFO  org.flowable.app.spring.SpringAppEngineConfiguration.configuratorsBeforeInit:1112 - Executing beforeInit() of class org.flowable.engine.spring.configurator.SpringProcessEngineConfigurator (priority:50000)
2023-11-05 22:41:31.517 [main] INFO  org.flowable.app.spring.SpringAppEngineConfiguration.configuratorsBeforeInit:1112 - Executing beforeInit() of class org.flowable.eventregistry.spring.configurator.SpringEventRegistryConfigurator (priority:100000)
2023-11-05 22:41:31.523 [main] INFO  org.flowable.app.spring.SpringAppEngineConfiguration.configuratorsBeforeInit:1112 - Executing beforeInit() of class org.flowable.idm.spring.configurator.SpringIdmEngineConfigurator (priority:150000)
2023-11-05 22:41:31.528 [main] INFO  org.flowable.app.spring.SpringAppEngineConfiguration.configuratorsBeforeInit:1112 - Executing beforeInit() of class org.flowable.dmn.spring.configurator.SpringDmnEngineConfigurator (priority:200000)
2023-11-05 22:41:31.532 [main] INFO  org.flowable.app.spring.SpringAppEngineConfiguration.configuratorsBeforeInit:1112 - Executing beforeInit() of class org.flowable.cmmn.spring.configurator.SpringCmmnEngineConfigurator (priority:500000)
2023-11-05 22:41:32.721 [main] INFO  org.flowable.app.spring.SpringAppEngineConfiguration.configuratorsAfterInit:1119 - Executing configure() of class org.flowable.engine.spring.configurator.SpringProcessEngineConfigurator (priority:50000)
2023-11-05 22:41:33.024 [main] INFO  org.flowable.engine.impl.ProcessEngineImpl.<init>:89 - ProcessEngine default created
2023-11-05 22:41:33.045 [main] INFO  org.flowable.engine.impl.cmd.ValidateV5EntitiesCmd.execute:43 - Total of v5 deployments found: 0
2023-11-05 22:41:33.056 [main] INFO  org.flowable.app.spring.SpringAppEngineConfiguration.configuratorsAfterInit:1119 - Executing configure() of class org.flowable.eventregistry.spring.configurator.SpringEventRegistryConfigurator (priority:100000)
2023-11-05 22:41:33.789 [main] INFO  liquibase.changelog.log:37 - Reading from test.FLW_EV_DATABASECHANGELOG
2023-11-05 22:41:33.801 [main] INFO  liquibase.executor.log:37 - Changelog query completed.
2023-11-05 22:41:33.850 [main] INFO  org.flowable.eventregistry.impl.EventRegistryEngineImpl.<init>:53 - EventRegistryEngine default created
2023-11-05 22:41:33.853 [main] INFO  org.flowable.app.spring.SpringAppEngineConfiguration.configuratorsAfterInit:1119 - Executing configure() of class org.flowable.idm.spring.configurator.SpringIdmEngineConfigurator (priority:150000)
2023-11-05 22:41:33.875 [main] INFO  org.flowable.idm.engine.impl.IdmEngineImpl.<init>:52 - IdmEngine default created
2023-11-05 22:41:33.877 [main] INFO  org.flowable.app.spring.SpringAppEngineConfiguration.configuratorsAfterInit:1119 - Executing configure() of class org.flowable.dmn.spring.configurator.SpringDmnEngineConfigurator (priority:200000)
2023-11-05 22:41:33.937 [main] INFO  liquibase.changelog.log:37 - Reading from test.ACT_DMN_DATABASECHANGELOG
2023-11-05 22:41:33.940 [main] INFO  liquibase.executor.log:37 - Changelog query completed.
2023-11-05 22:41:33.958 [main] INFO  org.flowable.dmn.engine.impl.DmnEngineImpl.<init>:55 - DmnEngine default created
2023-11-05 22:41:33.960 [main] INFO  org.flowable.app.spring.SpringAppEngineConfiguration.configuratorsAfterInit:1119 - Executing configure() of class org.flowable.cmmn.spring.configurator.SpringCmmnEngineConfigurator (priority:500000)
2023-11-05 22:41:34.199 [main] INFO  liquibase.changelog.log:37 - Reading from test.ACT_CMMN_DATABASECHANGELOG
2023-11-05 22:41:34.203 [main] INFO  liquibase.executor.log:37 - Changelog query completed.
2023-11-05 22:41:34.241 [main] INFO  org.flowable.cmmn.engine.impl.CmmnEngineImpl.<init>:72 - CmmnEngine default created
2023-11-05 22:41:34.274 [main] INFO  liquibase.changelog.log:37 - Reading from test.ACT_APP_DATABASECHANGELOG
2023-11-05 22:41:34.276 [main] INFO  liquibase.executor.log:37 - Changelog query completed.
2023-11-05 22:41:34.282 [main] INFO  org.flowable.app.engine.impl.AppEngineImpl.<init>:48 - AppEngine default created
2023-11-05 22:41:35.659 [main] INFO  o.f.job.service.impl.asyncexecutor.AbstractAsyncExecutor.start:101 - Starting up the async job executor [org.flowable.spring.job.service.SpringAsyncExecutor] for engine cmmn
2023-11-05 22:41:35.674 [Thread-3] INFO  o.f.j.s.impl.asyncexecutor.ResetExpiredJobsRunnable.run:63 - starting to reset expired jobs for engine cmmn
2023-11-05 22:41:35.675 [main] INFO  o.f.job.service.impl.asyncexecutor.AbstractAsyncExecutor.start:101 - Starting up the async job executor [org.flowable.spring.job.service.SpringAsyncExecutor] for engine bpmn
2023-11-05 22:41:35.675 [Thread-1] INFO  o.f.j.s.impl.asyncexecutor.AcquireAsyncJobsDueRunnable.run:106 - starting to acquire async jobs due for engine cmmn
2023-11-05 22:41:35.682 [Thread-5] INFO  o.f.j.s.impl.asyncexecutor.AcquireTimerJobsRunnable.run:109 - starting to acquire async jobs due for engine bpmn
2023-11-05 22:41:35.682 [Thread-4] INFO  o.f.j.s.impl.asyncexecutor.AcquireAsyncJobsDueRunnable.run:106 - starting to acquire async jobs due for engine bpmn
2023-11-05 22:41:35.684 [Thread-6] INFO  o.f.j.s.impl.asyncexecutor.ResetExpiredJobsRunnable.run:63 - starting to reset expired jobs for engine bpmn
2023-11-05 22:41:35.696 [main] INFO  io.undertow.start:120 - starting server: Undertow - 2.3.7.Final
2023-11-05 22:41:35.716 [main] INFO  org.xnio.<clinit>:95 - XNIO version 3.8.8.Final
2023-11-05 22:41:35.735 [main] INFO  org.xnio.nio.<clinit>:58 - XNIO NIO Implementation Version 3.8.8.Final
2023-11-05 22:41:35.782 [main] INFO  org.jboss.threads.<clinit>:55 - JBoss Threads version 3.5.0.Final
2023-11-05 22:41:35.888 [main] INFO  o.s.boot.web.embedded.undertow.UndertowWebServer.start:121 - Undertow started on port(s) 8080 (http)
2023-11-05 22:41:35.924 [main] INFO  lab.StandardLabApplication.logStarted:57 - Started StandardLabApplication in 15.727 seconds (process running for 16.937)
2023-11-05 22:41:46.063 [XNIO-1 task-2] INFO  io.undertow.servlet.log:372 - Initializing Spring DispatcherServlet 'dispatcherServlet'
2023-11-05 22:41:46.064 [XNIO-1 task-2] INFO  org.springframework.web.servlet.DispatcherServlet.initServletBean:532 - Initializing Servlet 'dispatcherServlet'
2023-11-05 22:41:46.068 [XNIO-1 task-2] INFO  org.springframework.web.servlet.DispatcherServlet.initServletBean:554 - Completed initialization in 3 ms
2023-11-05 22:41:49.442 [XNIO-1 task-2] INFO  lab.base.util.aspect.LogAspect.doBefore:57 - 请求开始时间：2023-11-05T22:41:49.442491200
2023-11-05 22:41:49.443 [XNIO-1 task-2] INFO  lab.base.util.aspect.LogAspect.doBefore:58 - 请求Url : http://localhost:8080/sql/selTable
2023-11-05 22:41:49.444 [XNIO-1 task-2] INFO  lab.base.util.aspect.LogAspect.doBefore:59 - 请求方式 : POST
2023-11-05 22:41:49.444 [XNIO-1 task-2] INFO  lab.base.util.aspect.LogAspect.doBefore:60 - 请求ip : 127.0.0.1
2023-11-05 22:41:49.444 [XNIO-1 task-2] INFO  lab.base.util.aspect.LogAspect.doBefore:61 - 请求内容类型 : application/json;charset=UTF-8
2023-11-05 22:41:49.453 [XNIO-1 task-2] INFO  lab.base.util.aspect.LogAspect.doBefore:62 - 请求参数 : [{"id":0,"ownerid":0,"updateid":0}]
2023-11-05 22:41:49.453 [XNIO-1 task-2] INFO  lab.base.util.aspect.LogAspect.doBefore:64 - 浏览器 : CHROME8
2023-11-05 22:41:49.454 [XNIO-1 task-2] INFO  lab.base.util.aspect.LogAspect.doBefore:65 - 浏览器版本 : 85.0.4183.83
2023-11-05 22:41:49.454 [XNIO-1 task-2] INFO  lab.base.util.aspect.LogAspect.doBefore:66 - 操作系统: WINDOWS_10
2023-11-05 22:41:49.462 [XNIO-1 task-2] INFO  lab.base.util.aspect.LogAspect.doAfterReturning:86 - 请求结束时间 : 2023-11-05T22:41:49.462527400
2023-11-05 22:41:49.462 [XNIO-1 task-2] INFO  lab.base.util.aspect.LogAspect.doAfterReturning:87 - 请求耗时 : 0秒
2023-11-05 22:41:49.463 [XNIO-1 task-2] INFO  lab.base.util.aspect.LogAspect.doAfterReturning:89 - 请求返回 : {"code":200,"msg":"查询成功","payload":[{"createtime":"2023-10-09 23:39:52","id":15,"ownerid":0,"parentid":0,"remark":"多试几下","tabledocno":"t_test5","tablename":"测试表5","type":"1","updateid":10,"updatename":"管理员","updatetime":"2023-10-12 17:30:19","updateusername":"admin"},{"createtime":"2023-10-23 21:52:25","id":16,"ownerid":0,"parentid":0,"remark":"测试一下","tabledocno":"test006","tablename":"测试006表","type":"1","updateid":0,"updatetime":"2023-10-23 21:52:25"},{"createtime":"2023-10-26 17:23:44","id":17,"ownerid":0,"parentid":0,"remark":"","tabledocno":"t_department","tablename":"部门信息表","type":"1","updateid":0,"updatetime":"2023-10-26 17:23:44"},{"createtime":"2023-10-26 17:54:31","id":18,"ownerid":0,"parentid":0,"remark":"","tabledocno":"t_department_user","tablename":"用户部门关联表","type":"1","updateid":0,"updatetime":"2023-10-26 17:54:31"}]}
2023-11-05 22:41:53.406 [XNIO-1 task-2] INFO  lab.base.util.aspect.LogAspect.doBefore:57 - 请求开始时间：2023-11-05T22:41:53.406355600
2023-11-05 22:41:53.406 [XNIO-1 task-2] INFO  lab.base.util.aspect.LogAspect.doBefore:58 - 请求Url : http://localhost:8080/sql/selTable
2023-11-05 22:41:53.407 [XNIO-1 task-2] INFO  lab.base.util.aspect.LogAspect.doBefore:59 - 请求方式 : POST
2023-11-05 22:41:53.408 [XNIO-1 task-2] INFO  lab.base.util.aspect.LogAspect.doBefore:60 - 请求ip : 127.0.0.1
2023-11-05 22:41:53.408 [XNIO-1 task-2] INFO  lab.base.util.aspect.LogAspect.doBefore:61 - 请求内容类型 : application/json;charset=UTF-8
2023-11-05 22:41:53.409 [XNIO-1 task-2] INFO  lab.base.util.aspect.LogAspect.doBefore:62 - 请求参数 : [{"id":0,"ownerid":0,"updateid":0}]
2023-11-05 22:41:53.409 [XNIO-1 task-2] INFO  lab.base.util.aspect.LogAspect.doBefore:64 - 浏览器 : CHROME8
2023-11-05 22:41:53.410 [XNIO-1 task-2] INFO  lab.base.util.aspect.LogAspect.doBefore:65 - 浏览器版本 : 85.0.4183.83
2023-11-05 22:41:53.411 [XNIO-1 task-2] INFO  lab.base.util.aspect.LogAspect.doBefore:66 - 操作系统: WINDOWS_10
2023-11-05 22:41:53.412 [XNIO-1 task-3] INFO  lab.base.util.aspect.LogAspect.doBefore:58 - 请求Url : http://localhost:8080/sql/selField
2023-11-05 22:41:53.413 [XNIO-1 task-3] INFO  lab.base.util.aspect.LogAspect.doBefore:59 - 请求方式 : POST
2023-11-05 22:41:53.413 [XNIO-1 task-3] INFO  lab.base.util.aspect.LogAspect.doBefore:60 - 请求ip : 127.0.0.1
2023-11-05 22:41:53.414 [XNIO-1 task-3] INFO  lab.base.util.aspect.LogAspect.doBefore:61 - 请求内容类型 : application/json;charset=UTF-8
2023-11-05 22:41:53.421 [XNIO-1 task-2] INFO  lab.base.util.aspect.LogAspect.doAfterReturning:86 - 请求结束时间 : 2023-11-05T22:41:53.420380300
2023-11-05 22:41:53.422 [XNIO-1 task-2] INFO  lab.base.util.aspect.LogAspect.doAfterReturning:87 - 请求耗时 : 0秒
2023-11-05 22:41:53.422 [XNIO-1 task-2] INFO  lab.base.util.aspect.LogAspect.doAfterReturning:89 - 请求返回 : {"code":200,"msg":"查询成功","payload":[{"createtime":"2023-10-09 23:39:52","id":15,"ownerid":0,"parentid":0,"remark":"多试几下","tabledocno":"t_test5","tablename":"测试表5","type":"1","updateid":10,"updatename":"管理员","updatetime":"2023-10-12 17:30:19","updateusername":"admin"},{"createtime":"2023-10-23 21:52:25","id":16,"ownerid":0,"parentid":0,"remark":"测试一下","tabledocno":"test006","tablename":"测试006表","type":"1","updateid":0,"updatetime":"2023-10-23 21:52:25"},{"createtime":"2023-10-26 17:23:44","id":17,"ownerid":0,"parentid":0,"remark":"","tabledocno":"t_department","tablename":"部门信息表","type":"1","updateid":0,"updatetime":"2023-10-26 17:23:44"},{"createtime":"2023-10-26 17:54:31","id":18,"ownerid":0,"parentid":0,"remark":"","tabledocno":"t_department_user","tablename":"用户部门关联表","type":"1","updateid":0,"updatetime":"2023-10-26 17:54:31"}]}
2023-11-05 22:41:53.426 [XNIO-1 task-3] INFO  lab.base.util.aspect.LogAspect.doBefore:62 - 请求参数 : [{"id":0,"ownerid":0,"tabledocno":"t_department_user","tableid":0,"updateid":0}]
2023-11-05 22:41:53.427 [XNIO-1 task-3] INFO  lab.base.util.aspect.LogAspect.doBefore:64 - 浏览器 : CHROME8
2023-11-05 22:41:53.428 [XNIO-1 task-3] INFO  lab.base.util.aspect.LogAspect.doBefore:65 - 浏览器版本 : 85.0.4183.83
2023-11-05 22:41:53.429 [XNIO-1 task-3] INFO  lab.base.util.aspect.LogAspect.doBefore:66 - 操作系统: WINDOWS_10
2023-11-05 22:41:53.440 [XNIO-1 task-3] INFO  lab.base.util.aspect.LogAspect.doAfterReturning:86 - 请求结束时间 : 2023-11-05T22:41:53.440329900
2023-11-05 22:41:53.441 [XNIO-1 task-3] INFO  lab.base.util.aspect.LogAspect.doAfterReturning:87 - 请求耗时 : 0秒
2023-11-05 22:41:53.441 [XNIO-1 task-3] INFO  lab.base.util.aspect.LogAspect.doAfterReturning:89 - 请求返回 : {"code":200,"msg":"查询成功","payload":[{"createtime":"2023-10-26 17:54:31","decimals":0,"defaults":"","fielddocno":"id","fieldname":"id","id":52,"increment":"Y","length":0,"notNull":"Y","ownerid":0,"primaryKey":"Y","tabledocno":"t_department_user","tableid":1,"type":"int","updateid":0,"updatetime":"2023-10-26 17:54:31"},{"createtime":"2023-10-26 17:54:31","decimals":0,"defaults":"","fielddocno":"departid","fieldname":"部门id","id":53,"increment":"N","length":0,"notNull":"N","ownerid":0,"primaryKey":"N","tabledocno":"t_department_user","tableid":1,"type":"int","updateid":0,"updatetime":"2023-10-26 17:54:31"},{"createtime":"2023-10-26 17:54:31","decimals":0,"defaults":"","fielddocno":"userid","fieldname":"用户id","id":54,"increment":"N","length":0,"notNull":"N","ownerid":0,"primaryKey":"N","tabledocno":"t_department_user","tableid":1,"type":"int","updateid":0,"updatetime":"2023-10-26 17:54:31"}]}
2023-11-05 22:41:53.656 [XNIO-1 task-3] INFO  lab.base.util.aspect.LogAspect.doBefore:57 - 请求开始时间：2023-11-05T22:41:53.656412300
2023-11-05 22:41:53.657 [XNIO-1 task-3] INFO  lab.base.util.aspect.LogAspect.doBefore:58 - 请求Url : http://localhost:8080/sql/selOutkey
2023-11-05 22:41:53.657 [XNIO-1 task-3] INFO  lab.base.util.aspect.LogAspect.doBefore:59 - 请求方式 : POST
2023-11-05 22:41:53.658 [XNIO-1 task-3] INFO  lab.base.util.aspect.LogAspect.doBefore:60 - 请求ip : 127.0.0.1
2023-11-05 22:41:53.658 [XNIO-1 task-3] INFO  lab.base.util.aspect.LogAspect.doBefore:61 - 请求内容类型 : application/json;charset=UTF-8
2023-11-05 22:41:53.662 [XNIO-1 task-3] INFO  lab.base.util.aspect.LogAspect.doBefore:62 - 请求参数 : [{"ownerid":0,"tabledocno":"t_department_user","updateid":0}]
2023-11-05 22:41:53.663 [XNIO-1 task-3] INFO  lab.base.util.aspect.LogAspect.doBefore:64 - 浏览器 : CHROME8
2023-11-05 22:41:53.663 [XNIO-1 task-3] INFO  lab.base.util.aspect.LogAspect.doBefore:65 - 浏览器版本 : 85.0.4183.83
2023-11-05 22:41:53.664 [XNIO-1 task-3] INFO  lab.base.util.aspect.LogAspect.doBefore:66 - 操作系统: WINDOWS_10
2023-11-05 22:41:53.668 [XNIO-1 task-3] INFO  lab.base.util.aspect.LogAspect.doAfterReturning:86 - 请求结束时间 : 2023-11-05T22:41:53.668375300
2023-11-05 22:41:53.669 [XNIO-1 task-3] INFO  lab.base.util.aspect.LogAspect.doAfterReturning:87 - 请求耗时 : 0秒
2023-11-05 22:41:53.669 [XNIO-1 task-3] INFO  lab.base.util.aspect.LogAspect.doAfterReturning:89 - 请求返回 : {"code":200,"msg":"查询成功","payload":[]}
2023-11-05 22:41:57.231 [XNIO-1 task-3] INFO  lab.base.util.aspect.LogAspect.doBefore:57 - 请求开始时间：2023-11-05T22:41:57.231456200
2023-11-05 22:41:57.231 [XNIO-1 task-3] INFO  lab.base.util.aspect.LogAspect.doBefore:58 - 请求Url : http://localhost:8080/sql/selField
2023-11-05 22:41:57.232 [XNIO-1 task-3] INFO  lab.base.util.aspect.LogAspect.doBefore:59 - 请求方式 : POST
2023-11-05 22:41:57.232 [XNIO-1 task-3] INFO  lab.base.util.aspect.LogAspect.doBefore:60 - 请求ip : 127.0.0.1
2023-11-05 22:41:57.232 [XNIO-1 task-3] INFO  lab.base.util.aspect.LogAspect.doBefore:61 - 请求内容类型 : application/json;charset=UTF-8
2023-11-05 22:41:57.233 [XNIO-1 task-3] INFO  lab.base.util.aspect.LogAspect.doBefore:62 - 请求参数 : [{"id":0,"ownerid":0,"tabledocno":"t_department","tableid":0,"updateid":0}]
2023-11-05 22:41:57.234 [XNIO-1 task-3] INFO  lab.base.util.aspect.LogAspect.doBefore:64 - 浏览器 : CHROME8
2023-11-05 22:41:57.235 [XNIO-1 task-3] INFO  lab.base.util.aspect.LogAspect.doBefore:65 - 浏览器版本 : 85.0.4183.83
2023-11-05 22:41:57.235 [XNIO-1 task-3] INFO  lab.base.util.aspect.LogAspect.doBefore:66 - 操作系统: WINDOWS_10
2023-11-05 22:41:57.242 [XNIO-1 task-3] INFO  lab.base.util.aspect.LogAspect.doAfterReturning:86 - 请求结束时间 : 2023-11-05T22:41:57.242367300
2023-11-05 22:41:57.242 [XNIO-1 task-3] INFO  lab.base.util.aspect.LogAspect.doAfterReturning:87 - 请求耗时 : 0秒
2023-11-05 22:41:57.242 [XNIO-1 task-3] INFO  lab.base.util.aspect.LogAspect.doAfterReturning:89 - 请求返回 : {"code":200,"msg":"查询成功","payload":[{"createtime":"2023-10-26 17:23:44","decimals":0,"defaults":"","fielddocno":"id","fieldname":"id","id":48,"increment":"Y","length":0,"notNull":"Y","ownerid":0,"primaryKey":"Y","tabledocno":"t_department","tableid":1,"type":"int","updateid":0,"updatetime":"2023-10-26 17:23:44"},{"createtime":"2023-10-26 17:23:44","decimals":0,"defaults":"","fielddocno":"departdocno","fieldname":"部门编号","id":49,"increment":"N","length":100,"notNull":"N","ownerid":0,"primaryKey":"N","tabledocno":"t_department","tableid":1,"type":"varchar","updateid":0,"updatetime":"2023-10-26 17:23:44"},{"createtime":"2023-10-26 17:23:44","decimals":0,"defaults":"","fielddocno":"departname","fieldname":"部门名称","id":50,"increment":"N","length":255,"notNull":"N","ownerid":0,"primaryKey":"N","tabledocno":"t_department","tableid":1,"type":"varchar","updateid":0,"updatetime":"2023-10-26 17:23:44"},{"createtime":"2023-10-26 17:23:44","decimals":0,"defaults":"","fielddocno":"depart001","fieldname":"上级部门","id":51,"increment":"N","length":0,"notNull":"N","ownerid":0,"primaryKey":"N","tabledocno":"t_department","tableid":1,"type":"int","updateid":0,"updatetime":"2023-10-26 17:23:44"}]}
2023-11-05 22:41:57.536 [XNIO-1 task-3] INFO  lab.base.util.aspect.LogAspect.doBefore:57 - 请求开始时间：2023-11-05T22:41:57.536482100
2023-11-05 22:41:57.537 [XNIO-1 task-3] INFO  lab.base.util.aspect.LogAspect.doBefore:58 - 请求Url : http://localhost:8080/sql/selTable
2023-11-05 22:41:57.538 [XNIO-1 task-3] INFO  lab.base.util.aspect.LogAspect.doBefore:59 - 请求方式 : POST
2023-11-05 22:41:57.539 [XNIO-1 task-3] INFO  lab.base.util.aspect.LogAspect.doBefore:60 - 请求ip : 127.0.0.1
2023-11-05 22:41:57.539 [XNIO-1 task-3] INFO  lab.base.util.aspect.LogAspect.doBefore:61 - 请求内容类型 : application/json;charset=UTF-8
2023-11-05 22:41:57.540 [XNIO-1 task-3] INFO  lab.base.util.aspect.LogAspect.doBefore:62 - 请求参数 : [{"id":0,"ownerid":0,"updateid":0}]
2023-11-05 22:41:57.540 [XNIO-1 task-3] INFO  lab.base.util.aspect.LogAspect.doBefore:64 - 浏览器 : CHROME8
2023-11-05 22:41:57.540 [XNIO-1 task-3] INFO  lab.base.util.aspect.LogAspect.doBefore:65 - 浏览器版本 : 85.0.4183.83
2023-11-05 22:41:57.541 [XNIO-1 task-3] INFO  lab.base.util.aspect.LogAspect.doBefore:66 - 操作系统: WINDOWS_10
2023-11-05 22:41:57.548 [XNIO-1 task-3] INFO  lab.base.util.aspect.LogAspect.doAfterReturning:86 - 请求结束时间 : 2023-11-05T22:41:57.548521400
2023-11-05 22:41:57.548 [XNIO-1 task-3] INFO  lab.base.util.aspect.LogAspect.doAfterReturning:87 - 请求耗时 : 0秒
2023-11-05 22:41:57.549 [XNIO-1 task-3] INFO  lab.base.util.aspect.LogAspect.doAfterReturning:89 - 请求返回 : {"code":200,"msg":"查询成功","payload":[{"createtime":"2023-10-09 23:39:52","id":15,"ownerid":0,"parentid":0,"remark":"多试几下","tabledocno":"t_test5","tablename":"测试表5","type":"1","updateid":10,"updatename":"管理员","updatetime":"2023-10-12 17:30:19","updateusername":"admin"},{"createtime":"2023-10-23 21:52:25","id":16,"ownerid":0,"parentid":0,"remark":"测试一下","tabledocno":"test006","tablename":"测试006表","type":"1","updateid":0,"updatetime":"2023-10-23 21:52:25"},{"createtime":"2023-10-26 17:23:44","id":17,"ownerid":0,"parentid":0,"remark":"","tabledocno":"t_department","tablename":"部门信息表","type":"1","updateid":0,"updatetime":"2023-10-26 17:23:44"},{"createtime":"2023-10-26 17:54:31","id":18,"ownerid":0,"parentid":0,"remark":"","tabledocno":"t_department_user","tablename":"用户部门关联表","type":"1","updateid":0,"updatetime":"2023-10-26 17:54:31"}]}
2023-11-05 22:41:57.656 [XNIO-1 task-3] INFO  lab.base.util.aspect.LogAspect.doBefore:57 - 请求开始时间：2023-11-05T22:41:57.656823400
2023-11-05 22:41:57.657 [XNIO-1 task-3] INFO  lab.base.util.aspect.LogAspect.doBefore:58 - 请求Url : http://localhost:8080/sql/selOutkey
2023-11-05 22:41:57.658 [XNIO-1 task-3] INFO  lab.base.util.aspect.LogAspect.doBefore:59 - 请求方式 : POST
2023-11-05 22:41:57.660 [XNIO-1 task-3] INFO  lab.base.util.aspect.LogAspect.doBefore:60 - 请求ip : 127.0.0.1
2023-11-05 22:41:57.661 [XNIO-1 task-3] INFO  lab.base.util.aspect.LogAspect.doBefore:61 - 请求内容类型 : application/json;charset=UTF-8
2023-11-05 22:41:57.662 [XNIO-1 task-3] INFO  lab.base.util.aspect.LogAspect.doBefore:62 - 请求参数 : [{"ownerid":0,"tabledocno":"t_department","updateid":0}]
2023-11-05 22:41:57.662 [XNIO-1 task-3] INFO  lab.base.util.aspect.LogAspect.doBefore:64 - 浏览器 : CHROME8
2023-11-05 22:41:57.664 [XNIO-1 task-3] INFO  lab.base.util.aspect.LogAspect.doBefore:65 - 浏览器版本 : 85.0.4183.83
2023-11-05 22:41:57.664 [XNIO-1 task-3] INFO  lab.base.util.aspect.LogAspect.doBefore:66 - 操作系统: WINDOWS_10
2023-11-05 22:41:57.668 [XNIO-1 task-3] INFO  lab.base.util.aspect.LogAspect.doAfterReturning:86 - 请求结束时间 : 2023-11-05T22:41:57.668790900
2023-11-05 22:41:57.669 [XNIO-1 task-3] INFO  lab.base.util.aspect.LogAspect.doAfterReturning:87 - 请求耗时 : 0秒
2023-11-05 22:41:57.670 [XNIO-1 task-3] INFO  lab.base.util.aspect.LogAspect.doAfterReturning:89 - 请求返回 : {"code":200,"msg":"查询成功","payload":[]}
2023-11-05 22:41:58.960 [XNIO-1 task-2] INFO  lab.base.util.aspect.LogAspect.doBefore:57 - 请求开始时间：2023-11-05T22:41:58.960404900
2023-11-05 22:41:58.960 [XNIO-1 task-3] INFO  lab.base.util.aspect.LogAspect.doBefore:61 - 请求内容类型 : application/json;charset=UTF-8
2023-11-05 22:41:58.961 [XNIO-1 task-2] INFO  lab.base.util.aspect.LogAspect.doBefore:61 - 请求内容类型 : application/json;charset=UTF-8
2023-11-05 22:41:58.961 [XNIO-1 task-3] INFO  lab.base.util.aspect.LogAspect.doBefore:65 - 浏览器版本 : 85.0.4183.83
2023-11-05 22:41:58.961 [XNIO-1 task-2] INFO  lab.base.util.aspect.LogAspect.doBefore:66 - 操作系统: WINDOWS_10
2023-11-05 22:41:58.965 [XNIO-1 task-3] INFO  lab.base.util.aspect.LogAspect.doAfterReturning:86 - 请求结束时间 : 2023-11-05T22:41:58.965391
2023-11-05 22:41:58.966 [XNIO-1 task-3] INFO  lab.base.util.aspect.LogAspect.doAfterReturning:87 - 请求耗时 : 0秒
2023-11-05 22:41:58.967 [XNIO-1 task-3] INFO  lab.base.util.aspect.LogAspect.doAfterReturning:89 - 请求返回 : {"code":200,"msg":"查询成功","payload":[{"createtime":"2023-10-26 17:54:31","decimals":0,"defaults":"","fielddocno":"id","fieldname":"id","id":52,"increment":"Y","length":0,"notNull":"Y","ownerid":0,"primaryKey":"Y","tabledocno":"t_department_user","tableid":1,"type":"int","updateid":0,"updatetime":"2023-10-26 17:54:31"},{"createtime":"2023-10-26 17:54:31","decimals":0,"defaults":"","fielddocno":"departid","fieldname":"部门id","id":53,"increment":"N","length":0,"notNull":"N","ownerid":0,"primaryKey":"N","tabledocno":"t_department_user","tableid":1,"type":"int","updateid":0,"updatetime":"2023-10-26 17:54:31"},{"createtime":"2023-10-26 17:54:31","decimals":0,"defaults":"","fielddocno":"userid","fieldname":"用户id","id":54,"increment":"N","length":0,"notNull":"N","ownerid":0,"primaryKey":"N","tabledocno":"t_department_user","tableid":1,"type":"int","updateid":0,"updatetime":"2023-10-26 17:54:31"}]}
2023-11-05 22:41:58.968 [XNIO-1 task-2] INFO  lab.base.util.aspect.LogAspect.doAfterReturning:86 - 请求结束时间 : 2023-11-05T22:41:58.968383900
2023-11-05 22:41:58.968 [XNIO-1 task-2] INFO  lab.base.util.aspect.LogAspect.doAfterReturning:87 - 请求耗时 : 0秒
2023-11-05 22:41:58.969 [XNIO-1 task-2] INFO  lab.base.util.aspect.LogAspect.doAfterReturning:89 - 请求返回 : {"code":200,"msg":"查询成功","payload":[{"createtime":"2023-10-09 23:39:52","id":15,"ownerid":0,"parentid":0,"remark":"多试几下","tabledocno":"t_test5","tablename":"测试表5","type":"1","updateid":10,"updatename":"管理员","updatetime":"2023-10-12 17:30:19","updateusername":"admin"},{"createtime":"2023-10-23 21:52:25","id":16,"ownerid":0,"parentid":0,"remark":"测试一下","tabledocno":"test006","tablename":"测试006表","type":"1","updateid":0,"updatetime":"2023-10-23 21:52:25"},{"createtime":"2023-10-26 17:23:44","id":17,"ownerid":0,"parentid":0,"remark":"","tabledocno":"t_department","tablename":"部门信息表","type":"1","updateid":0,"updatetime":"2023-10-26 17:23:44"},{"createtime":"2023-10-26 17:54:31","id":18,"ownerid":0,"parentid":0,"remark":"","tabledocno":"t_department_user","tablename":"用户部门关联表","type":"1","updateid":0,"updatetime":"2023-10-26 17:54:31"}]}
2023-11-05 22:41:59.213 [XNIO-1 task-3] INFO  lab.base.util.aspect.LogAspect.doBefore:57 - 请求开始时间：2023-11-05T22:41:59.213749500
2023-11-05 22:41:59.214 [XNIO-1 task-3] INFO  lab.base.util.aspect.LogAspect.doBefore:58 - 请求Url : http://localhost:8080/sql/selOutkey
2023-11-05 22:41:59.215 [XNIO-1 task-3] INFO  lab.base.util.aspect.LogAspect.doBefore:59 - 请求方式 : POST
2023-11-05 22:41:59.215 [XNIO-1 task-3] INFO  lab.base.util.aspect.LogAspect.doBefore:60 - 请求ip : 127.0.0.1
2023-11-05 22:41:59.215 [XNIO-1 task-3] INFO  lab.base.util.aspect.LogAspect.doBefore:61 - 请求内容类型 : application/json;charset=UTF-8
2023-11-05 22:41:59.216 [XNIO-1 task-3] INFO  lab.base.util.aspect.LogAspect.doBefore:62 - 请求参数 : [{"ownerid":0,"tabledocno":"t_department_user","updateid":0}]
2023-11-05 22:41:59.216 [XNIO-1 task-3] INFO  lab.base.util.aspect.LogAspect.doBefore:64 - 浏览器 : CHROME8
2023-11-05 22:41:59.217 [XNIO-1 task-3] INFO  lab.base.util.aspect.LogAspect.doBefore:65 - 浏览器版本 : 85.0.4183.83
2023-11-05 22:41:59.218 [XNIO-1 task-3] INFO  lab.base.util.aspect.LogAspect.doBefore:66 - 操作系统: WINDOWS_10
2023-11-05 22:41:59.223 [XNIO-1 task-3] INFO  lab.base.util.aspect.LogAspect.doAfterReturning:86 - 请求结束时间 : 2023-11-05T22:41:59.223748100
2023-11-05 22:41:59.224 [XNIO-1 task-3] INFO  lab.base.util.aspect.LogAspect.doAfterReturning:87 - 请求耗时 : 0秒
2023-11-05 22:41:59.225 [XNIO-1 task-3] INFO  lab.base.util.aspect.LogAspect.doAfterReturning:89 - 请求返回 : {"code":200,"msg":"查询成功","payload":[]}
2023-11-05 22:42:06.888 [XNIO-1 task-3] INFO  lab.base.util.aspect.LogAspect.doBefore:57 - 请求开始时间：2023-11-05T22:42:06.888523400
2023-11-05 22:42:06.889 [XNIO-1 task-3] INFO  lab.base.util.aspect.LogAspect.doBefore:58 - 请求Url : http://localhost:8080/sql/selField
2023-11-05 22:42:06.889 [XNIO-1 task-3] INFO  lab.base.util.aspect.LogAspect.doBefore:59 - 请求方式 : POST
2023-11-05 22:42:06.890 [XNIO-1 task-3] INFO  lab.base.util.aspect.LogAspect.doBefore:60 - 请求ip : 127.0.0.1
2023-11-05 22:42:06.890 [XNIO-1 task-3] INFO  lab.base.util.aspect.LogAspect.doBefore:61 - 请求内容类型 : application/json;charset=UTF-8
2023-11-05 22:42:06.890 [XNIO-1 task-3] INFO  lab.base.util.aspect.LogAspect.doBefore:62 - 请求参数 : [{"id":0,"ownerid":0,"tabledocno":"t_department","tableid":0,"updateid":0}]
2023-11-05 22:42:06.891 [XNIO-1 task-3] INFO  lab.base.util.aspect.LogAspect.doBefore:64 - 浏览器 : CHROME8
2023-11-05 22:42:06.891 [XNIO-1 task-3] INFO  lab.base.util.aspect.LogAspect.doBefore:65 - 浏览器版本 : 85.0.4183.83
2023-11-05 22:42:06.891 [XNIO-1 task-3] INFO  lab.base.util.aspect.LogAspect.doBefore:66 - 操作系统: WINDOWS_10
2023-11-05 22:42:06.896 [XNIO-1 task-3] INFO  lab.base.util.aspect.LogAspect.doAfterReturning:86 - 请求结束时间 : 2023-11-05T22:42:06.896522800
2023-11-05 22:42:06.897 [XNIO-1 task-3] INFO  lab.base.util.aspect.LogAspect.doAfterReturning:87 - 请求耗时 : 0秒
2023-11-05 22:42:06.897 [XNIO-1 task-3] INFO  lab.base.util.aspect.LogAspect.doAfterReturning:89 - 请求返回 : {"code":200,"msg":"查询成功","payload":[{"createtime":"2023-10-26 17:23:44","decimals":0,"defaults":"","fielddocno":"id","fieldname":"id","id":48,"increment":"Y","length":0,"notNull":"Y","ownerid":0,"primaryKey":"Y","tabledocno":"t_department","tableid":1,"type":"int","updateid":0,"updatetime":"2023-10-26 17:23:44"},{"createtime":"2023-10-26 17:23:44","decimals":0,"defaults":"","fielddocno":"departdocno","fieldname":"部门编号","id":49,"increment":"N","length":100,"notNull":"N","ownerid":0,"primaryKey":"N","tabledocno":"t_department","tableid":1,"type":"varchar","updateid":0,"updatetime":"2023-10-26 17:23:44"},{"createtime":"2023-10-26 17:23:44","decimals":0,"defaults":"","fielddocno":"departname","fieldname":"部门名称","id":50,"increment":"N","length":255,"notNull":"N","ownerid":0,"primaryKey":"N","tabledocno":"t_department","tableid":1,"type":"varchar","updateid":0,"updatetime":"2023-10-26 17:23:44"},{"createtime":"2023-10-26 17:23:44","decimals":0,"defaults":"","fielddocno":"depart001","fieldname":"上级部门","id":51,"increment":"N","length":0,"notNull":"N","ownerid":0,"primaryKey":"N","tabledocno":"t_department","tableid":1,"type":"int","updateid":0,"updatetime":"2023-10-26 17:23:44"}]}
2023-11-05 22:43:09.858 [XNIO-1 task-2] INFO  lab.base.util.aspect.LogAspect.doBefore:57 - 请求开始时间：2023-11-05T22:43:09.858470700
2023-11-05 22:43:09.860 [XNIO-1 task-2] INFO  lab.base.util.aspect.LogAspect.doBefore:58 - 请求Url : http://localhost:8080/sql/selTable
2023-11-05 22:43:09.861 [XNIO-1 task-2] INFO  lab.base.util.aspect.LogAspect.doBefore:59 - 请求方式 : POST
2023-11-05 22:43:09.861 [XNIO-1 task-2] INFO  lab.base.util.aspect.LogAspect.doBefore:60 - 请求ip : 127.0.0.1
2023-11-05 22:43:09.862 [XNIO-1 task-2] INFO  lab.base.util.aspect.LogAspect.doBefore:61 - 请求内容类型 : application/json;charset=UTF-8
2023-11-05 22:43:09.863 [XNIO-1 task-2] INFO  lab.base.util.aspect.LogAspect.doBefore:62 - 请求参数 : [{"id":0,"ownerid":0,"updateid":0}]
2023-11-05 22:43:09.864 [XNIO-1 task-2] INFO  lab.base.util.aspect.LogAspect.doBefore:64 - 浏览器 : CHROME8
2023-11-05 22:43:09.866 [XNIO-1 task-2] INFO  lab.base.util.aspect.LogAspect.doBefore:65 - 浏览器版本 : 85.0.4183.83
2023-11-05 22:43:09.867 [XNIO-1 task-2] INFO  lab.base.util.aspect.LogAspect.doBefore:66 - 操作系统: WINDOWS_10
2023-11-05 22:43:09.869 [XNIO-1 task-3] INFO  lab.base.util.aspect.LogAspect.doBefore:57 - 请求开始时间：2023-11-05T22:43:09.869501
2023-11-05 22:43:09.872 [XNIO-1 task-3] INFO  lab.base.util.aspect.LogAspect.doBefore:58 - 请求Url : http://localhost:8080/sql/selField
2023-11-05 22:43:09.874 [XNIO-1 task-3] INFO  lab.base.util.aspect.LogAspect.doBefore:59 - 请求方式 : POST
2023-11-05 22:43:09.874 [XNIO-1 task-3] INFO  lab.base.util.aspect.LogAspect.doBefore:60 - 请求ip : 127.0.0.1
2023-11-05 22:43:09.875 [XNIO-1 task-2] INFO  lab.base.util.aspect.LogAspect.doAfterReturning:87 - 请求耗时 : 0秒
2023-11-05 22:43:09.875 [XNIO-1 task-3] INFO  lab.base.util.aspect.LogAspect.doBefore:65 - 浏览器版本 : 85.0.4183.83
2023-11-05 22:43:09.876 [XNIO-1 task-3] INFO  lab.base.util.aspect.LogAspect.doBefore:66 - 操作系统: WINDOWS_10
2023-11-05 22:43:09.885 [XNIO-1 task-4] INFO  lab.base.util.aspect.LogAspect.doBefore:57 - 请求开始时间：2023-11-05T22:43:09.885604500
2023-11-05 22:43:09.887 [XNIO-1 task-4] INFO  lab.base.util.aspect.LogAspect.doBefore:58 - 请求Url : http://localhost:8080/sql/selTable
2023-11-05 22:43:09.887 [XNIO-1 task-4] INFO  lab.base.util.aspect.LogAspect.doBefore:59 - 请求方式 : POST
2023-11-05 22:43:09.906 [XNIO-1 task-4] INFO  lab.base.util.aspect.LogAspect.doBefore:60 - 请求ip : 127.0.0.1
2023-11-05 22:43:09.907 [XNIO-1 task-4] INFO  lab.base.util.aspect.LogAspect.doBefore:61 - 请求内容类型 : application/json;charset=UTF-8
2023-11-05 22:43:09.909 [XNIO-1 task-4] INFO  lab.base.util.aspect.LogAspect.doBefore:62 - 请求参数 : [{"id":0,"ownerid":0,"updateid":0}]
2023-11-05 22:43:09.911 [XNIO-1 task-4] INFO  lab.base.util.aspect.LogAspect.doBefore:64 - 浏览器 : CHROME8
2023-11-05 22:43:09.915 [XNIO-1 task-4] INFO  lab.base.util.aspect.LogAspect.doBefore:65 - 浏览器版本 : 85.0.4183.83
2023-11-05 22:43:09.917 [XNIO-1 task-4] INFO  lab.base.util.aspect.LogAspect.doBefore:66 - 操作系统: WINDOWS_10
2023-11-05 22:43:09.931 [XNIO-1 task-4] INFO  lab.base.util.aspect.LogAspect.doAfterReturning:86 - 请求结束时间 : 2023-11-05T22:43:09.931283
2023-11-05 22:43:09.931 [XNIO-1 task-4] INFO  lab.base.util.aspect.LogAspect.doAfterReturning:87 - 请求耗时 : 0秒
2023-11-05 22:43:09.932 [XNIO-1 task-4] INFO  lab.base.util.aspect.LogAspect.doAfterReturning:89 - 请求返回 : {"code":200,"msg":"查询成功","payload":[{"createtime":"2023-10-09 23:39:52","id":15,"ownerid":0,"parentid":0,"remark":"多试几下","tabledocno":"t_test5","tablename":"测试表5","type":"1","updateid":10,"updatename":"管理员","updatetime":"2023-10-12 17:30:19","updateusername":"admin"},{"createtime":"2023-10-23 21:52:25","id":16,"ownerid":0,"parentid":0,"remark":"测试一下","tabledocno":"test006","tablename":"测试006表","type":"1","updateid":0,"updatetime":"2023-10-23 21:52:25"},{"createtime":"2023-10-26 17:23:44","id":17,"ownerid":0,"parentid":0,"remark":"","tabledocno":"t_department","tablename":"部门信息表","type":"1","updateid":0,"updatetime":"2023-10-26 17:23:44"},{"createtime":"2023-10-26 17:54:31","id":18,"ownerid":0,"parentid":0,"remark":"","tabledocno":"t_department_user","tablename":"用户部门关联表","type":"1","updateid":0,"updatetime":"2023-10-26 17:54:31"}]}
2023-11-05 22:43:10.467 [XNIO-1 task-4] INFO  lab.base.util.aspect.LogAspect.doBefore:57 - 请求开始时间：2023-11-05T22:43:10.467925800
2023-11-05 22:43:10.467 [XNIO-1 task-4] INFO  lab.base.util.aspect.LogAspect.doBefore:58 - 请求Url : http://localhost:8080/sql/selOutkey
2023-11-05 22:43:10.468 [XNIO-1 task-4] INFO  lab.base.util.aspect.LogAspect.doBefore:59 - 请求方式 : POST
2023-11-05 22:43:10.469 [XNIO-1 task-4] INFO  lab.base.util.aspect.LogAspect.doBefore:60 - 请求ip : 127.0.0.1
2023-11-05 22:43:10.469 [XNIO-1 task-4] INFO  lab.base.util.aspect.LogAspect.doBefore:61 - 请求内容类型 : application/json;charset=UTF-8
2023-11-05 22:43:10.469 [XNIO-1 task-4] INFO  lab.base.util.aspect.LogAspect.doBefore:62 - 请求参数 : [{"ownerid":0,"updateid":0}]
2023-11-05 22:43:10.469 [XNIO-1 task-4] INFO  lab.base.util.aspect.LogAspect.doBefore:64 - 浏览器 : CHROME8
2023-11-05 22:43:10.470 [XNIO-1 task-4] INFO  lab.base.util.aspect.LogAspect.doBefore:65 - 浏览器版本 : 85.0.4183.83
2023-11-05 22:43:10.470 [XNIO-1 task-4] INFO  lab.base.util.aspect.LogAspect.doBefore:66 - 操作系统: WINDOWS_10
2023-11-05 22:43:10.473 [XNIO-1 task-4] INFO  lab.base.util.aspect.LogAspect.doAfterReturning:86 - 请求结束时间 : 2023-11-05T22:43:10.473443100
2023-11-05 22:43:10.474 [XNIO-1 task-4] INFO  lab.base.util.aspect.LogAspect.doAfterReturning:87 - 请求耗时 : 0秒
2023-11-05 22:43:10.474 [XNIO-1 task-4] INFO  lab.base.util.aspect.LogAspect.doAfterReturning:89 - 请求返回 : {"code":200,"msg":"查询成功","payload":[{"field":"tableid,tabledocno","id":1,"outField":"id,tabledocno","outTabledocno":"t_table","ownerid":0,"tabledocno":"t_field","updateid":0}]}
2023-11-05 22:43:14.454 [XNIO-1 task-4] INFO  lab.base.util.aspect.LogAspect.doBefore:57 - 请求开始时间：2023-11-05T22:43:14.454603400
2023-11-05 22:43:14.455 [XNIO-1 task-4] INFO  lab.base.util.aspect.LogAspect.doBefore:58 - 请求Url : http://localhost:8080/sql/selField
2023-11-05 22:43:14.455 [XNIO-1 task-4] INFO  lab.base.util.aspect.LogAspect.doBefore:59 - 请求方式 : POST
2023-11-05 22:43:14.455 [XNIO-1 task-4] INFO  lab.base.util.aspect.LogAspect.doBefore:60 - 请求ip : 127.0.0.1
2023-11-05 22:43:14.456 [XNIO-1 task-4] INFO  lab.base.util.aspect.LogAspect.doBefore:61 - 请求内容类型 : application/json;charset=UTF-8
2023-11-05 22:43:14.456 [XNIO-1 task-4] INFO  lab.base.util.aspect.LogAspect.doBefore:62 - 请求参数 : [{"id":0,"ownerid":0,"tabledocno":"t_department_user","tableid":0,"updateid":0}]
2023-11-05 22:43:14.456 [XNIO-1 task-4] INFO  lab.base.util.aspect.LogAspect.doBefore:64 - 浏览器 : CHROME8
2023-11-05 22:43:14.457 [XNIO-1 task-4] INFO  lab.base.util.aspect.LogAspect.doBefore:65 - 浏览器版本 : 85.0.4183.83
2023-11-05 22:43:14.457 [XNIO-1 task-4] INFO  lab.base.util.aspect.LogAspect.doBefore:66 - 操作系统: WINDOWS_10
2023-11-05 22:43:14.461 [XNIO-1 task-4] INFO  lab.base.util.aspect.LogAspect.doAfterReturning:86 - 请求结束时间 : 2023-11-05T22:43:14.461610
2023-11-05 22:43:14.462 [XNIO-1 task-4] INFO  lab.base.util.aspect.LogAspect.doAfterReturning:87 - 请求耗时 : 0秒
2023-11-05 22:43:14.462 [XNIO-1 task-4] INFO  lab.base.util.aspect.LogAspect.doAfterReturning:89 - 请求返回 : {"code":200,"msg":"查询成功","payload":[{"createtime":"2023-10-26 17:54:31","decimals":0,"defaults":"","fielddocno":"id","fieldname":"id","id":52,"increment":"Y","length":0,"notNull":"Y","ownerid":0,"primaryKey":"Y","tabledocno":"t_department_user","tableid":1,"type":"int","updateid":0,"updatetime":"2023-10-26 17:54:31"},{"createtime":"2023-10-26 17:54:31","decimals":0,"defaults":"","fielddocno":"departid","fieldname":"部门id","id":53,"increment":"N","length":0,"notNull":"N","ownerid":0,"primaryKey":"N","tabledocno":"t_department_user","tableid":1,"type":"int","updateid":0,"updatetime":"2023-10-26 17:54:31"},{"createtime":"2023-10-26 17:54:31","decimals":0,"defaults":"","fielddocno":"userid","fieldname":"用户id","id":54,"increment":"N","length":0,"notNull":"N","ownerid":0,"primaryKey":"N","tabledocno":"t_department_user","tableid":1,"type":"int","updateid":0,"updatetime":"2023-10-26 17:54:31"}]}
2023-11-05 22:43:14.785 [XNIO-1 task-4] INFO  lab.base.util.aspect.LogAspect.doBefore:57 - 请求开始时间：2023-11-05T22:43:14.785919200
2023-11-05 22:43:14.786 [XNIO-1 task-4] INFO  lab.base.util.aspect.LogAspect.doBefore:58 - 请求Url : http://localhost:8080/sql/selTable
2023-11-05 22:43:14.786 [XNIO-1 task-4] INFO  lab.base.util.aspect.LogAspect.doBefore:59 - 请求方式 : POST
2023-11-05 22:43:14.787 [XNIO-1 task-4] INFO  lab.base.util.aspect.LogAspect.doBefore:60 - 请求ip : 127.0.0.1
2023-11-05 22:43:14.787 [XNIO-1 task-4] INFO  lab.base.util.aspect.LogAspect.doBefore:61 - 请求内容类型 : application/json;charset=UTF-8
2023-11-05 22:43:14.787 [XNIO-1 task-4] INFO  lab.base.util.aspect.LogAspect.doBefore:62 - 请求参数 : [{"id":0,"ownerid":0,"updateid":0}]
2023-11-05 22:43:14.788 [XNIO-1 task-4] INFO  lab.base.util.aspect.LogAspect.doBefore:64 - 浏览器 : CHROME8
2023-11-05 22:43:14.788 [XNIO-1 task-4] INFO  lab.base.util.aspect.LogAspect.doBefore:65 - 浏览器版本 : 85.0.4183.83
2023-11-05 22:43:14.789 [XNIO-1 task-4] INFO  lab.base.util.aspect.LogAspect.doBefore:66 - 操作系统: WINDOWS_10
2023-11-05 22:43:14.798 [XNIO-1 task-4] INFO  lab.base.util.aspect.LogAspect.doAfterReturning:86 - 请求结束时间 : 2023-11-05T22:43:14.798948200
2023-11-05 22:43:14.799 [XNIO-1 task-4] INFO  lab.base.util.aspect.LogAspect.doAfterReturning:87 - 请求耗时 : 0秒
2023-11-05 22:43:14.801 [XNIO-1 task-4] INFO  lab.base.util.aspect.LogAspect.doAfterReturning:89 - 请求返回 : {"code":200,"msg":"查询成功","payload":[{"createtime":"2023-10-09 23:39:52","id":15,"ownerid":0,"parentid":0,"remark":"多试几下","tabledocno":"t_test5","tablename":"测试表5","type":"1","updateid":10,"updatename":"管理员","updatetime":"2023-10-12 17:30:19","updateusername":"admin"},{"createtime":"2023-10-23 21:52:25","id":16,"ownerid":0,"parentid":0,"remark":"测试一下","tabledocno":"test006","tablename":"测试006表","type":"1","updateid":0,"updatetime":"2023-10-23 21:52:25"},{"createtime":"2023-10-26 17:23:44","id":17,"ownerid":0,"parentid":0,"remark":"","tabledocno":"t_department","tablename":"部门信息表","type":"1","updateid":0,"updatetime":"2023-10-26 17:23:44"},{"createtime":"2023-10-26 17:54:31","id":18,"ownerid":0,"parentid":0,"remark":"","tabledocno":"t_department_user","tablename":"用户部门关联表","type":"1","updateid":0,"updatetime":"2023-10-26 17:54:31"}]}
2023-11-05 22:43:14.909 [XNIO-1 task-4] INFO  lab.base.util.aspect.LogAspect.doBefore:57 - 请求开始时间：2023-11-05T22:43:14.909720800
2023-11-05 22:43:14.909 [XNIO-1 task-4] INFO  lab.base.util.aspect.LogAspect.doBefore:58 - 请求Url : http://localhost:8080/sql/selOutkey
2023-11-05 22:43:14.910 [XNIO-1 task-4] INFO  lab.base.util.aspect.LogAspect.doBefore:59 - 请求方式 : POST
2023-11-05 22:43:14.911 [XNIO-1 task-4] INFO  lab.base.util.aspect.LogAspect.doBefore:60 - 请求ip : 127.0.0.1
2023-11-05 22:43:14.911 [XNIO-1 task-4] INFO  lab.base.util.aspect.LogAspect.doBefore:61 - 请求内容类型 : application/json;charset=UTF-8
2023-11-05 22:43:14.911 [XNIO-1 task-4] INFO  lab.base.util.aspect.LogAspect.doBefore:62 - 请求参数 : [{"ownerid":0,"tabledocno":"t_department_user","updateid":0}]
2023-11-05 22:43:14.911 [XNIO-1 task-4] INFO  lab.base.util.aspect.LogAspect.doBefore:64 - 浏览器 : CHROME8
2023-11-05 22:43:14.912 [XNIO-1 task-4] INFO  lab.base.util.aspect.LogAspect.doBefore:65 - 浏览器版本 : 85.0.4183.83
2023-11-05 22:43:14.913 [XNIO-1 task-4] INFO  lab.base.util.aspect.LogAspect.doBefore:66 - 操作系统: WINDOWS_10
2023-11-05 22:43:14.916 [XNIO-1 task-4] INFO  lab.base.util.aspect.LogAspect.doAfterReturning:86 - 请求结束时间 : 2023-11-05T22:43:14.916705600
2023-11-05 22:43:14.916 [XNIO-1 task-4] INFO  lab.base.util.aspect.LogAspect.doAfterReturning:87 - 请求耗时 : 0秒
2023-11-05 22:43:14.917 [XNIO-1 task-4] INFO  lab.base.util.aspect.LogAspect.doAfterReturning:89 - 请求返回 : {"code":200,"msg":"查询成功","payload":[]}
2023-11-05 22:44:09.992 [XNIO-1 task-4] INFO  lab.base.util.aspect.LogAspect.doBefore:57 - 请求开始时间：2023-11-05T22:44:09.992867700
2023-11-05 22:44:09.993 [XNIO-1 task-4] INFO  lab.base.util.aspect.LogAspect.doBefore:58 - 请求Url : http://localhost:8080/sql/selField
2023-11-05 22:44:09.994 [XNIO-1 task-4] INFO  lab.base.util.aspect.LogAspect.doBefore:59 - 请求方式 : POST
2023-11-05 22:44:09.994 [XNIO-1 task-4] INFO  lab.base.util.aspect.LogAspect.doBefore:60 - 请求ip : 127.0.0.1
2023-11-05 22:44:09.995 [XNIO-1 task-4] INFO  lab.base.util.aspect.LogAspect.doBefore:61 - 请求内容类型 : application/json;charset=UTF-8
2023-11-05 22:44:09.995 [XNIO-1 task-4] INFO  lab.base.util.aspect.LogAspect.doBefore:62 - 请求参数 : [{"id":0,"ownerid":0,"tabledocno":"t_department","tableid":0,"updateid":0}]
2023-11-05 22:44:09.996 [XNIO-1 task-4] INFO  lab.base.util.aspect.LogAspect.doBefore:64 - 浏览器 : CHROME8
2023-11-05 22:44:09.997 [XNIO-1 task-4] INFO  lab.base.util.aspect.LogAspect.doBefore:65 - 浏览器版本 : 85.0.4183.83
2023-11-05 22:44:09.997 [XNIO-1 task-4] INFO  lab.base.util.aspect.LogAspect.doBefore:66 - 操作系统: WINDOWS_10
2023-11-05 22:44:10.006 [XNIO-1 task-4] INFO  lab.base.util.aspect.LogAspect.doAfterReturning:86 - 请求结束时间 : 2023-11-05T22:44:10.006548800
2023-11-05 22:44:10.007 [XNIO-1 task-4] INFO  lab.base.util.aspect.LogAspect.doAfterReturning:87 - 请求耗时 : 0秒
2023-11-05 22:44:10.008 [XNIO-1 task-4] INFO  lab.base.util.aspect.LogAspect.doAfterReturning:89 - 请求返回 : {"code":200,"msg":"查询成功","payload":[{"createtime":"2023-10-26 17:23:44","decimals":0,"defaults":"","fielddocno":"id","fieldname":"id","id":48,"increment":"Y","length":0,"notNull":"Y","ownerid":0,"primaryKey":"Y","tabledocno":"t_department","tableid":1,"type":"int","updateid":0,"updatetime":"2023-10-26 17:23:44"},{"createtime":"2023-10-26 17:23:44","decimals":0,"defaults":"","fielddocno":"departdocno","fieldname":"部门编号","id":49,"increment":"N","length":100,"notNull":"N","ownerid":0,"primaryKey":"N","tabledocno":"t_department","tableid":1,"type":"varchar","updateid":0,"updatetime":"2023-10-26 17:23:44"},{"createtime":"2023-10-26 17:23:44","decimals":0,"defaults":"","fielddocno":"departname","fieldname":"部门名称","id":50,"increment":"N","length":255,"notNull":"N","ownerid":0,"primaryKey":"N","tabledocno":"t_department","tableid":1,"type":"varchar","updateid":0,"updatetime":"2023-10-26 17:23:44"},{"createtime":"2023-10-26 17:23:44","decimals":0,"defaults":"","fielddocno":"depart001","fieldname":"上级部门","id":51,"increment":"N","length":0,"notNull":"N","ownerid":0,"primaryKey":"N","tabledocno":"t_department","tableid":1,"type":"int","updateid":0,"updatetime":"2023-10-26 17:23:44"}]}
2023-11-05 22:44:30.546 [XNIO-1 task-4] INFO  lab.base.util.aspect.LogAspect.doBefore:57 - 请求开始时间：2023-11-05T22:44:30.546529300
2023-11-05 22:44:30.546 [XNIO-1 task-4] INFO  lab.base.util.aspect.LogAspect.doBefore:58 - 请求Url : http://localhost:8080/sql/insOutkey
2023-11-05 22:44:30.547 [XNIO-1 task-4] INFO  lab.base.util.aspect.LogAspect.doBefore:59 - 请求方式 : POST
2023-11-05 22:44:30.547 [XNIO-1 task-4] INFO  lab.base.util.aspect.LogAspect.doBefore:60 - 请求ip : 127.0.0.1
2023-11-05 22:44:30.547 [XNIO-1 task-4] INFO  lab.base.util.aspect.LogAspect.doBefore:61 - 请求内容类型 : application/json;charset=UTF-8
2023-11-05 22:44:30.548 [XNIO-1 task-4] INFO  lab.base.util.aspect.LogAspect.doBefore:62 - 请求参数 : [{"field":"departid","outField":"id","outTabledocno":"t_department","ownerid":0,"tabledocno":"t_department_user","updateid":0}]
2023-11-05 22:44:30.548 [XNIO-1 task-4] INFO  lab.base.util.aspect.LogAspect.doBefore:64 - 浏览器 : CHROME8
2023-11-05 22:44:30.548 [XNIO-1 task-4] INFO  lab.base.util.aspect.LogAspect.doBefore:65 - 浏览器版本 : 85.0.4183.83
2023-11-05 22:44:30.549 [XNIO-1 task-4] INFO  lab.base.util.aspect.LogAspect.doBefore:66 - 操作系统: WINDOWS_10
2023-11-05 22:44:30.607 [XNIO-1 task-4] INFO  lab.base.util.aspect.LogAspect.doAfterReturning:86 - 请求结束时间 : 2023-11-05T22:44:30.607715900
2023-11-05 22:44:30.608 [XNIO-1 task-4] INFO  lab.base.util.aspect.LogAspect.doAfterReturning:87 - 请求耗时 : 0秒
2023-11-05 22:44:30.608 [XNIO-1 task-4] INFO  lab.base.util.aspect.LogAspect.doAfterReturning:89 - 请求返回 : {"code":200,"msg":"外键信息添加成功"}
2023-11-05 22:44:30.790 [XNIO-1 task-4] INFO  lab.base.util.aspect.LogAspect.doBefore:57 - 请求开始时间：2023-11-05T22:44:30.790227
2023-11-05 22:44:30.791 [XNIO-1 task-4] INFO  lab.base.util.aspect.LogAspect.doBefore:58 - 请求Url : http://localhost:8080/sql/selOutkey
2023-11-05 22:44:30.791 [XNIO-1 task-4] INFO  lab.base.util.aspect.LogAspect.doBefore:59 - 请求方式 : POST
2023-11-05 22:44:30.791 [XNIO-1 task-4] INFO  lab.base.util.aspect.LogAspect.doBefore:60 - 请求ip : 127.0.0.1
2023-11-05 22:44:30.791 [XNIO-1 task-4] INFO  lab.base.util.aspect.LogAspect.doBefore:61 - 请求内容类型 : application/json;charset=UTF-8
2023-11-05 22:44:30.792 [XNIO-1 task-4] INFO  lab.base.util.aspect.LogAspect.doBefore:62 - 请求参数 : [{"ownerid":0,"tabledocno":"t_department_user","updateid":0}]
2023-11-05 22:44:30.792 [XNIO-1 task-4] INFO  lab.base.util.aspect.LogAspect.doBefore:64 - 浏览器 : CHROME8
2023-11-05 22:44:30.792 [XNIO-1 task-4] INFO  lab.base.util.aspect.LogAspect.doBefore:65 - 浏览器版本 : 85.0.4183.83
2023-11-05 22:44:30.793 [XNIO-1 task-4] INFO  lab.base.util.aspect.LogAspect.doBefore:66 - 操作系统: WINDOWS_10
2023-11-05 22:44:30.795 [XNIO-1 task-4] INFO  lab.base.util.aspect.LogAspect.doAfterReturning:86 - 请求结束时间 : 2023-11-05T22:44:30.795213300
2023-11-05 22:44:30.795 [XNIO-1 task-4] INFO  lab.base.util.aspect.LogAspect.doAfterReturning:87 - 请求耗时 : 0秒
2023-11-05 22:44:30.796 [XNIO-1 task-4] INFO  lab.base.util.aspect.LogAspect.doAfterReturning:89 - 请求返回 : {"code":200,"msg":"查询成功","payload":[{"field":"departid","id":27,"outField":"id","outTabledocno":"t_department","ownerid":0,"tabledocno":"t_department_user","updateid":0}]}
2023-11-05 22:49:28.046 [XNIO-1 task-4] INFO  lab.base.util.aspect.LogAspect.doBefore:57 - 请求开始时间：2023-11-05T22:49:28.046299
2023-11-05 22:49:28.047 [XNIO-1 task-4] INFO  lab.base.util.aspect.LogAspect.doBefore:58 - 请求Url : http://localhost:8080/sql/selField
2023-11-05 22:49:28.048 [XNIO-1 task-4] INFO  lab.base.util.aspect.LogAspect.doBefore:59 - 请求方式 : POST
2023-11-05 22:49:28.048 [XNIO-1 task-4] INFO  lab.base.util.aspect.LogAspect.doBefore:60 - 请求ip : 127.0.0.1
2023-11-05 22:49:28.049 [XNIO-1 task-4] INFO  lab.base.util.aspect.LogAspect.doBefore:61 - 请求内容类型 : application/json;charset=UTF-8
2023-11-05 22:49:28.050 [XNIO-1 task-4] INFO  lab.base.util.aspect.LogAspect.doBefore:62 - 请求参数 : [{"id":0,"ownerid":0,"tabledocno":"t_department_user","tableid":0,"updateid":0}]
2023-11-05 22:49:28.050 [XNIO-1 task-4] INFO  lab.base.util.aspect.LogAspect.doBefore:64 - 浏览器 : CHROME8
2023-11-05 22:49:28.050 [XNIO-1 task-4] INFO  lab.base.util.aspect.LogAspect.doBefore:65 - 浏览器版本 : 85.0.4183.83
2023-11-05 22:49:28.050 [XNIO-1 task-4] INFO  lab.base.util.aspect.LogAspect.doBefore:66 - 操作系统: WINDOWS_10
2023-11-05 22:49:28.057 [XNIO-1 task-4] INFO  lab.base.util.aspect.LogAspect.doAfterReturning:86 - 请求结束时间 : 2023-11-05T22:49:28.057186400
2023-11-05 22:49:28.057 [XNIO-1 task-4] INFO  lab.base.util.aspect.LogAspect.doAfterReturning:87 - 请求耗时 : 0秒
2023-11-05 22:49:28.058 [XNIO-1 task-4] INFO  lab.base.util.aspect.LogAspect.doAfterReturning:89 - 请求返回 : {"code":200,"msg":"查询成功","payload":[{"createtime":"2023-10-26 17:54:31","decimals":0,"defaults":"","fielddocno":"id","fieldname":"id","id":52,"increment":"Y","length":0,"notNull":"Y","ownerid":0,"primaryKey":"Y","tabledocno":"t_department_user","tableid":1,"type":"int","updateid":0,"updatetime":"2023-10-26 17:54:31"},{"createtime":"2023-10-26 17:54:31","decimals":0,"defaults":"","fielddocno":"departid","fieldname":"部门id","id":53,"increment":"N","length":0,"notNull":"N","ownerid":0,"primaryKey":"N","tabledocno":"t_department_user","tableid":1,"type":"int","updateid":0,"updatetime":"2023-10-26 17:54:31"},{"createtime":"2023-10-26 17:54:31","decimals":0,"defaults":"","fielddocno":"userid","fieldname":"用户id","id":54,"increment":"N","length":0,"notNull":"N","ownerid":0,"primaryKey":"N","tabledocno":"t_department_user","tableid":1,"type":"int","updateid":0,"updatetime":"2023-10-26 17:54:31"}]}
2023-11-05 22:49:28.095 [XNIO-1 task-4] INFO  lab.base.util.aspect.LogAspect.doBefore:57 - 请求开始时间：2023-11-05T22:49:28.095255900
2023-11-05 22:49:28.096 [XNIO-1 task-4] INFO  lab.base.util.aspect.LogAspect.doBefore:58 - 请求Url : http://localhost:8080/sql/selTable
2023-11-05 22:49:28.096 [XNIO-1 task-4] INFO  lab.base.util.aspect.LogAspect.doBefore:59 - 请求方式 : POST
2023-11-05 22:49:28.097 [XNIO-1 task-4] INFO  lab.base.util.aspect.LogAspect.doBefore:60 - 请求ip : 127.0.0.1
2023-11-05 22:49:28.097 [XNIO-1 task-4] INFO  lab.base.util.aspect.LogAspect.doBefore:61 - 请求内容类型 : application/json;charset=UTF-8
2023-11-05 22:49:28.097 [XNIO-1 task-4] INFO  lab.base.util.aspect.LogAspect.doBefore:62 - 请求参数 : [{"id":0,"ownerid":0,"updateid":0}]
2023-11-05 22:49:28.097 [XNIO-1 task-4] INFO  lab.base.util.aspect.LogAspect.doBefore:64 - 浏览器 : CHROME8
2023-11-05 22:49:28.098 [XNIO-1 task-4] INFO  lab.base.util.aspect.LogAspect.doBefore:65 - 浏览器版本 : 85.0.4183.83
2023-11-05 22:49:28.098 [XNIO-1 task-4] INFO  lab.base.util.aspect.LogAspect.doBefore:66 - 操作系统: WINDOWS_10
2023-11-05 22:49:28.107 [XNIO-1 task-4] INFO  lab.base.util.aspect.LogAspect.doAfterReturning:86 - 请求结束时间 : 2023-11-05T22:49:28.107509900
2023-11-05 22:49:28.108 [XNIO-1 task-4] INFO  lab.base.util.aspect.LogAspect.doAfterReturning:87 - 请求耗时 : 0秒
2023-11-05 22:49:28.108 [XNIO-1 task-4] INFO  lab.base.util.aspect.LogAspect.doAfterReturning:89 - 请求返回 : {"code":200,"msg":"查询成功","payload":[{"createtime":"2023-10-09 23:39:52","id":15,"ownerid":0,"parentid":0,"remark":"多试几下","tabledocno":"t_test5","tablename":"测试表5","type":"1","updateid":10,"updatename":"管理员","updatetime":"2023-10-12 17:30:19","updateusername":"admin"},{"createtime":"2023-10-23 21:52:25","id":16,"ownerid":0,"parentid":0,"remark":"测试一下","tabledocno":"test006","tablename":"测试006表","type":"1","updateid":0,"updatetime":"2023-10-23 21:52:25"},{"createtime":"2023-10-26 17:23:44","id":17,"ownerid":0,"parentid":0,"remark":"","tabledocno":"t_department","tablename":"部门信息表","type":"1","updateid":0,"updatetime":"2023-10-26 17:23:44"},{"createtime":"2023-10-26 17:54:31","id":18,"ownerid":0,"parentid":0,"remark":"","tabledocno":"t_department_user","tablename":"用户部门关联表","type":"1","updateid":0,"updatetime":"2023-10-26 17:54:31"}]}
2023-11-05 22:49:28.371 [XNIO-1 task-4] INFO  lab.base.util.aspect.LogAspect.doBefore:57 - 请求开始时间：2023-11-05T22:49:28.371952600
2023-11-05 22:49:28.372 [XNIO-1 task-4] INFO  lab.base.util.aspect.LogAspect.doBefore:58 - 请求Url : http://localhost:8080/sql/selOutkey
2023-11-05 22:49:28.373 [XNIO-1 task-4] INFO  lab.base.util.aspect.LogAspect.doBefore:59 - 请求方式 : POST
2023-11-05 22:49:28.373 [XNIO-1 task-4] INFO  lab.base.util.aspect.LogAspect.doBefore:60 - 请求ip : 127.0.0.1
2023-11-05 22:49:28.373 [XNIO-1 task-4] INFO  lab.base.util.aspect.LogAspect.doBefore:61 - 请求内容类型 : application/json;charset=UTF-8
2023-11-05 22:49:28.373 [XNIO-1 task-4] INFO  lab.base.util.aspect.LogAspect.doBefore:62 - 请求参数 : [{"ownerid":0,"tabledocno":"t_department_user","updateid":0}]
2023-11-05 22:49:28.374 [XNIO-1 task-4] INFO  lab.base.util.aspect.LogAspect.doBefore:64 - 浏览器 : CHROME8
2023-11-05 22:49:28.374 [XNIO-1 task-4] INFO  lab.base.util.aspect.LogAspect.doBefore:65 - 浏览器版本 : 85.0.4183.83
2023-11-05 22:49:28.375 [XNIO-1 task-4] INFO  lab.base.util.aspect.LogAspect.doBefore:66 - 操作系统: WINDOWS_10
2023-11-05 22:49:28.377 [XNIO-1 task-4] INFO  lab.base.util.aspect.LogAspect.doAfterReturning:86 - 请求结束时间 : 2023-11-05T22:49:28.377227800
2023-11-05 22:49:28.377 [XNIO-1 task-4] INFO  lab.base.util.aspect.LogAspect.doAfterReturning:87 - 请求耗时 : 0秒
2023-11-05 22:49:28.377 [XNIO-1 task-4] INFO  lab.base.util.aspect.LogAspect.doAfterReturning:89 - 请求返回 : {"code":200,"msg":"查询成功","payload":[{"field":"departid","id":27,"outField":"id","outTabledocno":"t_department","ownerid":0,"tabledocno":"t_department_user","updateid":0}]}
2023-11-05 23:26:13.505 [XNIO-1 task-4] INFO  lab.base.util.aspect.LogAspect.doBefore:57 - 请求开始时间：2023-11-05T23:26:13.505957200
2023-11-05 23:26:13.506 [XNIO-1 task-4] INFO  lab.base.util.aspect.LogAspect.doBefore:58 - 请求Url : http://localhost:8080/sql/selField
2023-11-05 23:26:13.506 [XNIO-1 task-4] INFO  lab.base.util.aspect.LogAspect.doBefore:59 - 请求方式 : POST
2023-11-05 23:26:13.506 [XNIO-1 task-4] INFO  lab.base.util.aspect.LogAspect.doBefore:60 - 请求ip : 127.0.0.1
2023-11-05 23:26:13.506 [XNIO-1 task-4] INFO  lab.base.util.aspect.LogAspect.doBefore:61 - 请求内容类型 : application/json;charset=UTF-8
2023-11-05 23:26:13.507 [XNIO-1 task-4] INFO  lab.base.util.aspect.LogAspect.doBefore:62 - 请求参数 : [{"id":0,"ownerid":0,"tabledocno":"t_department","tableid":0,"updateid":0}]
2023-11-05 23:26:13.507 [XNIO-1 task-4] INFO  lab.base.util.aspect.LogAspect.doBefore:64 - 浏览器 : CHROME8
2023-11-05 23:26:13.507 [XNIO-1 task-4] INFO  lab.base.util.aspect.LogAspect.doBefore:65 - 浏览器版本 : 85.0.4183.83
2023-11-05 23:26:13.507 [XNIO-1 task-4] INFO  lab.base.util.aspect.LogAspect.doBefore:66 - 操作系统: WINDOWS_10
2023-11-05 23:26:13.512 [XNIO-1 task-4] INFO  lab.base.util.aspect.LogAspect.doAfterReturning:86 - 请求结束时间 : 2023-11-05T23:26:13.512154300
2023-11-05 23:26:13.512 [XNIO-1 task-4] INFO  lab.base.util.aspect.LogAspect.doAfterReturning:87 - 请求耗时 : 0秒
2023-11-05 23:26:13.512 [XNIO-1 task-4] INFO  lab.base.util.aspect.LogAspect.doAfterReturning:89 - 请求返回 : {"code":200,"msg":"查询成功","payload":[{"createtime":"2023-10-26 17:23:44","decimals":0,"defaults":"","fielddocno":"id","fieldname":"id","id":48,"increment":"Y","length":0,"notNull":"Y","ownerid":0,"primaryKey":"Y","tabledocno":"t_department","tableid":1,"type":"int","updateid":0,"updatetime":"2023-10-26 17:23:44"},{"createtime":"2023-10-26 17:23:44","decimals":0,"defaults":"","fielddocno":"departdocno","fieldname":"部门编号","id":49,"increment":"N","length":100,"notNull":"N","ownerid":0,"primaryKey":"N","tabledocno":"t_department","tableid":1,"type":"varchar","updateid":0,"updatetime":"2023-10-26 17:23:44"},{"createtime":"2023-10-26 17:23:44","decimals":0,"defaults":"","fielddocno":"departname","fieldname":"部门名称","id":50,"increment":"N","length":255,"notNull":"N","ownerid":0,"primaryKey":"N","tabledocno":"t_department","tableid":1,"type":"varchar","updateid":0,"updatetime":"2023-10-26 17:23:44"},{"createtime":"2023-10-26 17:23:44","decimals":0,"defaults":"","fielddocno":"depart001","fieldname":"上级部门","id":51,"increment":"N","length":0,"notNull":"N","ownerid":0,"primaryKey":"N","tabledocno":"t_department","tableid":1,"type":"int","updateid":0,"updatetime":"2023-10-26 17:23:44"}]}
2023-11-05 23:26:18.534 [XNIO-1 task-4] INFO  lab.base.util.aspect.LogAspect.doBefore:57 - 请求开始时间：2023-11-05T23:26:18.534068
2023-11-05 23:26:18.535 [XNIO-1 task-4] INFO  lab.base.util.aspect.LogAspect.doBefore:58 - 请求Url : http://localhost:8080/sql/selField
2023-11-05 23:26:18.535 [XNIO-1 task-4] INFO  lab.base.util.aspect.LogAspect.doBefore:59 - 请求方式 : POST
2023-11-05 23:26:18.535 [XNIO-1 task-4] INFO  lab.base.util.aspect.LogAspect.doBefore:60 - 请求ip : 127.0.0.1
2023-11-05 23:26:18.536 [XNIO-1 task-4] INFO  lab.base.util.aspect.LogAspect.doBefore:61 - 请求内容类型 : application/json;charset=UTF-8
2023-11-05 23:26:18.536 [XNIO-1 task-4] INFO  lab.base.util.aspect.LogAspect.doBefore:62 - 请求参数 : [{"id":0,"ownerid":0,"tabledocno":"t_department_user","tableid":0,"updateid":0}]
2023-11-05 23:26:18.536 [XNIO-1 task-4] INFO  lab.base.util.aspect.LogAspect.doBefore:64 - 浏览器 : CHROME8
2023-11-05 23:26:18.537 [XNIO-1 task-4] INFO  lab.base.util.aspect.LogAspect.doBefore:65 - 浏览器版本 : 85.0.4183.83
2023-11-05 23:26:18.537 [XNIO-1 task-4] INFO  lab.base.util.aspect.LogAspect.doBefore:66 - 操作系统: WINDOWS_10
2023-11-05 23:26:18.542 [XNIO-1 task-4] INFO  lab.base.util.aspect.LogAspect.doAfterReturning:86 - 请求结束时间 : 2023-11-05T23:26:18.542000100
2023-11-05 23:26:18.542 [XNIO-1 task-4] INFO  lab.base.util.aspect.LogAspect.doAfterReturning:87 - 请求耗时 : 0秒
2023-11-05 23:26:18.543 [XNIO-1 task-4] INFO  lab.base.util.aspect.LogAspect.doAfterReturning:89 - 请求返回 : {"code":200,"msg":"查询成功","payload":[{"createtime":"2023-10-26 17:54:31","decimals":0,"defaults":"","fielddocno":"id","fieldname":"id","id":52,"increment":"Y","length":0,"notNull":"Y","ownerid":0,"primaryKey":"Y","tabledocno":"t_department_user","tableid":1,"type":"int","updateid":0,"updatetime":"2023-10-26 17:54:31"},{"createtime":"2023-10-26 17:54:31","decimals":0,"defaults":"","fielddocno":"departid","fieldname":"部门id","id":53,"increment":"N","length":0,"notNull":"N","ownerid":0,"primaryKey":"N","tabledocno":"t_department_user","tableid":1,"type":"int","updateid":0,"updatetime":"2023-10-26 17:54:31"},{"createtime":"2023-10-26 17:54:31","decimals":0,"defaults":"","fielddocno":"userid","fieldname":"用户id","id":54,"increment":"N","length":0,"notNull":"N","ownerid":0,"primaryKey":"N","tabledocno":"t_department_user","tableid":1,"type":"int","updateid":0,"updatetime":"2023-10-26 17:54:31"}]}
2023-11-05 23:26:18.928 [XNIO-1 task-4] INFO  lab.base.util.aspect.LogAspect.doBefore:57 - 请求开始时间：2023-11-05T23:26:18.928207400
2023-11-05 23:26:18.929 [XNIO-1 task-4] INFO  lab.base.util.aspect.LogAspect.doBefore:58 - 请求Url : http://localhost:8080/sql/selOutkey
2023-11-05 23:26:18.929 [XNIO-1 task-4] INFO  lab.base.util.aspect.LogAspect.doBefore:59 - 请求方式 : POST
2023-11-05 23:26:18.929 [XNIO-1 task-4] INFO  lab.base.util.aspect.LogAspect.doBefore:60 - 请求ip : 127.0.0.1
2023-11-05 23:26:18.930 [XNIO-1 task-4] INFO  lab.base.util.aspect.LogAspect.doBefore:61 - 请求内容类型 : application/json;charset=UTF-8
2023-11-05 23:26:18.930 [XNIO-1 task-4] INFO  lab.base.util.aspect.LogAspect.doBefore:62 - 请求参数 : [{"ownerid":0,"tabledocno":"t_department_user","updateid":0}]
2023-11-05 23:26:18.930 [XNIO-1 task-4] INFO  lab.base.util.aspect.LogAspect.doBefore:64 - 浏览器 : CHROME8
2023-11-05 23:26:18.931 [XNIO-1 task-4] INFO  lab.base.util.aspect.LogAspect.doBefore:65 - 浏览器版本 : 85.0.4183.83
2023-11-05 23:26:18.931 [XNIO-1 task-4] INFO  lab.base.util.aspect.LogAspect.doBefore:66 - 操作系统: WINDOWS_10
2023-11-05 23:26:18.935 [XNIO-1 task-4] INFO  lab.base.util.aspect.LogAspect.doAfterReturning:86 - 请求结束时间 : 2023-11-05T23:26:18.935212100
2023-11-05 23:26:18.935 [XNIO-1 task-4] INFO  lab.base.util.aspect.LogAspect.doAfterReturning:87 - 请求耗时 : 0秒
2023-11-05 23:26:18.935 [XNIO-1 task-4] INFO  lab.base.util.aspect.LogAspect.doAfterReturning:89 - 请求返回 : {"code":200,"msg":"查询成功","payload":[{"field":"departid","id":27,"outField":"id","outTabledocno":"t_department","ownerid":0,"tabledocno":"t_department_user","updateid":0}]}
2023-11-05 23:27:15.285 [XNIO-1 task-4] INFO  lab.base.util.aspect.LogAspect.doBefore:57 - 请求开始时间：2023-11-05T23:27:15.285948400
2023-11-05 23:27:15.285 [XNIO-1 task-4] INFO  lab.base.util.aspect.LogAspect.doBefore:58 - 请求Url : http://localhost:8080/sql/selField
2023-11-05 23:27:15.285 [XNIO-1 task-4] INFO  lab.base.util.aspect.LogAspect.doBefore:59 - 请求方式 : POST
2023-11-05 23:27:15.285 [XNIO-1 task-4] INFO  lab.base.util.aspect.LogAspect.doBefore:60 - 请求ip : 127.0.0.1
2023-11-05 23:27:15.286 [XNIO-1 task-4] INFO  lab.base.util.aspect.LogAspect.doBefore:61 - 请求内容类型 : application/json;charset=UTF-8
2023-11-05 23:27:15.286 [XNIO-1 task-4] INFO  lab.base.util.aspect.LogAspect.doBefore:62 - 请求参数 : [{"id":0,"ownerid":0,"tabledocno":"t_department_user","tableid":0,"updateid":0}]
2023-11-05 23:27:15.286 [XNIO-1 task-4] INFO  lab.base.util.aspect.LogAspect.doBefore:64 - 浏览器 : CHROME8
2023-11-05 23:27:15.287 [XNIO-1 task-4] INFO  lab.base.util.aspect.LogAspect.doBefore:65 - 浏览器版本 : 85.0.4183.83
2023-11-05 23:27:15.287 [XNIO-1 task-4] INFO  lab.base.util.aspect.LogAspect.doBefore:66 - 操作系统: WINDOWS_10
2023-11-05 23:27:15.290 [XNIO-1 task-4] INFO  lab.base.util.aspect.LogAspect.doAfterReturning:86 - 请求结束时间 : 2023-11-05T23:27:15.290934200
2023-11-05 23:27:15.290 [XNIO-1 task-4] INFO  lab.base.util.aspect.LogAspect.doAfterReturning:87 - 请求耗时 : 0秒
2023-11-05 23:27:15.290 [XNIO-1 task-4] INFO  lab.base.util.aspect.LogAspect.doAfterReturning:89 - 请求返回 : {"code":200,"msg":"查询成功","payload":[{"createtime":"2023-10-26 17:54:31","decimals":0,"defaults":"","fielddocno":"id","fieldname":"id","id":52,"increment":"Y","length":0,"notNull":"Y","ownerid":0,"primaryKey":"Y","tabledocno":"t_department_user","tableid":1,"type":"int","updateid":0,"updatetime":"2023-10-26 17:54:31"},{"createtime":"2023-10-26 17:54:31","decimals":0,"defaults":"","fielddocno":"departid","fieldname":"部门id","id":53,"increment":"N","length":0,"notNull":"N","ownerid":0,"primaryKey":"N","tabledocno":"t_department_user","tableid":1,"type":"int","updateid":0,"updatetime":"2023-10-26 17:54:31"},{"createtime":"2023-10-26 17:54:31","decimals":0,"defaults":"","fielddocno":"userid","fieldname":"用户id","id":54,"increment":"N","length":0,"notNull":"N","ownerid":0,"primaryKey":"N","tabledocno":"t_department_user","tableid":1,"type":"int","updateid":0,"updatetime":"2023-10-26 17:54:31"}]}
2023-11-05 23:27:15.552 [XNIO-1 task-4] INFO  lab.base.util.aspect.LogAspect.doBefore:57 - 请求开始时间：2023-11-05T23:27:15.552867500
2023-11-05 23:27:15.554 [XNIO-1 task-4] INFO  lab.base.util.aspect.LogAspect.doBefore:58 - 请求Url : http://localhost:8080/sql/selOutkey
2023-11-05 23:27:15.554 [XNIO-1 task-4] INFO  lab.base.util.aspect.LogAspect.doBefore:59 - 请求方式 : POST
2023-11-05 23:27:15.554 [XNIO-1 task-4] INFO  lab.base.util.aspect.LogAspect.doBefore:60 - 请求ip : 127.0.0.1
2023-11-05 23:27:15.554 [XNIO-1 task-4] INFO  lab.base.util.aspect.LogAspect.doBefore:61 - 请求内容类型 : application/json;charset=UTF-8
2023-11-05 23:27:15.554 [XNIO-1 task-4] INFO  lab.base.util.aspect.LogAspect.doBefore:62 - 请求参数 : [{"ownerid":0,"tabledocno":"t_department_user","updateid":0}]
2023-11-05 23:27:15.554 [XNIO-1 task-4] INFO  lab.base.util.aspect.LogAspect.doBefore:64 - 浏览器 : CHROME8
2023-11-05 23:27:15.554 [XNIO-1 task-4] INFO  lab.base.util.aspect.LogAspect.doBefore:65 - 浏览器版本 : 85.0.4183.83
2023-11-05 23:27:15.555 [XNIO-1 task-4] INFO  lab.base.util.aspect.LogAspect.doBefore:66 - 操作系统: WINDOWS_10
2023-11-05 23:27:15.556 [XNIO-1 task-4] INFO  lab.base.util.aspect.LogAspect.doAfterReturning:86 - 请求结束时间 : 2023-11-05T23:27:15.556975
2023-11-05 23:27:15.556 [XNIO-1 task-4] INFO  lab.base.util.aspect.LogAspect.doAfterReturning:87 - 请求耗时 : 0秒
2023-11-05 23:27:15.557 [XNIO-1 task-4] INFO  lab.base.util.aspect.LogAspect.doAfterReturning:89 - 请求返回 : {"code":200,"msg":"查询成功","payload":[{"field":"departid","id":27,"outField":"id","outTabledocno":"t_department","ownerid":0,"tabledocno":"t_department_user","updateid":0}]}
