2023-11-09 12:29:19.149 [main] WARN  o.s.core.LocalVariableTableParameterNameDiscoverer.inspectClass:123 - Using deprecated '-debug' fallback for parameter name resolution. Compile the affected code with '-parameters' instead or avoid its introspection: lab.base.util.aspect.LogAspect
2023-11-09 12:29:19.151 [main] WARN  o.s.core.LocalVariableTableParameterNameDiscoverer.inspectClass:123 - Using deprecated '-debug' fallback for parameter name resolution. Compile the affected code with '-parameters' instead or avoid its introspection: lab.base.util.aspect.LogAspect
2023-11-09 12:29:20.250 [main] WARN  io.undertow.websockets.jsr.handleDeployment:68 - UT026010: Buffer pool was not set on WebSocketDeploymentInfo, the default pool will be used
2023-11-09 12:29:28.969 [main] WARN  o.s.b.a.freemarker.FreeMarkerAutoConfiguration.checkTemplateLocationExists:67 - Cannot find template location(s): [classpath:/templates/] (please add some templates, check your FreeMarker configuration, or set spring.freemarker.check-template-location=false)
2023-11-09 12:31:36.269 [XNIO-1 task-5] WARN  o.s.core.LocalVariableTableParameterNameDiscoverer.inspectClass:123 - Using deprecated '-debug' fallback for parameter name resolution. Compile the affected code with '-parameters' instead or avoid its introspection: lab.controller.userController
2023-11-09 12:31:36.526 [XNIO-1 task-5] WARN  o.s.core.LocalVariableTableParameterNameDiscoverer.inspectClass:123 - Using deprecated '-debug' fallback for parameter name resolution. Compile the affected code with '-parameters' instead or avoid its introspection: lab.controller.sqlController
2023-11-09 12:31:36.745 [XNIO-1 task-5] WARN  o.s.core.LocalVariableTableParameterNameDiscoverer.inspectClass:123 - Using deprecated '-debug' fallback for parameter name resolution. Compile the affected code with '-parameters' instead or avoid its introspection: lab.controller.roleController
2023-11-09 12:31:36.818 [XNIO-1 task-5] WARN  o.s.core.LocalVariableTableParameterNameDiscoverer.inspectClass:123 - Using deprecated '-debug' fallback for parameter name resolution. Compile the affected code with '-parameters' instead or avoid its introspection: lab.controller.menuController
2023-11-09 12:31:36.848 [XNIO-1 task-5] WARN  o.s.core.LocalVariableTableParameterNameDiscoverer.inspectClass:123 - Using deprecated '-debug' fallback for parameter name resolution. Compile the affected code with '-parameters' instead or avoid its introspection: lab.controller.LoginController
2023-11-09 14:06:15.336 [main] WARN  o.s.core.LocalVariableTableParameterNameDiscoverer.inspectClass:123 - Using deprecated '-debug' fallback for parameter name resolution. Compile the affected code with '-parameters' instead or avoid its introspection: lab.base.util.aspect.LogAspect
2023-11-09 14:06:15.337 [main] WARN  o.s.core.LocalVariableTableParameterNameDiscoverer.inspectClass:123 - Using deprecated '-debug' fallback for parameter name resolution. Compile the affected code with '-parameters' instead or avoid its introspection: lab.base.util.aspect.LogAspect
2023-11-09 14:06:16.111 [main] WARN  io.undertow.websockets.jsr.handleDeployment:68 - UT026010: Buffer pool was not set on WebSocketDeploymentInfo, the default pool will be used
2023-11-09 14:06:25.575 [main] WARN  o.s.b.a.freemarker.FreeMarkerAutoConfiguration.checkTemplateLocationExists:67 - Cannot find template location(s): [classpath:/templates/] (please add some templates, check your FreeMarker configuration, or set spring.freemarker.check-template-location=false)
2023-11-09 16:25:01.560 [main] WARN  o.s.core.LocalVariableTableParameterNameDiscoverer.inspectClass:123 - Using deprecated '-debug' fallback for parameter name resolution. Compile the affected code with '-parameters' instead or avoid its introspection: lab.base.util.aspect.LogAspect
2023-11-09 16:25:01.561 [main] WARN  o.s.core.LocalVariableTableParameterNameDiscoverer.inspectClass:123 - Using deprecated '-debug' fallback for parameter name resolution. Compile the affected code with '-parameters' instead or avoid its introspection: lab.base.util.aspect.LogAspect
2023-11-09 16:25:02.325 [main] WARN  io.undertow.websockets.jsr.handleDeployment:68 - UT026010: Buffer pool was not set on WebSocketDeploymentInfo, the default pool will be used
2023-11-09 16:25:11.323 [main] WARN  o.s.b.a.freemarker.FreeMarkerAutoConfiguration.checkTemplateLocationExists:67 - Cannot find template location(s): [classpath:/templates/] (please add some templates, check your FreeMarker configuration, or set spring.freemarker.check-template-location=false)
2023-11-09 16:27:40.126 [XNIO-1 task-2] WARN  o.s.w.s.mvc.support.DefaultHandlerExceptionResolver.logException:207 - Resolved [org.springframework.web.bind.MissingServletRequestParameterException: Required request parameter 'sql' for method parameter type String is not present]
2023-11-09 19:22:31.544 [XNIO-1 task-2] WARN  o.s.w.s.mvc.support.DefaultHandlerExceptionResolver.logException:207 - Resolved [org.springframework.web.bind.MissingServletRequestParameterException: Required request parameter 'sql' for method parameter type String is not present]
2023-11-09 19:24:10.222 [XNIO-1 task-2] WARN  o.s.w.s.mvc.support.DefaultHandlerExceptionResolver.logException:207 - Resolved [org.springframework.web.bind.MissingServletRequestParameterException: Required request parameter 'sql' for method parameter type String is not present]
2023-11-09 19:31:31.345 [XNIO-1 task-2] WARN  o.s.w.s.mvc.support.DefaultHandlerExceptionResolver.logException:207 - Resolved [org.springframework.web.bind.MissingServletRequestParameterException: Required request parameter 'sql' for method parameter type String is not present]
2023-11-09 19:33:11.145 [main] WARN  o.s.core.LocalVariableTableParameterNameDiscoverer.inspectClass:123 - Using deprecated '-debug' fallback for parameter name resolution. Compile the affected code with '-parameters' instead or avoid its introspection: lab.base.util.aspect.LogAspect
2023-11-09 19:33:11.145 [main] WARN  o.s.core.LocalVariableTableParameterNameDiscoverer.inspectClass:123 - Using deprecated '-debug' fallback for parameter name resolution. Compile the affected code with '-parameters' instead or avoid its introspection: lab.base.util.aspect.LogAspect
2023-11-09 19:33:11.937 [main] WARN  io.undertow.websockets.jsr.handleDeployment:68 - UT026010: Buffer pool was not set on WebSocketDeploymentInfo, the default pool will be used
2023-11-09 19:33:21.169 [main] WARN  o.s.b.a.freemarker.FreeMarkerAutoConfiguration.checkTemplateLocationExists:67 - Cannot find template location(s): [classpath:/templates/] (please add some templates, check your FreeMarker configuration, or set spring.freemarker.check-template-location=false)
2023-11-09 19:33:26.225 [XNIO-1 task-2] WARN  o.s.w.s.mvc.support.DefaultHandlerExceptionResolver.logException:207 - Resolved [org.springframework.web.bind.MissingServletRequestParameterException: Required request parameter 'sql' for method parameter type String is not present]
2023-11-09 19:36:45.164 [main] WARN  o.s.core.LocalVariableTableParameterNameDiscoverer.inspectClass:123 - Using deprecated '-debug' fallback for parameter name resolution. Compile the affected code with '-parameters' instead or avoid its introspection: lab.base.util.aspect.LogAspect
2023-11-09 19:36:45.166 [main] WARN  o.s.core.LocalVariableTableParameterNameDiscoverer.inspectClass:123 - Using deprecated '-debug' fallback for parameter name resolution. Compile the affected code with '-parameters' instead or avoid its introspection: lab.base.util.aspect.LogAspect
2023-11-09 19:36:45.910 [main] WARN  io.undertow.websockets.jsr.handleDeployment:68 - UT026010: Buffer pool was not set on WebSocketDeploymentInfo, the default pool will be used
2023-11-09 19:36:53.952 [main] WARN  o.s.b.a.freemarker.FreeMarkerAutoConfiguration.checkTemplateLocationExists:67 - Cannot find template location(s): [classpath:/templates/] (please add some templates, check your FreeMarker configuration, or set spring.freemarker.check-template-location=false)
2023-11-09 19:39:18.054 [main] WARN  o.s.core.LocalVariableTableParameterNameDiscoverer.inspectClass:123 - Using deprecated '-debug' fallback for parameter name resolution. Compile the affected code with '-parameters' instead or avoid its introspection: lab.base.util.aspect.LogAspect
2023-11-09 19:39:18.056 [main] WARN  o.s.core.LocalVariableTableParameterNameDiscoverer.inspectClass:123 - Using deprecated '-debug' fallback for parameter name resolution. Compile the affected code with '-parameters' instead or avoid its introspection: lab.base.util.aspect.LogAspect
2023-11-09 19:39:18.849 [main] WARN  io.undertow.websockets.jsr.handleDeployment:68 - UT026010: Buffer pool was not set on WebSocketDeploymentInfo, the default pool will be used
2023-11-09 19:39:26.879 [main] WARN  o.s.b.a.freemarker.FreeMarkerAutoConfiguration.checkTemplateLocationExists:67 - Cannot find template location(s): [classpath:/templates/] (please add some templates, check your FreeMarker configuration, or set spring.freemarker.check-template-location=false)
2023-11-09 20:17:04.619 [main] WARN  o.s.core.LocalVariableTableParameterNameDiscoverer.inspectClass:123 - Using deprecated '-debug' fallback for parameter name resolution. Compile the affected code with '-parameters' instead or avoid its introspection: lab.base.util.aspect.LogAspect
2023-11-09 20:17:04.621 [main] WARN  o.s.core.LocalVariableTableParameterNameDiscoverer.inspectClass:123 - Using deprecated '-debug' fallback for parameter name resolution. Compile the affected code with '-parameters' instead or avoid its introspection: lab.base.util.aspect.LogAspect
2023-11-09 20:17:05.410 [main] WARN  io.undertow.websockets.jsr.handleDeployment:68 - UT026010: Buffer pool was not set on WebSocketDeploymentInfo, the default pool will be used
2023-11-09 20:17:13.714 [main] WARN  o.s.b.a.freemarker.FreeMarkerAutoConfiguration.checkTemplateLocationExists:67 - Cannot find template location(s): [classpath:/templates/] (please add some templates, check your FreeMarker configuration, or set spring.freemarker.check-template-location=false)
2023-11-09 20:18:58.786 [main] WARN  o.s.core.LocalVariableTableParameterNameDiscoverer.inspectClass:123 - Using deprecated '-debug' fallback for parameter name resolution. Compile the affected code with '-parameters' instead or avoid its introspection: lab.base.util.aspect.LogAspect
2023-11-09 20:18:58.787 [main] WARN  o.s.core.LocalVariableTableParameterNameDiscoverer.inspectClass:123 - Using deprecated '-debug' fallback for parameter name resolution. Compile the affected code with '-parameters' instead or avoid its introspection: lab.base.util.aspect.LogAspect
2023-11-09 20:18:59.534 [main] WARN  io.undertow.websockets.jsr.handleDeployment:68 - UT026010: Buffer pool was not set on WebSocketDeploymentInfo, the default pool will be used
2023-11-09 20:19:09.409 [main] WARN  o.s.b.a.freemarker.FreeMarkerAutoConfiguration.checkTemplateLocationExists:67 - Cannot find template location(s): [classpath:/templates/] (please add some templates, check your FreeMarker configuration, or set spring.freemarker.check-template-location=false)
2023-11-09 21:11:44.774 [main] WARN  o.s.core.LocalVariableTableParameterNameDiscoverer.inspectClass:123 - Using deprecated '-debug' fallback for parameter name resolution. Compile the affected code with '-parameters' instead or avoid its introspection: lab.base.util.aspect.LogAspect
2023-11-09 21:11:44.775 [main] WARN  o.s.core.LocalVariableTableParameterNameDiscoverer.inspectClass:123 - Using deprecated '-debug' fallback for parameter name resolution. Compile the affected code with '-parameters' instead or avoid its introspection: lab.base.util.aspect.LogAspect
2023-11-09 21:11:45.572 [main] WARN  io.undertow.websockets.jsr.handleDeployment:68 - UT026010: Buffer pool was not set on WebSocketDeploymentInfo, the default pool will be used
2023-11-09 21:11:54.288 [main] WARN  o.s.b.a.freemarker.FreeMarkerAutoConfiguration.checkTemplateLocationExists:67 - Cannot find template location(s): [classpath:/templates/] (please add some templates, check your FreeMarker configuration, or set spring.freemarker.check-template-location=false)
2023-11-09 21:30:04.851 [main] WARN  o.s.core.LocalVariableTableParameterNameDiscoverer.inspectClass:123 - Using deprecated '-debug' fallback for parameter name resolution. Compile the affected code with '-parameters' instead or avoid its introspection: lab.base.util.aspect.LogAspect
2023-11-09 21:30:04.852 [main] WARN  o.s.core.LocalVariableTableParameterNameDiscoverer.inspectClass:123 - Using deprecated '-debug' fallback for parameter name resolution. Compile the affected code with '-parameters' instead or avoid its introspection: lab.base.util.aspect.LogAspect
2023-11-09 21:30:06.003 [main] WARN  io.undertow.websockets.jsr.handleDeployment:68 - UT026010: Buffer pool was not set on WebSocketDeploymentInfo, the default pool will be used
2023-11-09 21:30:14.874 [main] WARN  o.s.b.a.freemarker.FreeMarkerAutoConfiguration.checkTemplateLocationExists:67 - Cannot find template location(s): [classpath:/templates/] (please add some templates, check your FreeMarker configuration, or set spring.freemarker.check-template-location=false)
2023-11-09 21:32:51.644 [main] WARN  o.s.core.LocalVariableTableParameterNameDiscoverer.inspectClass:123 - Using deprecated '-debug' fallback for parameter name resolution. Compile the affected code with '-parameters' instead or avoid its introspection: lab.base.util.aspect.LogAspect
2023-11-09 21:32:51.645 [main] WARN  o.s.core.LocalVariableTableParameterNameDiscoverer.inspectClass:123 - Using deprecated '-debug' fallback for parameter name resolution. Compile the affected code with '-parameters' instead or avoid its introspection: lab.base.util.aspect.LogAspect
2023-11-09 21:32:52.362 [main] WARN  io.undertow.websockets.jsr.handleDeployment:68 - UT026010: Buffer pool was not set on WebSocketDeploymentInfo, the default pool will be used
2023-11-09 21:33:00.582 [main] WARN  o.s.b.a.freemarker.FreeMarkerAutoConfiguration.checkTemplateLocationExists:67 - Cannot find template location(s): [classpath:/templates/] (please add some templates, check your FreeMarker configuration, or set spring.freemarker.check-template-location=false)
2023-11-09 21:36:19.170 [main] WARN  o.s.core.LocalVariableTableParameterNameDiscoverer.inspectClass:123 - Using deprecated '-debug' fallback for parameter name resolution. Compile the affected code with '-parameters' instead or avoid its introspection: lab.base.util.aspect.LogAspect
2023-11-09 21:36:19.172 [main] WARN  o.s.core.LocalVariableTableParameterNameDiscoverer.inspectClass:123 - Using deprecated '-debug' fallback for parameter name resolution. Compile the affected code with '-parameters' instead or avoid its introspection: lab.base.util.aspect.LogAspect
2023-11-09 21:36:19.895 [main] WARN  io.undertow.websockets.jsr.handleDeployment:68 - UT026010: Buffer pool was not set on WebSocketDeploymentInfo, the default pool will be used
2023-11-09 21:36:28.320 [main] WARN  o.s.b.a.freemarker.FreeMarkerAutoConfiguration.checkTemplateLocationExists:67 - Cannot find template location(s): [classpath:/templates/] (please add some templates, check your FreeMarker configuration, or set spring.freemarker.check-template-location=false)
2023-11-09 21:39:19.750 [main] WARN  o.s.core.LocalVariableTableParameterNameDiscoverer.inspectClass:123 - Using deprecated '-debug' fallback for parameter name resolution. Compile the affected code with '-parameters' instead or avoid its introspection: lab.base.util.aspect.LogAspect
2023-11-09 21:39:19.751 [main] WARN  o.s.core.LocalVariableTableParameterNameDiscoverer.inspectClass:123 - Using deprecated '-debug' fallback for parameter name resolution. Compile the affected code with '-parameters' instead or avoid its introspection: lab.base.util.aspect.LogAspect
2023-11-09 21:39:20.520 [main] WARN  io.undertow.websockets.jsr.handleDeployment:68 - UT026010: Buffer pool was not set on WebSocketDeploymentInfo, the default pool will be used
2023-11-09 21:39:29.895 [main] WARN  o.s.b.a.freemarker.FreeMarkerAutoConfiguration.checkTemplateLocationExists:67 - Cannot find template location(s): [classpath:/templates/] (please add some templates, check your FreeMarker configuration, or set spring.freemarker.check-template-location=false)
2023-11-09 21:40:54.718 [main] WARN  o.s.core.LocalVariableTableParameterNameDiscoverer.inspectClass:123 - Using deprecated '-debug' fallback for parameter name resolution. Compile the affected code with '-parameters' instead or avoid its introspection: lab.base.util.aspect.LogAspect
2023-11-09 21:40:54.720 [main] WARN  o.s.core.LocalVariableTableParameterNameDiscoverer.inspectClass:123 - Using deprecated '-debug' fallback for parameter name resolution. Compile the affected code with '-parameters' instead or avoid its introspection: lab.base.util.aspect.LogAspect
2023-11-09 21:40:55.819 [main] WARN  io.undertow.websockets.jsr.handleDeployment:68 - UT026010: Buffer pool was not set on WebSocketDeploymentInfo, the default pool will be used
2023-11-09 21:41:04.089 [main] WARN  o.s.b.a.freemarker.FreeMarkerAutoConfiguration.checkTemplateLocationExists:67 - Cannot find template location(s): [classpath:/templates/] (please add some templates, check your FreeMarker configuration, or set spring.freemarker.check-template-location=false)
2023-11-09 21:42:09.493 [main] WARN  o.s.core.LocalVariableTableParameterNameDiscoverer.inspectClass:123 - Using deprecated '-debug' fallback for parameter name resolution. Compile the affected code with '-parameters' instead or avoid its introspection: lab.base.util.aspect.LogAspect
2023-11-09 21:42:09.494 [main] WARN  o.s.core.LocalVariableTableParameterNameDiscoverer.inspectClass:123 - Using deprecated '-debug' fallback for parameter name resolution. Compile the affected code with '-parameters' instead or avoid its introspection: lab.base.util.aspect.LogAspect
2023-11-09 21:42:10.309 [main] WARN  io.undertow.websockets.jsr.handleDeployment:68 - UT026010: Buffer pool was not set on WebSocketDeploymentInfo, the default pool will be used
2023-11-09 21:42:18.981 [main] WARN  o.s.b.a.freemarker.FreeMarkerAutoConfiguration.checkTemplateLocationExists:67 - Cannot find template location(s): [classpath:/templates/] (please add some templates, check your FreeMarker configuration, or set spring.freemarker.check-template-location=false)
2023-11-09 21:44:13.665 [main] WARN  o.s.core.LocalVariableTableParameterNameDiscoverer.inspectClass:123 - Using deprecated '-debug' fallback for parameter name resolution. Compile the affected code with '-parameters' instead or avoid its introspection: lab.base.util.aspect.LogAspect
2023-11-09 21:44:13.666 [main] WARN  o.s.core.LocalVariableTableParameterNameDiscoverer.inspectClass:123 - Using deprecated '-debug' fallback for parameter name resolution. Compile the affected code with '-parameters' instead or avoid its introspection: lab.base.util.aspect.LogAspect
2023-11-09 21:44:14.453 [main] WARN  io.undertow.websockets.jsr.handleDeployment:68 - UT026010: Buffer pool was not set on WebSocketDeploymentInfo, the default pool will be used
2023-11-09 21:44:22.857 [main] WARN  o.s.b.a.freemarker.FreeMarkerAutoConfiguration.checkTemplateLocationExists:67 - Cannot find template location(s): [classpath:/templates/] (please add some templates, check your FreeMarker configuration, or set spring.freemarker.check-template-location=false)
2023-11-09 21:45:38.367 [main] WARN  o.s.core.LocalVariableTableParameterNameDiscoverer.inspectClass:123 - Using deprecated '-debug' fallback for parameter name resolution. Compile the affected code with '-parameters' instead or avoid its introspection: lab.base.util.aspect.LogAspect
2023-11-09 21:45:38.369 [main] WARN  o.s.core.LocalVariableTableParameterNameDiscoverer.inspectClass:123 - Using deprecated '-debug' fallback for parameter name resolution. Compile the affected code with '-parameters' instead or avoid its introspection: lab.base.util.aspect.LogAspect
2023-11-09 21:45:39.083 [main] WARN  io.undertow.websockets.jsr.handleDeployment:68 - UT026010: Buffer pool was not set on WebSocketDeploymentInfo, the default pool will be used
2023-11-09 21:45:47.391 [main] WARN  o.s.b.a.freemarker.FreeMarkerAutoConfiguration.checkTemplateLocationExists:67 - Cannot find template location(s): [classpath:/templates/] (please add some templates, check your FreeMarker configuration, or set spring.freemarker.check-template-location=false)
2023-11-09 21:48:55.251 [main] WARN  o.s.core.LocalVariableTableParameterNameDiscoverer.inspectClass:123 - Using deprecated '-debug' fallback for parameter name resolution. Compile the affected code with '-parameters' instead or avoid its introspection: lab.base.util.aspect.LogAspect
2023-11-09 21:48:55.253 [main] WARN  o.s.core.LocalVariableTableParameterNameDiscoverer.inspectClass:123 - Using deprecated '-debug' fallback for parameter name resolution. Compile the affected code with '-parameters' instead or avoid its introspection: lab.base.util.aspect.LogAspect
2023-11-09 21:48:56.030 [main] WARN  io.undertow.websockets.jsr.handleDeployment:68 - UT026010: Buffer pool was not set on WebSocketDeploymentInfo, the default pool will be used
2023-11-09 21:49:04.160 [main] WARN  o.s.b.a.freemarker.FreeMarkerAutoConfiguration.checkTemplateLocationExists:67 - Cannot find template location(s): [classpath:/templates/] (please add some templates, check your FreeMarker configuration, or set spring.freemarker.check-template-location=false)
2023-11-09 21:52:36.026 [main] WARN  o.s.core.LocalVariableTableParameterNameDiscoverer.inspectClass:123 - Using deprecated '-debug' fallback for parameter name resolution. Compile the affected code with '-parameters' instead or avoid its introspection: lab.base.util.aspect.LogAspect
2023-11-09 21:52:36.028 [main] WARN  o.s.core.LocalVariableTableParameterNameDiscoverer.inspectClass:123 - Using deprecated '-debug' fallback for parameter name resolution. Compile the affected code with '-parameters' instead or avoid its introspection: lab.base.util.aspect.LogAspect
2023-11-09 21:52:36.736 [main] WARN  io.undertow.websockets.jsr.handleDeployment:68 - UT026010: Buffer pool was not set on WebSocketDeploymentInfo, the default pool will be used
2023-11-09 21:52:44.702 [main] WARN  o.s.b.a.freemarker.FreeMarkerAutoConfiguration.checkTemplateLocationExists:67 - Cannot find template location(s): [classpath:/templates/] (please add some templates, check your FreeMarker configuration, or set spring.freemarker.check-template-location=false)
2023-11-09 21:55:50.436 [main] WARN  o.s.core.LocalVariableTableParameterNameDiscoverer.inspectClass:123 - Using deprecated '-debug' fallback for parameter name resolution. Compile the affected code with '-parameters' instead or avoid its introspection: lab.base.util.aspect.LogAspect
2023-11-09 21:55:50.437 [main] WARN  o.s.core.LocalVariableTableParameterNameDiscoverer.inspectClass:123 - Using deprecated '-debug' fallback for parameter name resolution. Compile the affected code with '-parameters' instead or avoid its introspection: lab.base.util.aspect.LogAspect
2023-11-09 21:55:51.180 [main] WARN  io.undertow.websockets.jsr.handleDeployment:68 - UT026010: Buffer pool was not set on WebSocketDeploymentInfo, the default pool will be used
2023-11-09 21:55:59.830 [main] WARN  o.s.b.a.freemarker.FreeMarkerAutoConfiguration.checkTemplateLocationExists:67 - Cannot find template location(s): [classpath:/templates/] (please add some templates, check your FreeMarker configuration, or set spring.freemarker.check-template-location=false)
2023-11-09 21:59:06.576 [main] WARN  o.s.core.LocalVariableTableParameterNameDiscoverer.inspectClass:123 - Using deprecated '-debug' fallback for parameter name resolution. Compile the affected code with '-parameters' instead or avoid its introspection: lab.base.util.aspect.LogAspect
2023-11-09 21:59:06.577 [main] WARN  o.s.core.LocalVariableTableParameterNameDiscoverer.inspectClass:123 - Using deprecated '-debug' fallback for parameter name resolution. Compile the affected code with '-parameters' instead or avoid its introspection: lab.base.util.aspect.LogAspect
2023-11-09 21:59:07.305 [main] WARN  io.undertow.websockets.jsr.handleDeployment:68 - UT026010: Buffer pool was not set on WebSocketDeploymentInfo, the default pool will be used
2023-11-09 21:59:16.217 [main] WARN  o.s.b.a.freemarker.FreeMarkerAutoConfiguration.checkTemplateLocationExists:67 - Cannot find template location(s): [classpath:/templates/] (please add some templates, check your FreeMarker configuration, or set spring.freemarker.check-template-location=false)
2023-11-09 22:03:02.585 [main] WARN  o.s.core.LocalVariableTableParameterNameDiscoverer.inspectClass:123 - Using deprecated '-debug' fallback for parameter name resolution. Compile the affected code with '-parameters' instead or avoid its introspection: lab.base.util.aspect.LogAspect
2023-11-09 22:03:02.586 [main] WARN  o.s.core.LocalVariableTableParameterNameDiscoverer.inspectClass:123 - Using deprecated '-debug' fallback for parameter name resolution. Compile the affected code with '-parameters' instead or avoid its introspection: lab.base.util.aspect.LogAspect
2023-11-09 22:03:03.752 [main] WARN  io.undertow.websockets.jsr.handleDeployment:68 - UT026010: Buffer pool was not set on WebSocketDeploymentInfo, the default pool will be used
2023-11-09 22:03:12.881 [main] WARN  o.s.b.a.freemarker.FreeMarkerAutoConfiguration.checkTemplateLocationExists:67 - Cannot find template location(s): [classpath:/templates/] (please add some templates, check your FreeMarker configuration, or set spring.freemarker.check-template-location=false)
2023-11-09 22:07:26.317 [main] WARN  o.s.core.LocalVariableTableParameterNameDiscoverer.inspectClass:123 - Using deprecated '-debug' fallback for parameter name resolution. Compile the affected code with '-parameters' instead or avoid its introspection: lab.base.util.aspect.LogAspect
2023-11-09 22:07:26.318 [main] WARN  o.s.core.LocalVariableTableParameterNameDiscoverer.inspectClass:123 - Using deprecated '-debug' fallback for parameter name resolution. Compile the affected code with '-parameters' instead or avoid its introspection: lab.base.util.aspect.LogAspect
2023-11-09 22:07:27.134 [main] WARN  io.undertow.websockets.jsr.handleDeployment:68 - UT026010: Buffer pool was not set on WebSocketDeploymentInfo, the default pool will be used
2023-11-09 22:07:35.986 [main] WARN  o.s.b.a.freemarker.FreeMarkerAutoConfiguration.checkTemplateLocationExists:67 - Cannot find template location(s): [classpath:/templates/] (please add some templates, check your FreeMarker configuration, or set spring.freemarker.check-template-location=false)
2023-11-09 22:08:24.614 [main] WARN  o.s.core.LocalVariableTableParameterNameDiscoverer.inspectClass:123 - Using deprecated '-debug' fallback for parameter name resolution. Compile the affected code with '-parameters' instead or avoid its introspection: lab.base.util.aspect.LogAspect
2023-11-09 22:08:24.616 [main] WARN  o.s.core.LocalVariableTableParameterNameDiscoverer.inspectClass:123 - Using deprecated '-debug' fallback for parameter name resolution. Compile the affected code with '-parameters' instead or avoid its introspection: lab.base.util.aspect.LogAspect
2023-11-09 22:08:25.291 [main] WARN  io.undertow.websockets.jsr.handleDeployment:68 - UT026010: Buffer pool was not set on WebSocketDeploymentInfo, the default pool will be used
2023-11-09 22:08:33.093 [main] WARN  o.s.b.a.freemarker.FreeMarkerAutoConfiguration.checkTemplateLocationExists:67 - Cannot find template location(s): [classpath:/templates/] (please add some templates, check your FreeMarker configuration, or set spring.freemarker.check-template-location=false)
2023-11-09 22:16:58.375 [main] WARN  o.s.core.LocalVariableTableParameterNameDiscoverer.inspectClass:123 - Using deprecated '-debug' fallback for parameter name resolution. Compile the affected code with '-parameters' instead or avoid its introspection: lab.base.util.aspect.LogAspect
2023-11-09 22:16:58.377 [main] WARN  o.s.core.LocalVariableTableParameterNameDiscoverer.inspectClass:123 - Using deprecated '-debug' fallback for parameter name resolution. Compile the affected code with '-parameters' instead or avoid its introspection: lab.base.util.aspect.LogAspect
2023-11-09 22:16:59.944 [main] WARN  io.undertow.websockets.jsr.handleDeployment:68 - UT026010: Buffer pool was not set on WebSocketDeploymentInfo, the default pool will be used
2023-11-09 22:17:08.819 [main] WARN  o.s.b.a.freemarker.FreeMarkerAutoConfiguration.checkTemplateLocationExists:67 - Cannot find template location(s): [classpath:/templates/] (please add some templates, check your FreeMarker configuration, or set spring.freemarker.check-template-location=false)
2023-11-09 22:24:51.341 [main] WARN  o.s.core.LocalVariableTableParameterNameDiscoverer.inspectClass:123 - Using deprecated '-debug' fallback for parameter name resolution. Compile the affected code with '-parameters' instead or avoid its introspection: lab.base.util.aspect.LogAspect
2023-11-09 22:24:51.342 [main] WARN  o.s.core.LocalVariableTableParameterNameDiscoverer.inspectClass:123 - Using deprecated '-debug' fallback for parameter name resolution. Compile the affected code with '-parameters' instead or avoid its introspection: lab.base.util.aspect.LogAspect
2023-11-09 22:24:52.100 [main] WARN  io.undertow.websockets.jsr.handleDeployment:68 - UT026010: Buffer pool was not set on WebSocketDeploymentInfo, the default pool will be used
2023-11-09 22:25:01.265 [main] WARN  o.s.b.a.freemarker.FreeMarkerAutoConfiguration.checkTemplateLocationExists:67 - Cannot find template location(s): [classpath:/templates/] (please add some templates, check your FreeMarker configuration, or set spring.freemarker.check-template-location=false)
2023-11-09 22:26:05.670 [main] WARN  o.s.core.LocalVariableTableParameterNameDiscoverer.inspectClass:123 - Using deprecated '-debug' fallback for parameter name resolution. Compile the affected code with '-parameters' instead or avoid its introspection: lab.base.util.aspect.LogAspect
2023-11-09 22:26:05.671 [main] WARN  o.s.core.LocalVariableTableParameterNameDiscoverer.inspectClass:123 - Using deprecated '-debug' fallback for parameter name resolution. Compile the affected code with '-parameters' instead or avoid its introspection: lab.base.util.aspect.LogAspect
2023-11-09 22:26:06.445 [main] WARN  io.undertow.websockets.jsr.handleDeployment:68 - UT026010: Buffer pool was not set on WebSocketDeploymentInfo, the default pool will be used
2023-11-09 22:26:14.393 [main] WARN  o.s.b.a.freemarker.FreeMarkerAutoConfiguration.checkTemplateLocationExists:67 - Cannot find template location(s): [classpath:/templates/] (please add some templates, check your FreeMarker configuration, or set spring.freemarker.check-template-location=false)
