2023-09-19 09:46:54.175 [main] WARN  o.s.core.LocalVariableTableParameterNameDiscoverer.inspectClass:123 - Using deprecated '-debug' fallback for parameter name resolution. Compile the affected code with '-parameters' instead or avoid its introspection: lab.base.util.aspect.LogAspect
2023-09-19 09:46:54.176 [main] WARN  o.s.core.LocalVariableTableParameterNameDiscoverer.inspectClass:123 - Using deprecated '-debug' fallback for parameter name resolution. Compile the affected code with '-parameters' instead or avoid its introspection: lab.base.util.aspect.LogAspect
2023-09-19 09:46:55.007 [main] WARN  io.undertow.websockets.jsr.handleDeployment:68 - UT026010: Buffer pool was not set on WebSocketDeploymentInfo, the default pool will be used
2023-09-19 09:46:58.497 [main] WARN  o.s.b.a.freemarker.FreeMarkerAutoConfiguration.checkTemplateLocationExists:67 - Cannot find template location(s): [classpath:/templates/] (please add some templates, check your FreeMarker configuration, or set spring.freemarker.check-template-location=false)
2023-09-19 09:47:23.359 [main] WARN  o.s.core.LocalVariableTableParameterNameDiscoverer.inspectClass:123 - Using deprecated '-debug' fallback for parameter name resolution. Compile the affected code with '-parameters' instead or avoid its introspection: lab.base.util.aspect.LogAspect
2023-09-19 09:47:23.360 [main] WARN  o.s.core.LocalVariableTableParameterNameDiscoverer.inspectClass:123 - Using deprecated '-debug' fallback for parameter name resolution. Compile the affected code with '-parameters' instead or avoid its introspection: lab.base.util.aspect.LogAspect
2023-09-19 09:47:24.117 [main] WARN  io.undertow.websockets.jsr.handleDeployment:68 - UT026010: Buffer pool was not set on WebSocketDeploymentInfo, the default pool will be used
2023-09-19 09:47:27.060 [main] WARN  o.s.b.a.freemarker.FreeMarkerAutoConfiguration.checkTemplateLocationExists:67 - Cannot find template location(s): [classpath:/templates/] (please add some templates, check your FreeMarker configuration, or set spring.freemarker.check-template-location=false)
2023-09-19 09:47:48.872 [XNIO-1 task-6] WARN  o.s.core.LocalVariableTableParameterNameDiscoverer.inspectClass:123 - Using deprecated '-debug' fallback for parameter name resolution. Compile the affected code with '-parameters' instead or avoid its introspection: lab.controller.userController
2023-09-19 09:47:49.124 [XNIO-1 task-6] WARN  o.s.core.LocalVariableTableParameterNameDiscoverer.inspectClass:123 - Using deprecated '-debug' fallback for parameter name resolution. Compile the affected code with '-parameters' instead or avoid its introspection: lab.controller.sqlController
2023-09-19 09:47:49.222 [XNIO-1 task-6] WARN  o.s.core.LocalVariableTableParameterNameDiscoverer.inspectClass:123 - Using deprecated '-debug' fallback for parameter name resolution. Compile the affected code with '-parameters' instead or avoid its introspection: lab.controller.roleController
2023-09-19 09:47:49.278 [XNIO-1 task-6] WARN  o.s.core.LocalVariableTableParameterNameDiscoverer.inspectClass:123 - Using deprecated '-debug' fallback for parameter name resolution. Compile the affected code with '-parameters' instead or avoid its introspection: lab.controller.menuController
2023-09-19 09:47:49.320 [XNIO-1 task-6] WARN  o.s.core.LocalVariableTableParameterNameDiscoverer.inspectClass:123 - Using deprecated '-debug' fallback for parameter name resolution. Compile the affected code with '-parameters' instead or avoid its introspection: lab.controller.LoginController
2023-09-19 10:40:19.123 [main] WARN  o.s.core.LocalVariableTableParameterNameDiscoverer.inspectClass:123 - Using deprecated '-debug' fallback for parameter name resolution. Compile the affected code with '-parameters' instead or avoid its introspection: lab.base.util.aspect.LogAspect
2023-09-19 10:40:19.124 [main] WARN  o.s.core.LocalVariableTableParameterNameDiscoverer.inspectClass:123 - Using deprecated '-debug' fallback for parameter name resolution. Compile the affected code with '-parameters' instead or avoid its introspection: lab.base.util.aspect.LogAspect
2023-09-19 10:40:19.830 [main] WARN  io.undertow.websockets.jsr.handleDeployment:68 - UT026010: Buffer pool was not set on WebSocketDeploymentInfo, the default pool will be used
2023-09-19 10:40:22.644 [main] WARN  o.s.b.a.freemarker.FreeMarkerAutoConfiguration.checkTemplateLocationExists:67 - Cannot find template location(s): [classpath:/templates/] (please add some templates, check your FreeMarker configuration, or set spring.freemarker.check-template-location=false)
2023-09-19 10:43:47.521 [XNIO-1 task-6] WARN  o.s.core.LocalVariableTableParameterNameDiscoverer.inspectClass:123 - Using deprecated '-debug' fallback for parameter name resolution. Compile the affected code with '-parameters' instead or avoid its introspection: lab.controller.userController
2023-09-19 10:43:47.768 [XNIO-1 task-6] WARN  o.s.core.LocalVariableTableParameterNameDiscoverer.inspectClass:123 - Using deprecated '-debug' fallback for parameter name resolution. Compile the affected code with '-parameters' instead or avoid its introspection: lab.controller.sqlController
2023-09-19 10:43:47.855 [XNIO-1 task-6] WARN  o.s.core.LocalVariableTableParameterNameDiscoverer.inspectClass:123 - Using deprecated '-debug' fallback for parameter name resolution. Compile the affected code with '-parameters' instead or avoid its introspection: lab.controller.roleController
2023-09-19 10:43:47.909 [XNIO-1 task-6] WARN  o.s.core.LocalVariableTableParameterNameDiscoverer.inspectClass:123 - Using deprecated '-debug' fallback for parameter name resolution. Compile the affected code with '-parameters' instead or avoid its introspection: lab.controller.menuController
2023-09-19 10:43:47.947 [XNIO-1 task-6] WARN  o.s.core.LocalVariableTableParameterNameDiscoverer.inspectClass:123 - Using deprecated '-debug' fallback for parameter name resolution. Compile the affected code with '-parameters' instead or avoid its introspection: lab.controller.LoginController
2023-09-19 11:06:29.526 [XNIO-1 task-6] WARN  o.s.w.s.mvc.support.DefaultHandlerExceptionResolver.logException:207 - Resolved [org.springframework.http.converter.HttpMessageNotReadableException: JSON parse error: Unexpected character ('{' (code 123)): was expecting comma to separate Array entries]
