2023-10-08 00:10:01.030 [main] WARN  o.s.core.LocalVariableTableParameterNameDiscoverer.inspectClass:123 - Using deprecated '-debug' fallback for parameter name resolution. Compile the affected code with '-parameters' instead or avoid its introspection: lab.base.util.aspect.LogAspect
2023-10-08 00:10:01.033 [main] WARN  o.s.core.LocalVariableTableParameterNameDiscoverer.inspectClass:123 - Using deprecated '-debug' fallback for parameter name resolution. Compile the affected code with '-parameters' instead or avoid its introspection: lab.base.util.aspect.LogAspect
2023-10-08 00:10:03.067 [main] WARN  io.undertow.websockets.jsr.handleDeployment:68 - UT026010: Buffer pool was not set on WebSocketDeploymentInfo, the default pool will be used
2023-10-08 00:10:10.161 [main] WARN  o.s.b.a.freemarker.FreeMarkerAutoConfiguration.checkTemplateLocationExists:67 - Cannot find template location(s): [classpath:/templates/] (please add some templates, check your FreeMarker configuration, or set spring.freemarker.check-template-location=false)
2023-10-08 12:48:30.037 [main] WARN  o.s.core.LocalVariableTableParameterNameDiscoverer.inspectClass:123 - Using deprecated '-debug' fallback for parameter name resolution. Compile the affected code with '-parameters' instead or avoid its introspection: lab.base.util.aspect.LogAspect
2023-10-08 12:48:30.038 [main] WARN  o.s.core.LocalVariableTableParameterNameDiscoverer.inspectClass:123 - Using deprecated '-debug' fallback for parameter name resolution. Compile the affected code with '-parameters' instead or avoid its introspection: lab.base.util.aspect.LogAspect
2023-10-08 12:48:31.052 [main] WARN  io.undertow.websockets.jsr.handleDeployment:68 - UT026010: Buffer pool was not set on WebSocketDeploymentInfo, the default pool will be used
2023-10-08 12:48:35.130 [main] WARN  o.s.b.a.freemarker.FreeMarkerAutoConfiguration.checkTemplateLocationExists:67 - Cannot find template location(s): [classpath:/templates/] (please add some templates, check your FreeMarker configuration, or set spring.freemarker.check-template-location=false)
2023-10-08 12:54:20.805 [main] WARN  o.s.core.LocalVariableTableParameterNameDiscoverer.inspectClass:123 - Using deprecated '-debug' fallback for parameter name resolution. Compile the affected code with '-parameters' instead or avoid its introspection: lab.base.util.aspect.LogAspect
2023-10-08 12:54:20.807 [main] WARN  o.s.core.LocalVariableTableParameterNameDiscoverer.inspectClass:123 - Using deprecated '-debug' fallback for parameter name resolution. Compile the affected code with '-parameters' instead or avoid its introspection: lab.base.util.aspect.LogAspect
2023-10-08 12:54:21.718 [main] WARN  io.undertow.websockets.jsr.handleDeployment:68 - UT026010: Buffer pool was not set on WebSocketDeploymentInfo, the default pool will be used
2023-10-08 12:54:25.623 [main] WARN  o.s.b.a.freemarker.FreeMarkerAutoConfiguration.checkTemplateLocationExists:67 - Cannot find template location(s): [classpath:/templates/] (please add some templates, check your FreeMarker configuration, or set spring.freemarker.check-template-location=false)
2023-10-08 12:59:29.358 [main] WARN  o.s.core.LocalVariableTableParameterNameDiscoverer.inspectClass:123 - Using deprecated '-debug' fallback for parameter name resolution. Compile the affected code with '-parameters' instead or avoid its introspection: lab.base.util.aspect.LogAspect
2023-10-08 12:59:29.361 [main] WARN  o.s.core.LocalVariableTableParameterNameDiscoverer.inspectClass:123 - Using deprecated '-debug' fallback for parameter name resolution. Compile the affected code with '-parameters' instead or avoid its introspection: lab.base.util.aspect.LogAspect
2023-10-08 12:59:30.608 [main] WARN  io.undertow.websockets.jsr.handleDeployment:68 - UT026010: Buffer pool was not set on WebSocketDeploymentInfo, the default pool will be used
2023-10-08 12:59:36.427 [main] WARN  o.s.b.a.freemarker.FreeMarkerAutoConfiguration.checkTemplateLocationExists:67 - Cannot find template location(s): [classpath:/templates/] (please add some templates, check your FreeMarker configuration, or set spring.freemarker.check-template-location=false)
2023-10-08 13:00:02.060 [XNIO-1 task-4] WARN  o.s.core.LocalVariableTableParameterNameDiscoverer.inspectClass:123 - Using deprecated '-debug' fallback for parameter name resolution. Compile the affected code with '-parameters' instead or avoid its introspection: lab.controller.userController
2023-10-08 13:00:02.335 [XNIO-1 task-4] WARN  o.s.core.LocalVariableTableParameterNameDiscoverer.inspectClass:123 - Using deprecated '-debug' fallback for parameter name resolution. Compile the affected code with '-parameters' instead or avoid its introspection: lab.controller.sqlController
2023-10-08 13:00:02.505 [XNIO-1 task-4] WARN  o.s.core.LocalVariableTableParameterNameDiscoverer.inspectClass:123 - Using deprecated '-debug' fallback for parameter name resolution. Compile the affected code with '-parameters' instead or avoid its introspection: lab.controller.roleController
2023-10-08 13:00:02.584 [XNIO-1 task-4] WARN  o.s.core.LocalVariableTableParameterNameDiscoverer.inspectClass:123 - Using deprecated '-debug' fallback for parameter name resolution. Compile the affected code with '-parameters' instead or avoid its introspection: lab.controller.menuController
2023-10-08 13:00:02.624 [XNIO-1 task-4] WARN  o.s.core.LocalVariableTableParameterNameDiscoverer.inspectClass:123 - Using deprecated '-debug' fallback for parameter name resolution. Compile the affected code with '-parameters' instead or avoid its introspection: lab.controller.LoginController
